<?xml version="1.0" encoding="UTF-8"?>
<testsuite xmlns:xsi="http://www.w3.org/2001/XMLSchema-instance" xsi:noNamespaceSchemaLocation="https://maven.apache.org/surefire/maven-surefire-plugin/xsd/surefire-test-report.xsd" version="3.0.2" name="db.biometry.biometry.BiometryApplicationTests" time="15.18" tests="1" errors="0" skipped="0" failures="0">
  <properties>
[...]
</properties>
  <testcase name="contextLoads" classname="db.biometry.biometry.BiometryApplicationTests" time="0.593">
    <system-out><![CDATA[15:19:46.877 [main] INFO org.springframework.test.context.support.AnnotationConfigContextLoaderUtils -- Could not detect default configuration classes for test class [db.biometry.biometry.BiometryApplicationTests]: BiometryApplicationTests does not declare any static, non-private, non-final, nested classes annotated with @Configuration.
15:19:46.980 [main] INFO org.springframework.boot.test.context.SpringBootTestContextBootstrapper -- Found @SpringBootConfiguration db.biometry.biometry.BiometryApplication for test class db.biometry.biometry.BiometryApplicationTests
2025-11-26 15:19:47 - Found key 'spring.application.name' in PropertySource 'configurationProperties' with value of type String
2025-11-26 15:19:47 - Loading source class org.springframework.cloud.bootstrap.BootstrapImportSelectorConfiguration
2025-11-26 15:19:47 - Refreshing org.springframework.context.annotation.AnnotationConfigApplicationContext@77ee25f1
2025-11-26 15:19:47 - Creating shared instance of singleton bean 'org.springframework.context.annotation.internalConfigurationAnnotationProcessor'
2025-11-26 15:19:47 - Creating shared instance of singleton bean 'org.springframework.boot.autoconfigure.internalCachingMetadataReaderFactory'
2025-11-26 15:19:47 - Creating shared instance of singleton bean 'propertySourcesPlaceholderConfigurer'
2025-11-26 15:19:47 - Creating shared instance of singleton bean 'org.springframework.context.event.internalEventListenerProcessor'
2025-11-26 15:19:47 - Creating shared instance of singleton bean 'org.springframework.context.event.internalEventListenerFactory'
2025-11-26 15:19:47 - Creating shared instance of singleton bean 'org.springframework.context.annotation.internalAutowiredAnnotationProcessor'
2025-11-26 15:19:47 - Creating shared instance of singleton bean 'org.springframework.context.annotation.internalCommonAnnotationProcessor'
2025-11-26 15:19:47 - Creating shared instance of singleton bean 'org.springframework.context.annotation.internalPersistenceAnnotationProcessor'
2025-11-26 15:19:47 - Creating shared instance of singleton bean 'org.springframework.boot.context.properties.ConfigurationPropertiesBindingPostProcessor'
2025-11-26 15:19:47 - Creating shared instance of singleton bean 'org.springframework.boot.context.internalConfigurationPropertiesBinder'
2025-11-26 15:19:47 - Creating shared instance of singleton bean 'configurationPropertiesBeans'
2025-11-26 15:19:47 - Creating shared instance of singleton bean 'bootstrapImportSelectorConfiguration'
2025-11-26 15:19:47 - Creating shared instance of singleton bean 'org.springframework.cloud.bootstrap.config.PropertySourceBootstrapConfiguration'
2025-11-26 15:19:47 - Creating shared instance of singleton bean 'configServicePropertySource'
2025-11-26 15:19:47 - Creating shared instance of singleton bean 'org.springframework.cloud.config.client.ConfigServiceBootstrapConfiguration'
2025-11-26 15:19:47 - Creating shared instance of singleton bean 'configClientProperties'
2025-11-26 15:19:47 - Found key 'spring.application.name' in PropertySource 'configurationProperties' with value of type String
2025-11-26 15:19:47 - Found key 'spring.application.name' in PropertySource 'environmentProperties' with value of type String
2025-11-26 15:19:47 - Creating shared instance of singleton bean 'org.springframework.boot.context.properties.BoundConfigurationProperties'
2025-11-26 15:19:47 - Autowiring by type from bean name 'configServicePropertySource' via factory method to bean named 'configClientProperties'
2025-11-26 15:19:47 - Creating shared instance of singleton bean 'spring.cloud.config-org.springframework.cloud.bootstrap.config.PropertySourceBootstrapProperties'
2025-11-26 15:19:47 - Creating shared instance of singleton bean 'org.springframework.boot.context.properties.EnableConfigurationPropertiesRegistrar.methodValidationExcludeFilter'
2025-11-26 15:19:47 - Creating shared instance of singleton bean 'org.springframework.cloud.bootstrap.encrypt.EncryptionBootstrapConfiguration'
2025-11-26 15:19:47 - Creating shared instance of singleton bean 'keyProperties'
2025-11-26 15:19:47 - Creating shared instance of singleton bean 'environmentDecryptApplicationListener'
2025-11-26 15:19:47 - Autowiring by type from bean name 'environmentDecryptApplicationListener' via factory method to bean named 'org.springframework.context.annotation.AnnotationConfigApplicationContext@77ee25f1'
2025-11-26 15:19:47 - Autowiring by type from bean name 'environmentDecryptApplicationListener' via factory method to bean named 'keyProperties'
2025-11-26 15:19:47 - Creating shared instance of singleton bean 'org.springframework.cloud.autoconfigure.ConfigurationPropertiesRebinderAutoConfiguration'
2025-11-26 15:19:47 - Creating shared instance of singleton bean 'configurationPropertiesRebinder'
2025-11-26 15:19:47 - Autowiring by type from bean name 'configurationPropertiesRebinder' via factory method to bean named 'configurationPropertiesBeans'
2025-11-26 15:19:47 - Creating shared instance of singleton bean 'org.springframework.boot.autoconfigure.context.PropertyPlaceholderAutoConfiguration'
2025-11-26 15:19:47 - Starting beans in phase -2147483647
2025-11-26 15:19:47 - Successfully started bean 'springBootLoggingLifecycle'
2025-11-26 15:19:47 - 


============================
CONDITIONS EVALUATION REPORT
============================


Positive matches:
-----------------

   ConfigServiceBootstrapConfiguration#configClientProperties matched:
      - @ConditionalOnMissingBean (types: org.springframework.cloud.config.client.ConfigClientProperties; SearchStrategy: all) did not find any beans (OnBeanCondition)

   ConfigServiceBootstrapConfiguration#configServicePropertySource matched:
      - @ConditionalOnProperty (spring.cloud.config.enabled) matched (OnPropertyCondition)
      - @ConditionalOnMissingBean (types: org.springframework.cloud.config.client.ConfigServicePropertySourceLocator; SearchStrategy: all) did not find any beans (OnBeanCondition)

   ConfigurationPropertiesRebinderAutoConfiguration matched:
      - @ConditionalOnBean (types: org.springframework.boot.context.properties.ConfigurationPropertiesBindingPostProcessor; SearchStrategy: all) found bean 'org.springframework.boot.context.properties.ConfigurationPropertiesBindingPostProcessor' (OnBeanCondition)

   ConfigurationPropertiesRebinderAutoConfiguration#configurationPropertiesBeans matched:
      - @ConditionalOnMissingBean (types: org.springframework.cloud.context.properties.ConfigurationPropertiesBeans; SearchStrategy: current) did not find any beans (OnBeanCondition)

   ConfigurationPropertiesRebinderAutoConfiguration#configurationPropertiesRebinder matched:
      - @ConditionalOnMissingBean (types: org.springframework.cloud.context.properties.ConfigurationPropertiesRebinder; SearchStrategy: current) did not find any beans (OnBeanCondition)

   EncryptionBootstrapConfiguration matched:
      - @ConditionalOnClass found required class 'org.springframework.security.crypto.encrypt.TextEncryptor' (OnClassCondition)

   EncryptionBootstrapConfiguration#keyProperties matched:
      - @ConditionalOnMissingBean (types: org.springframework.cloud.bootstrap.encrypt.KeyProperties; SearchStrategy: all) did not find any beans (OnBeanCondition)

   PropertyPlaceholderAutoConfiguration#propertySourcesPlaceholderConfigurer matched:
      - @ConditionalOnMissingBean (types: org.springframework.context.support.PropertySourcesPlaceholderConfigurer; SearchStrategy: current) did not find any beans (OnBeanCondition)


Negative matches:
-----------------

   ConfigServiceBootstrapConfiguration.RetryConfiguration:
      Did not match:
         - @ConditionalOnClass did not find required class 'org.springframework.retry.annotation.Retryable' (OnClassCondition)

   DiscoveryClientConfigServiceBootstrapConfiguration:
      Did not match:
         - @ConditionalOnProperty (spring.cloud.config.discovery.enabled) did not find property 'spring.cloud.config.discovery.enabled' (OnPropertyCondition)

   EncryptionBootstrapConfiguration.RsaEncryptionConfiguration:
      Did not match:
         - Keystore nor key found in Environment (EncryptionBootstrapConfiguration.KeyCondition)
      Matched:
         - @ConditionalOnClass found required classes 'org.springframework.security.crypto.encrypt.RsaSecretEncryptor', 'org.bouncycastle.asn1.ASN1Sequence' (OnClassCondition)

   EncryptionBootstrapConfiguration.VanillaEncryptionConfiguration:
      Did not match:
         - @ConditionalOnMissingClass found unwanted class 'org.bouncycastle.asn1.ASN1Sequence' (OnClassCondition)

   EurekaConfigServerBootstrapConfiguration:
      Did not match:
         - AllNestedConditions 1 matched 1 did not; NestedCondition on EurekaConfigServerBootstrapConfiguration.EurekaConfigServerBootstrapCondition.OnEurekaClient @ConditionalOnProperty (eureka.client.enabled) matched; NestedCondition on EurekaConfigServerBootstrapConfiguration.EurekaConfigServerBootstrapCondition.OnCloudConfigProperty @ConditionalOnProperty (spring.cloud.config.discovery.enabled) did not find property 'spring.cloud.config.discovery.enabled' (EurekaConfigServerBootstrapConfiguration.EurekaConfigServerBootstrapCondition)
      Matched:
         - @ConditionalOnClass found required class 'org.springframework.cloud.config.client.ConfigServicePropertySourceLocator' (OnClassCondition)

   EurekaConfigServerBootstrapConfiguration.WebClientConfiguration:
      Did not match:
         - @ConditionalOnClass did not find required class 'org.springframework.web.reactive.function.client.WebClient' (OnClassCondition)
         - Ancestor org.springframework.cloud.netflix.eureka.config.EurekaConfigServerBootstrapConfiguration did not match (ConditionEvaluationReport.AncestorsMatchedCondition)


Exclusions:
-----------

    None


Unconditional classes:
----------------------

    None



2025-11-26 15:19:48 - Activating profiles []

  .   ____          _            __ _ _
 /\\ / ___'_ __ _ _(_)_ __  __ _ \ \ \ \
( ( )\___ | '_ | '_| | '_ \/ _` | \ \ \ \
 \\/  ___)| |_)| | | | | || (_| |  ) ) ) )
  '  |____| .__|_| |_|_| |_\__, | / / / /
 =========|_|==============|___/=/_/_/_/

 :: Spring Boot ::                (v3.4.4)

2025-11-26 15:19:48 - Fetching config from server at : http://localhost:9101
2025-11-26 15:19:48 - HTTP GET http://localhost:9101/service-biometrie/default
2025-11-26 15:19:48 - Accept=[application/json, application/yaml, application/*+json]
2025-11-26 15:19:48 - Exception on Url - http://localhost:9101:org.springframework.web.client.ResourceAccessException: I/O error on GET request for "http://localhost:9101/service-biometrie/default": Connection refused: no further information. Will be trying the next url if available
2025-11-26 15:19:48 - Could not locate PropertySource: I/O error on GET request for "http://localhost:9101/service-biometrie/default": Connection refused: no further information
2025-11-26 15:19:48 - No active profile set, falling back to 1 default profile: "default"
2025-11-26 15:19:48 - Loading source class db.biometry.biometry.BiometryApplication,class org.springframework.cloud.bootstrap.BootstrapApplicationListener$BootstrapMarkerConfiguration
2025-11-26 15:19:48 - Refreshing org.springframework.web.context.support.GenericWebApplicationContext@288214b1
2025-11-26 15:19:48 - Creating shared instance of singleton bean 'org.springframework.context.annotation.internalConfigurationAnnotationProcessor'
2025-11-26 15:19:48 - Creating shared instance of singleton bean 'org.springframework.boot.autoconfigure.internalCachingMetadataReaderFactory'
2025-11-26 15:19:48 - Identified candidate component class: file [E:\zenithe\ERP_Projet_Esphere\ESPHERE-ASS\biometrie\biometry\biometry\target\classes\db\biometry\biometry\exceptions\GlobalExceptionHandler.class]
2025-11-26 15:19:48 - Identified candidate component class: file [E:\zenithe\ERP_Projet_Esphere\ESPHERE-ASS\biometrie\biometry\biometry\target\classes\db\biometry\biometry\mapper\MapperDtoImpl.class]
2025-11-26 15:19:48 - Ignored because not a concrete top-level class: file [E:\zenithe\ERP_Projet_Esphere\ESPHERE-ASS\biometrie\biometry\biometry\target\classes\db\biometry\biometry\repository\ConsultationRepository.class]
2025-11-26 15:19:48 - Ignored because not a concrete top-level class: file [E:\zenithe\ERP_Projet_Esphere\ESPHERE-ASS\biometrie\biometry\biometry\target\classes\db\biometry\biometry\repository\EmployeRepository.class]
2025-11-26 15:19:48 - Ignored because not a concrete top-level class: file [E:\zenithe\ERP_Projet_Esphere\ESPHERE-ASS\biometrie\biometry\biometry\target\classes\db\biometry\biometry\repository\LignePrestationRepository.class]
2025-11-26 15:19:48 - Ignored because not a concrete top-level class: file [E:\zenithe\ERP_Projet_Esphere\ESPHERE-ASS\biometrie\biometry\biometry\target\classes\db\biometry\biometry\repository\UtilisateurRepository.class]
2025-11-26 15:19:48 - Identified candidate component class: file [E:\zenithe\ERP_Projet_Esphere\ESPHERE-ASS\biometrie\biometry\biometry\target\classes\db\biometry\biometry\SecurityConfig.class]
2025-11-26 15:19:48 - Identified candidate component class: file [E:\zenithe\ERP_Projet_Esphere\ESPHERE-ASS\biometrie\biometry\biometry\target\classes\db\biometry\biometry\services\ConsultationService.class]
2025-11-26 15:19:48 - Identified candidate component class: file [E:\zenithe\ERP_Projet_Esphere\ESPHERE-ASS\biometrie\biometry\biometry\target\classes\db\biometry\biometry\services\DashboardService.class]
2025-11-26 15:19:48 - Identified candidate component class: file [E:\zenithe\ERP_Projet_Esphere\ESPHERE-ASS\biometrie\biometry\biometry\target\classes\db\biometry\biometry\services\JwtAuthenticationService.class]
2025-11-26 15:19:48 - Identified candidate component class: file [E:\zenithe\ERP_Projet_Esphere\ESPHERE-ASS\biometrie\biometry\biometry\target\classes\db\biometry\biometry\services\LignePrestationService.class]
2025-11-26 15:19:48 - Identified candidate component class: file [E:\zenithe\ERP_Projet_Esphere\ESPHERE-ASS\biometrie\biometry\biometry\target\classes\db\biometry\biometry\services\UtilisateurServiceImpl.class]
2025-11-26 15:19:48 - Identified candidate component class: file [E:\zenithe\ERP_Projet_Esphere\ESPHERE-ASS\biometrie\biometry\biometry\target\classes\db\biometry\biometry\token\JwtAuthenticationEntryPoint.class]
2025-11-26 15:19:48 - Identified candidate component class: file [E:\zenithe\ERP_Projet_Esphere\ESPHERE-ASS\biometrie\biometry\biometry\target\classes\db\biometry\biometry\token\JwtAuthenticationFilter.class]
2025-11-26 15:19:48 - Identified candidate component class: file [E:\zenithe\ERP_Projet_Esphere\ESPHERE-ASS\biometrie\biometry\biometry\target\classes\db\biometry\biometry\utils\JwtUtil.class]
2025-11-26 15:19:48 - Identified candidate component class: file [E:\zenithe\ERP_Projet_Esphere\ESPHERE-ASS\biometrie\biometry\biometry\target\classes\db\biometry\biometry\web\ConsultationRestController.class]
2025-11-26 15:19:48 - Identified candidate component class: file [E:\zenithe\ERP_Projet_Esphere\ESPHERE-ASS\biometrie\biometry\biometry\target\classes\db\biometry\biometry\web\DashboardRestController.class]
2025-11-26 15:19:48 - Identified candidate component class: file [E:\zenithe\ERP_Projet_Esphere\ESPHERE-ASS\biometrie\biometry\biometry\target\classes\db\biometry\biometry\web\PrestationRestController.class]
2025-11-26 15:19:48 - Identified candidate component class: file [E:\zenithe\ERP_Projet_Esphere\ESPHERE-ASS\biometrie\biometry\biometry\target\classes\db\biometry\biometry\web\UtilisateurRestController.class]
2025-11-26 15:19:48 - Identified candidate component class: file [E:\zenithe\ERP_Projet_Esphere\ESPHERE-ASS\biometrie\biometry\biometry\target\classes\db\biometry\biometry\ZenBioProperties.class]
2025-11-26 15:19:49 - Bootstrapping Spring Data JPA repositories in DEFAULT mode.
2025-11-26 15:19:49 - Creating shared instance of singleton bean 'org.springframework.boot.autoconfigure.AutoConfigurationPackages'
2025-11-26 15:19:49 - @EnableAutoConfiguration was declared on a class in the package 'db.biometry.biometry'. Automatic @Repository and @Entity scanning is enabled.
2025-11-26 15:19:49 - Scanning for JPA repositories in packages db.biometry.biometry.
2025-11-26 15:19:49 - Identified candidate component class: file [E:\zenithe\ERP_Projet_Esphere\ESPHERE-ASS\biometrie\biometry\biometry\target\classes\db\biometry\biometry\repository\ConsultationRepository.class]
2025-11-26 15:19:49 - Identified candidate component class: file [E:\zenithe\ERP_Projet_Esphere\ESPHERE-ASS\biometrie\biometry\biometry\target\classes\db\biometry\biometry\repository\EmployeRepository.class]
2025-11-26 15:19:49 - Identified candidate component class: file [E:\zenithe\ERP_Projet_Esphere\ESPHERE-ASS\biometrie\biometry\biometry\target\classes\db\biometry\biometry\repository\LignePrestationRepository.class]
2025-11-26 15:19:49 - Identified candidate component class: file [E:\zenithe\ERP_Projet_Esphere\ESPHERE-ASS\biometrie\biometry\biometry\target\classes\db\biometry\biometry\repository\UtilisateurRepository.class]
2025-11-26 15:19:49 - Identified candidate component class: file [E:\zenithe\ERP_Projet_Esphere\ESPHERE-ASS\biometrie\biometry\biometry\target\classes\db\biometry\biometry\mapper\MapperDtoImpl.class]
2025-11-26 15:19:49 - Identified candidate component class: file [E:\zenithe\ERP_Projet_Esphere\ESPHERE-ASS\biometrie\biometry\biometry\target\classes\db\biometry\biometry\services\UtilisateurServiceImpl.class]
2025-11-26 15:19:49 - Finished Spring Data repository scanning in 150 ms. Found 4 JPA repository interfaces.
2025-11-26 15:19:49 - Creating shared instance of singleton bean 'refreshScope'
2025-11-26 15:19:49 - Creating shared instance of singleton bean 'springSecurityHandlerMappingIntrospectorBeanDefinitionRegistryPostProcessor'
2025-11-26 15:19:49 - Creating shared instance of singleton bean 'org.springframework.cloud.autoconfigure.RefreshAutoConfiguration$RefreshScopeBeanDefinitionEnhancer'
2025-11-26 15:19:50 - Generating bean factory id from names: [_prePostMethodSecurityConfiguration, _relProvider, _securedMethodSecurityConfiguration, additionalModelsConverter, alpsController, alpsConverter, alpsJsonHttpMessageConverter, annotatedEventHandlerInvoker, annotationRelProvider, applicationAvailability, applicationJsonHalConfiguration, applicationTaskExecutor, associationLinks, auditableBeanWrapperFactory, authenticationEventPublisher, authenticationManagerBuilder, authenticationManagerPostProcessor, authorizationProxyFactory, authorizeReturnObjectAdvisor, authorizeReturnObjectHintsRegistrar, authorizeReturnObjectMethodInterceptor, backendIdConverterRegistry, backendIdHandlerMethodArgumentResolver, baseUri, basicErrorController, beanNameHandlerMapping, beanNameViewResolver, biometryApplication, blockingLoadBalancerClient, bootstrapApplicationListener.BootstrapMarkerConfiguration, braveCurrentTraceContext, bravePropagator, braveSampler, braveSpanCustomizer, braveTracer, braveTracerBridge, braveTracing, caffeineWarnLogger, characterEncodingFilter, classLoaderMetrics, clientConfigServerHealthIndicator, clientHttpRequestFactoryBuilder, clientHttpRequestFactorySettings, collectionModelContentConverter, compositeCompatibilityVerifier, compositeDiscoveryClient, compositeSpanHandler, configClientHealthProperties, configurationPropertiesBeans, configurationPropertiesRebinder, consultationRepository, consultationRestController, consultationService, controllerEndpointDiscoverer, controllerEndpointHandlerMapping, controllerExposeExcludePropertyEndpointFilter, conventionErrorViewResolver, conversionServicePostProcessor, correlationFieldsCorrelationScopeCustomizer, correlationScopeDecorator, corsConfigurationSource, currentSpanCustomizer, dashboardRestController, dashboardService, data-jpa.repository-aot-processor#0, dataRestOperationBuilder, dataRestRequestBuilder, dataRestResponseBuilder, dataRestRouterOperationBuilder, dataRestTagsBuilder, dataSource, dataSourcePoolMetadataMeterBinder, dataSourceScriptDatabaseInitializer, dbHealthContributor, default.org.springframework.cloud.loadbalancer.config.BlockingLoadBalancerClientAutoConfiguration.LoadBalancerClientSpecification, default.org.springframework.cloud.loadbalancer.config.LoadBalancerAutoConfiguration.LoadBalancerClientSpecification, default.org.springframework.cloud.netflix.eureka.loadbalancer.LoadBalancerEurekaAutoConfiguration.LoadBalancerClientSpecification, defaultConversionService, defaultEurekaClientHttpRequestFactorySupplier, defaultLoadBalancerCacheManager, defaultMessageConverters, defaultRelProvider, defaultServletHandlerMapping, defaultTracingObservationHandler, defaultValidator, defaultViewResolver, defaultsBindHandlerAdvisor, deferringLoadBalancerInterceptor, delegatingApplicationListener, delegatingEntityLinks, delegatingMethodParameterCustomizer, discoveryClient, discoveryClientHealthIndicator, discoveryCompositeHealthContributor, diskSpaceHealthIndicator, diskSpaceMetrics, dispatcherServlet, dispatcherServletRegistration, eTagArgumentResolver, eagerTaskExecutorMetrics, emBeanDefinitionRegistrarPostProcessor, employeRepository, enableGlobalAuthenticationAutowiredConfigurer, encoding, endpointCachingOperationInvokerAdvisor, endpointMediaTypes, endpointObjectMapper, endpointObjectMapperWebMvcConfigurer, endpointOperationParameterMapper, entityLinks, entityLinksPluginRegistry, entityManagerFactory, entityManagerFactoryBuilder, enumTranslator, environmentManager, error, errorAttributes, errorPageCustomizer, errorPageRegistrarBeanPostProcessor, eureka.client.rest-template-timeout-org.springframework.cloud.netflix.eureka.RestTemplateTimeoutProperties, eureka.client.restclient.timeout-org.springframework.cloud.netflix.eureka.RestClientTimeoutProperties, eurekaApplicationInfoManager, eurekaAutoServiceRegistration, eurekaClient, eurekaClientConfigBean, eurekaFeature, eurekaHealthIndicator, eurekaInstanceConfigBean, eurekaLoadBalancerProperties, eurekaRegistration, eurekaServiceRegistry, excerptProjector, fileDescriptorMetrics, fileSupportConverter, fileWatcher, filterChainDecoratorPostProcessor, flashMapManager, formContentFilter, genericReturnTypeParser, globalExceptionHandler, gson, gsonBuilder, halFormsJacksonHttpMessageConverter, halFormsLinkDiscoverer, halFormsTemplateBuilder, halFormsTemplatePropertyWriter, halJacksonHttpMessageConverter, halLinkDisocoverer, halProvider, handlerExceptionResolver, handlerFunctionAdapter, healthContributorRegistry, healthEndpoint, healthEndpointGroupMembershipValidator, healthEndpointGroups, healthEndpointGroupsBeanPostProcessor, healthEndpointWebExtension, healthEndpointWebMvcHandlerMapping, healthHttpCodeStatusMapper, healthStatusAggregator, hikariDataSourceMeterBinder, hikariPoolDataSourceMetadataProvider, httpHeadersPreparer, httpMessageConvertersRestClientCustomizer, httpRequestHandlerAdapter, hypermediaRepresentionModelProcessorConfigurator, hypermediaRestTemplateBeanPostProcessor, hypermediaRestTemplateConfigurer, hypermediaWebMvcConfigurer, hypermediaWebMvcConverters, inMemoryUserDetailsManager, indexPageTransformer, inetUtils, inetUtilsProperties, initializeAuthenticationProviderBeanManagerConfigurer, initializeUserDetailsBeanManagerConfigurer, jacksonGeoModule, jacksonHttpMessageConverter, jacksonObjectMapper, jacksonObjectMapperBuilder, jdbcClient, jdbcConnectionDetails, jdbcConnectionDetailsHikariBeanPostProcessor, jdbcTemplate, jpa.ConsultationRepository.fragments#0, jpa.EmployeRepository.fragments#0, jpa.LignePrestationRepository.fragments#0, jpa.UtilisateurRepository.fragments#0, jpa.named-queries#0, jpa.named-queries#1, jpa.named-queries#2, jpa.named-queries#3, jpaContext, jpaHelper, jpaMappingContext, jpaSharedEM_entityManagerFactory, jpaVendorAdapter, jsonComponentModule, jsonMixinModule, jsonMixinModuleEntries, jsonSchemaConverter, jvmCompilationMetrics, jvmGcMetrics, jvmHeapPressureMetrics, jvmInfoMetrics, jvmMemoryMetrics, jvmThreadMetrics, jwtAuthenticationEntryPoint, jwtAuthenticationFilter, jwtAuthenticationService, jwtUtil, lbRestClientPostProcessor, lbRestTemplateBuilderPostProcessor, legacyContextRefresher, lifecycleProcessor, lignePrestationRepository, lignePrestationService, linkCollector, linkDiscovererRegistry, linkDiscoverers, linksSchemaCustomizer, loadBalancedRestTemplateInitializerDeprecated, loadBalancerChildContextInitializer, loadBalancerClientFactory, loadBalancerClientsDefaultsMappingsProvider, loadBalancerEagerContextInitializer, loadBalancerInterceptor, loadBalancerRequestFactory, loadBalancerServiceInstanceCookieTransformer, localSpringDocParameterNameDiscoverer, localeCharsetMappingsCustomizer, localeResolver, logbackMetrics, loggingRebinder, management.endpoint.health-org.springframework.boot.actuate.autoconfigure.health.HealthEndpointProperties, management.endpoints.web-org.springframework.boot.actuate.autoconfigure.endpoint.web.WebEndpointProperties, management.endpoints.web.cors-org.springframework.boot.actuate.autoconfigure.endpoint.web.CorsEndpointProperties, management.health.db-org.springframework.boot.actuate.autoconfigure.jdbc.DataSourceHealthIndicatorProperties, management.health.diskspace-org.springframework.boot.actuate.autoconfigure.system.DiskSpaceHealthIndicatorProperties, management.health.ssl-org.springframework.boot.actuate.autoconfigure.ssl.SslHealthIndicatorProperties, management.info-org.springframework.boot.actuate.autoconfigure.info.InfoContributorProperties, management.metrics-org.springframework.boot.actuate.autoconfigure.metrics.MetricsProperties, management.observations-org.springframework.boot.actuate.autoconfigure.observation.ObservationProperties, management.server-org.springframework.boot.actuate.autoconfigure.web.server.ManagementServerProperties, management.simple.metrics.export-org.springframework.boot.actuate.autoconfigure.metrics.export.simple.SimpleProperties, management.tracing-org.springframework.boot.actuate.autoconfigure.tracing.TracingProperties, management.zipkin.tracing-org.springframework.boot.actuate.autoconfigure.tracing.zipkin.ZipkinProperties, managementServletContext, mapperDtoImpl, mappingJackson2HttpMessageConverter, mdcCorrelationScopeDecoratorBuilder, messageConverters, messageResolver, metadataConfiguration, meterRegistryCloser, meterRegistryPostProcessor, methodAuthorizationManagerPostProcessor, methodResultAuthorizationManagerPostProcessor, methodValidationPostProcessor, metricsAndTracingObservationHandlerGrouping, metricsHttpClientUriTagFilter, metricsHttpServerUriTagFilter, metricsRepositoryMethodInvocationListener, metricsRepositoryMethodInvocationListenerBeanPostProcessor, micrometerClock, modelConverterRegistrar, multipartConfigElement, multipartResolver, mutableSpanBytesEncoder, mvcContentNegotiationManager, mvcConversionService, mvcHandlerMappingIntrospector, mvcHandlerMappingIntrospectorRequestTransformer, mvcPathMatcher, mvcPatternParser, mvcResourceUrlProvider, mvcUriComponentsContributor, mvcUrlPathHelper, mvcValidator, mvcViewResolver, namedParameterJdbcTemplate, noopPropagationFactory, objectPostProcessor, observabilitySchedulingConfigurer, observationRegistry, observationRegistryPostProcessor, observationRestClientCustomizer, observationRestTemplateCustomizer, observedAspect, offsetResolver, openAPIBuilder, openApiResource, openEntityManagerInViewInterceptor, openEntityManagerInViewInterceptorConfigurer, operationBuilder, org.springdoc.core.configuration.SpringDocConfiguration, org.springdoc.core.configuration.SpringDocConfiguration$OpenApiResourceAdvice, org.springdoc.core.configuration.SpringDocConfiguration$QuerydslProvider, org.springdoc.core.configuration.SpringDocConfiguration$SpringDocRepositoryRestConfiguration, org.springdoc.core.configuration.SpringDocConfiguration$SpringDocSpringDataWebPropertiesProvider, org.springdoc.core.configuration.SpringDocConfiguration$SpringDocWebFluxSupportConfiguration, org.springdoc.core.configuration.SpringDocConfiguration$WebConversionServiceConfiguration, org.springdoc.core.configuration.SpringDocDataRestConfiguration, org.springdoc.core.configuration.SpringDocDataRestConfiguration$SpringRepositoryRestResourceProviderConfiguration, org.springdoc.core.configuration.SpringDocHateoasConfiguration, org.springdoc.core.configuration.SpringDocPageableConfiguration, org.springdoc.core.configuration.SpringDocSecurityConfiguration, org.springdoc.core.configuration.SpringDocSecurityConfiguration$SpringSecurityLoginEndpointConfiguration, org.springdoc.core.configuration.SpringDocSortConfiguration, org.springdoc.core.configuration.SpringDocUIConfiguration, org.springdoc.core.properties.SpringDocConfigProperties, org.springdoc.core.properties.SwaggerUiConfigParameters, org.springdoc.core.properties.SwaggerUiConfigProperties, org.springdoc.core.properties.SwaggerUiOAuthProperties, org.springdoc.webmvc.core.configuration.SpringDocWebMvcConfiguration, org.springdoc.webmvc.core.configuration.SpringDocWebMvcConfiguration$SpringDocWebMvcActuatorConfiguration, org.springdoc.webmvc.core.configuration.SpringDocWebMvcConfiguration$SpringDocWebMvcRouterConfiguration, org.springdoc.webmvc.ui.SwaggerConfig, org.springframework.aop.config.internalAutoProxyCreator, org.springframework.boot.actuate.autoconfigure.availability.AvailabilityHealthContributorAutoConfiguration, org.springframework.boot.actuate.autoconfigure.endpoint.EndpointAutoConfiguration, org.springframework.boot.actuate.autoconfigure.endpoint.jackson.JacksonEndpointAutoConfiguration, org.springframework.boot.actuate.autoconfigure.endpoint.web.ServletEndpointManagementContextConfiguration, org.springframework.boot.actuate.autoconfigure.endpoint.web.ServletEndpointManagementContextConfiguration$WebMvcServletEndpointManagementContextConfiguration, org.springframework.boot.actuate.autoconfigure.endpoint.web.WebEndpointAutoConfiguration, org.springframework.boot.actuate.autoconfigure.endpoint.web.WebEndpointAutoConfiguration$WebEndpointServletConfiguration, org.springframework.boot.actuate.autoconfigure.endpoint.web.servlet.WebMvcEndpointManagementContextConfiguration, org.springframework.boot.actuate.autoconfigure.health.HealthContributorAutoConfiguration, org.springframework.boot.actuate.autoconfigure.health.HealthEndpointAutoConfiguration, org.springframework.boot.actuate.autoconfigure.health.HealthEndpointConfiguration, org.springframework.boot.actuate.autoconfigure.health.HealthEndpointWebExtensionConfiguration, org.springframework.boot.actuate.autoconfigure.health.HealthEndpointWebExtensionConfiguration$MvcAdditionalHealthEndpointPathsConfiguration, org.springframework.boot.actuate.autoconfigure.health.ReactiveHealthEndpointConfiguration, org.springframework.boot.actuate.autoconfigure.info.InfoContributorAutoConfiguration, org.springframework.boot.actuate.autoconfigure.jdbc.DataSourceHealthContributorAutoConfiguration, org.springframework.boot.actuate.autoconfigure.metrics.CompositeMeterRegistryAutoConfiguration, org.springframework.boot.actuate.autoconfigure.metrics.JvmMetricsAutoConfiguration, org.springframework.boot.actuate.autoconfigure.metrics.LogbackMetricsAutoConfiguration, org.springframework.boot.actuate.autoconfigure.metrics.MetricsAutoConfiguration, org.springframework.boot.actuate.autoconfigure.metrics.SystemMetricsAutoConfiguration, org.springframework.boot.actuate.autoconfigure.metrics.data.RepositoryMetricsAutoConfiguration, org.springframework.boot.actuate.autoconfigure.metrics.export.simple.SimpleMetricsExportAutoConfiguration, org.springframework.boot.actuate.autoconfigure.metrics.integration.IntegrationMetricsAutoConfiguration, org.springframework.boot.actuate.autoconfigure.metrics.jdbc.DataSourcePoolMetricsAutoConfiguration, org.springframework.boot.actuate.autoconfigure.metrics.jdbc.DataSourcePoolMetricsAutoConfiguration$DataSourcePoolMetadataMetricsConfiguration, org.springframework.boot.actuate.autoconfigure.metrics.jdbc.DataSourcePoolMetricsAutoConfiguration$HikariDataSourceMetricsConfiguration, org.springframework.boot.actuate.autoconfigure.metrics.startup.StartupTimeMetricsListenerAutoConfiguration, org.springframework.boot.actuate.autoconfigure.metrics.task.TaskExecutorMetricsAutoConfiguration, org.springframework.boot.actuate.autoconfigure.metrics.web.tomcat.TomcatMetricsAutoConfiguration, org.springframework.boot.actuate.autoconfigure.observation.ObservationAutoConfiguration, org.springframework.boot.actuate.autoconfigure.observation.ObservationAutoConfiguration$MeterObservationHandlerConfiguration, org.springframework.boot.actuate.autoconfigure.observation.ObservationAutoConfiguration$MeterObservationHandlerConfiguration$TracingAndMetricsObservationHandlerConfiguration, org.springframework.boot.actuate.autoconfigure.observation.ObservationAutoConfiguration$MetricsWithTracingConfiguration, org.springframework.boot.actuate.autoconfigure.observation.ObservationAutoConfiguration$ObservedAspectConfiguration, org.springframework.boot.actuate.autoconfigure.observation.web.client.HttpClientObservationsAutoConfiguration, org.springframework.boot.actuate.autoconfigure.observation.web.client.HttpClientObservationsAutoConfiguration$MeterFilterConfiguration, org.springframework.boot.actuate.autoconfigure.observation.web.client.RestClientObservationConfiguration, org.springframework.boot.actuate.autoconfigure.observation.web.client.RestTemplateObservationConfiguration, org.springframework.boot.actuate.autoconfigure.observation.web.servlet.WebMvcObservationAutoConfiguration, org.springframework.boot.actuate.autoconfigure.observation.web.servlet.WebMvcObservationAutoConfiguration$MeterFilterConfiguration, org.springframework.boot.actuate.autoconfigure.scheduling.ScheduledTasksObservabilityAutoConfiguration, org.springframework.boot.actuate.autoconfigure.security.servlet.SecurityRequestMatchersManagementContextConfiguration, org.springframework.boot.actuate.autoconfigure.security.servlet.SecurityRequestMatchersManagementContextConfiguration$MvcRequestMatcherConfiguration, org.springframework.boot.actuate.autoconfigure.ssl.SslHealthContributorAutoConfiguration, org.springframework.boot.actuate.autoconfigure.system.DiskSpaceHealthContributorAutoConfiguration, org.springframework.boot.actuate.autoconfigure.tracing.BraveAutoConfiguration, org.springframework.boot.actuate.autoconfigure.tracing.BravePropagationConfigurations$NoPropagation, org.springframework.boot.actuate.autoconfigure.tracing.BravePropagationConfigurations$PropagationWithBaggage, org.springframework.boot.actuate.autoconfigure.tracing.MicrometerTracingAutoConfiguration, org.springframework.boot.actuate.autoconfigure.tracing.zipkin.ZipkinAutoConfiguration, org.springframework.boot.actuate.autoconfigure.tracing.zipkin.ZipkinConfigurations$BraveConfiguration, org.springframework.boot.actuate.autoconfigure.tracing.zipkin.ZipkinConfigurations$HttpClientSenderConfiguration, org.springframework.boot.actuate.autoconfigure.tracing.zipkin.ZipkinConfigurations$RestTemplateSenderConfiguration, org.springframework.boot.actuate.autoconfigure.tracing.zipkin.ZipkinConfigurations$SenderConfiguration, org.springframework.boot.actuate.autoconfigure.web.server.ManagementContextAutoConfiguration, org.springframework.boot.actuate.autoconfigure.web.server.ManagementContextAutoConfiguration$SameManagementContextConfiguration, org.springframework.boot.actuate.autoconfigure.web.server.ManagementContextAutoConfiguration$SameManagementContextConfiguration$EnableSameManagementContextConfiguration, org.springframework.boot.actuate.autoconfigure.web.servlet.ServletManagementContextAutoConfiguration, org.springframework.boot.autoconfigure.AutoConfigurationPackages, org.springframework.boot.autoconfigure.aop.AopAutoConfiguration, org.springframework.boot.autoconfigure.aop.AopAutoConfiguration$AspectJAutoProxyingConfiguration, org.springframework.boot.autoconfigure.aop.AopAutoConfiguration$AspectJAutoProxyingConfiguration$CglibAutoProxyConfiguration, org.springframework.boot.autoconfigure.availability.ApplicationAvailabilityAutoConfiguration, org.springframework.boot.autoconfigure.context.ConfigurationPropertiesAutoConfiguration, org.springframework.boot.autoconfigure.context.LifecycleAutoConfiguration, org.springframework.boot.autoconfigure.context.PropertyPlaceholderAutoConfiguration, org.springframework.boot.autoconfigure.dao.PersistenceExceptionTranslationAutoConfiguration, org.springframework.boot.autoconfigure.data.jpa.JpaRepositoriesAutoConfiguration, org.springframework.boot.autoconfigure.data.rest.RepositoryRestMvcAutoConfiguration, org.springframework.boot.autoconfigure.gson.GsonAutoConfiguration, org.springframework.boot.autoconfigure.hateoas.HypermediaAutoConfiguration, org.springframework.boot.autoconfigure.http.GsonHttpMessageConvertersConfiguration, org.springframework.boot.autoconfigure.http.HttpMessageConvertersAutoConfiguration, org.springframework.boot.autoconfigure.http.HttpMessageConvertersAutoConfiguration$StringHttpMessageConverterConfiguration, org.springframework.boot.autoconfigure.http.JacksonHttpMessageConvertersConfiguration, org.springframework.boot.autoconfigure.http.JacksonHttpMessageConvertersConfiguration$MappingJackson2HttpMessageConverterConfiguration, org.springframework.boot.autoconfigure.http.client.HttpClientAutoConfiguration, org.springframework.boot.autoconfigure.info.ProjectInfoAutoConfiguration, org.springframework.boot.autoconfigure.internalCachingMetadataReaderFactory, org.springframework.boot.autoconfigure.jackson.JacksonAutoConfiguration, org.springframework.boot.autoconfigure.jackson.JacksonAutoConfiguration$Jackson2ObjectMapperBuilderCustomizerConfiguration, org.springframework.boot.autoconfigure.jackson.JacksonAutoConfiguration$JacksonMixinConfiguration, org.springframework.boot.autoconfigure.jackson.JacksonAutoConfiguration$JacksonObjectMapperBuilderConfiguration, org.springframework.boot.autoconfigure.jackson.JacksonAutoConfiguration$JacksonObjectMapperConfiguration, org.springframework.boot.autoconfigure.jackson.JacksonAutoConfiguration$ParameterNamesModuleConfiguration, org.springframework.boot.autoconfigure.jdbc.DataSourceAutoConfiguration, org.springframework.boot.autoconfigure.jdbc.DataSourceAutoConfiguration$PooledDataSourceConfiguration, org.springframework.boot.autoconfigure.jdbc.DataSourceConfiguration$Hikari, org.springframework.boot.autoconfigure.jdbc.DataSourceTransactionManagerAutoConfiguration, org.springframework.boot.autoconfigure.jdbc.DataSourceTransactionManagerAutoConfiguration$JdbcTransactionManagerConfiguration, org.springframework.boot.autoconfigure.jdbc.JdbcClientAutoConfiguration, org.springframework.boot.autoconfigure.jdbc.JdbcTemplateAutoConfiguration, org.springframework.boot.autoconfigure.jdbc.JdbcTemplateConfiguration, org.springframework.boot.autoconfigure.jdbc.NamedParameterJdbcTemplateConfiguration, org.springframework.boot.autoconfigure.jdbc.metadata.DataSourcePoolMetadataProvidersConfiguration, org.springframework.boot.autoconfigure.jdbc.metadata.DataSourcePoolMetadataProvidersConfiguration$HikariPoolDataSourceMetadataProviderConfiguration, org.springframework.boot.autoconfigure.orm.jpa.HibernateJpaAutoConfiguration, org.springframework.boot.autoconfigure.orm.jpa.HibernateJpaConfiguration, org.springframework.boot.autoconfigure.orm.jpa.JpaBaseConfiguration$JpaWebConfiguration, org.springframework.boot.autoconfigure.orm.jpa.JpaBaseConfiguration$PersistenceManagedTypesConfiguration, org.springframework.boot.autoconfigure.reactor.ReactorAutoConfiguration, org.springframework.boot.autoconfigure.security.servlet.SecurityAutoConfiguration, org.springframework.boot.autoconfigure.security.servlet.SecurityFilterAutoConfiguration, org.springframework.boot.autoconfigure.security.servlet.SpringBootWebSecurityConfiguration, org.springframework.boot.autoconfigure.security.servlet.UserDetailsServiceAutoConfiguration, org.springframework.boot.autoconfigure.sql.init.DataSourceInitializationConfiguration, org.springframework.boot.autoconfigure.sql.init.SqlInitializationAutoConfiguration, org.springframework.boot.autoconfigure.ssl.SslAutoConfiguration, org.springframework.boot.autoconfigure.task.TaskExecutionAutoConfiguration, org.springframework.boot.autoconfigure.task.TaskExecutorConfigurations$SimpleAsyncTaskExecutorBuilderConfiguration, org.springframework.boot.autoconfigure.task.TaskExecutorConfigurations$TaskExecutorConfiguration, org.springframework.boot.autoconfigure.task.TaskExecutorConfigurations$ThreadPoolTaskExecutorBuilderConfiguration, org.springframework.boot.autoconfigure.task.TaskSchedulingAutoConfiguration, org.springframework.boot.autoconfigure.task.TaskSchedulingConfigurations$SimpleAsyncTaskSchedulerBuilderConfiguration, org.springframework.boot.autoconfigure.task.TaskSchedulingConfigurations$ThreadPoolTaskSchedulerBuilderConfiguration, org.springframework.boot.autoconfigure.transaction.TransactionAutoConfiguration, org.springframework.boot.autoconfigure.transaction.TransactionAutoConfiguration$EnableTransactionManagementConfiguration, org.springframework.boot.autoconfigure.transaction.TransactionAutoConfiguration$EnableTransactionManagementConfiguration$CglibAutoProxyConfiguration, org.springframework.boot.autoconfigure.transaction.TransactionAutoConfiguration$TransactionTemplateConfiguration, org.springframework.boot.autoconfigure.transaction.TransactionManagerCustomizationAutoConfiguration, org.springframework.boot.autoconfigure.transaction.jta.JtaAutoConfiguration, org.springframework.boot.autoconfigure.validation.ValidationAutoConfiguration, org.springframework.boot.autoconfigure.web.client.RestClientAutoConfiguration, org.springframework.boot.autoconfigure.web.client.RestTemplateAutoConfiguration, org.springframework.boot.autoconfigure.web.servlet.DispatcherServletAutoConfiguration, org.springframework.boot.autoconfigure.web.servlet.DispatcherServletAutoConfiguration$DispatcherServletConfiguration, org.springframework.boot.autoconfigure.web.servlet.DispatcherServletAutoConfiguration$DispatcherServletRegistrationConfiguration, org.springframework.boot.autoconfigure.web.servlet.HttpEncodingAutoConfiguration, org.springframework.boot.autoconfigure.web.servlet.MultipartAutoConfiguration, org.springframework.boot.autoconfigure.web.servlet.ServletWebServerFactoryAutoConfiguration, org.springframework.boot.autoconfigure.web.servlet.ServletWebServerFactoryConfiguration$EmbeddedTomcat, org.springframework.boot.autoconfigure.web.servlet.WebMvcAutoConfiguration, org.springframework.boot.autoconfigure.web.servlet.WebMvcAutoConfiguration$EnableWebMvcConfiguration, org.springframework.boot.autoconfigure.web.servlet.WebMvcAutoConfiguration$WebMvcAutoConfigurationAdapter, org.springframework.boot.autoconfigure.web.servlet.error.ErrorMvcAutoConfiguration, org.springframework.boot.autoconfigure.web.servlet.error.ErrorMvcAutoConfiguration$DefaultErrorViewResolverConfiguration, org.springframework.boot.autoconfigure.web.servlet.error.ErrorMvcAutoConfiguration$WhitelabelErrorViewConfiguration, org.springframework.boot.autoconfigure.websocket.servlet.WebSocketServletAutoConfiguration, org.springframework.boot.autoconfigure.websocket.servlet.WebSocketServletAutoConfiguration$TomcatWebSocketConfiguration, org.springframework.boot.context.internalConfigurationPropertiesBinder, org.springframework.boot.context.properties.BoundConfigurationProperties, org.springframework.boot.context.properties.ConfigurationPropertiesBindingPostProcessor, org.springframework.boot.context.properties.EnableConfigurationPropertiesRegistrar.methodValidationExcludeFilter, org.springframework.boot.sql.init.dependency.DatabaseInitializationDependencyConfigurer$DependsOnDatabaseInitializationPostProcessor, org.springframework.boot.test.mock.mockito.MockitoPostProcessor, org.springframework.boot.test.mock.mockito.MockitoPostProcessor$SpyPostProcessor, org.springframework.cloud.autoconfigure.ConfigurationPropertiesRebinderAutoConfiguration, org.springframework.cloud.autoconfigure.LifecycleMvcEndpointAutoConfiguration, org.springframework.cloud.autoconfigure.PauseResumeEndpointsConfiguration, org.springframework.cloud.autoconfigure.RefreshAutoConfiguration, org.springframework.cloud.autoconfigure.RefreshAutoConfiguration$RefreshScopeBeanDefinitionEnhancer, org.springframework.cloud.autoconfigure.RefreshEndpointAutoConfiguration, org.springframework.cloud.autoconfigure.RefreshEndpointAutoConfiguration$RefreshEndpointConfiguration, org.springframework.cloud.autoconfigure.RestartEndpointWithoutIntegrationConfiguration, org.springframework.cloud.client.CommonsClientAutoConfiguration, org.springframework.cloud.client.CommonsClientAutoConfiguration$ActuatorConfiguration, org.springframework.cloud.client.CommonsClientAutoConfiguration$DiscoveryLoadBalancerConfiguration, org.springframework.cloud.client.ReactiveCommonsClientAutoConfiguration, org.springframework.cloud.client.discovery.composite.CompositeDiscoveryClientAutoConfiguration, org.springframework.cloud.client.discovery.simple.SimpleDiscoveryClientAutoConfiguration, org.springframework.cloud.client.loadbalancer.LoadBalancerAutoConfiguration, org.springframework.cloud.client.loadbalancer.LoadBalancerAutoConfiguration$DeferringLoadBalancerInterceptorConfig, org.springframework.cloud.client.loadbalancer.LoadBalancerAutoConfiguration$LoadBalancerInterceptorConfig, org.springframework.cloud.client.loadbalancer.LoadBalancerDefaultMappingsProviderAutoConfiguration, org.springframework.cloud.client.serviceregistry.AutoServiceRegistrationAutoConfiguration, org.springframework.cloud.client.serviceregistry.AutoServiceRegistrationConfiguration, org.springframework.cloud.client.serviceregistry.ServiceRegistryAutoConfiguration, org.springframework.cloud.client.serviceregistry.ServiceRegistryAutoConfiguration$ServiceRegistryEndpointConfiguration, org.springframework.cloud.commons.config.CommonsConfigAutoConfiguration, org.springframework.cloud.commons.security.ResourceServerTokenRelayAutoConfiguration, org.springframework.cloud.commons.security.ResourceServerTokenRelayAutoConfiguration$ResourceServerTokenRelayRegistrationAutoConfiguration, org.springframework.cloud.commons.util.UtilAutoConfiguration, org.springframework.cloud.config.client.ConfigClientAutoConfiguration, org.springframework.cloud.config.client.ConfigClientAutoConfiguration$ConfigServerHealthIndicatorConfiguration, org.springframework.cloud.configuration.CompatibilityVerifierAutoConfiguration, org.springframework.cloud.loadbalancer.config.BlockingLoadBalancerClientAutoConfiguration, org.springframework.cloud.loadbalancer.config.LoadBalancerAutoConfiguration, org.springframework.cloud.loadbalancer.config.LoadBalancerCacheAutoConfiguration, org.springframework.cloud.loadbalancer.config.LoadBalancerCacheAutoConfiguration$DefaultLoadBalancerCacheManagerConfiguration, org.springframework.cloud.loadbalancer.config.LoadBalancerCacheAutoConfiguration$LoadBalancerCacheManagerWarnConfiguration, org.springframework.cloud.netflix.eureka.EurekaClientAutoConfiguration, org.springframework.cloud.netflix.eureka.EurekaClientAutoConfiguration$EurekaHealthIndicatorConfiguration, org.springframework.cloud.netflix.eureka.EurekaClientAutoConfiguration$RefreshableEurekaClientConfiguration, org.springframework.cloud.netflix.eureka.EurekaDiscoveryClientConfiguration, org.springframework.cloud.netflix.eureka.EurekaDiscoveryClientConfiguration$EurekaClientConfigurationRefresher, org.springframework.cloud.netflix.eureka.config.DiscoveryClientOptionalArgsConfiguration, org.springframework.cloud.netflix.eureka.config.DiscoveryClientOptionalArgsConfiguration$RestTemplateConfiguration, org.springframework.cloud.netflix.eureka.loadbalancer.LoadBalancerEurekaAutoConfiguration, org.springframework.context.annotation.internalAutowiredAnnotationProcessor, org.springframework.context.annotation.internalCommonAnnotationProcessor, org.springframework.context.annotation.internalConfigurationAnnotationProcessor, org.springframework.context.annotation.internalPersistenceAnnotationProcessor, org.springframework.context.event.internalEventListenerFactory, org.springframework.context.event.internalEventListenerProcessor, org.springframework.data.jpa.repository.support.JpaEvaluationContextExtension, org.springframework.data.jpa.util.JpaMetamodelCacheCleanup, org.springframework.data.rest.webmvc.RestControllerConfiguration, org.springframework.data.rest.webmvc.config.RepositoryRestMvcConfiguration, org.springframework.data.web.config.SpringDataJacksonConfiguration, org.springframework.hateoas.config.HateoasConfiguration, org.springframework.hateoas.config.RestTemplateHateoasConfiguration, org.springframework.hateoas.config.WebMvcEntityLinksConfiguration, org.springframework.hateoas.config.WebMvcHateoasConfiguration, org.springframework.hateoas.config.WebTestHateoasConfiguration, org.springframework.hateoas.mediatype.hal.HalMediaTypeConfiguration, org.springframework.hateoas.mediatype.hal.forms.HalFormsMediaTypeConfiguration, org.springframework.security.config.annotation.authentication.configuration.AuthenticationConfiguration, org.springframework.security.config.annotation.configuration.ObjectPostProcessorConfiguration, org.springframework.security.config.annotation.method.configuration.AuthorizationProxyConfiguration, org.springframework.security.config.annotation.method.configuration.MethodObservationConfiguration, org.springframework.security.config.annotation.web.configuration.HttpSecurityConfiguration, org.springframework.security.config.annotation.web.configuration.HttpSecurityConfiguration.httpSecurity, org.springframework.security.config.annotation.web.configuration.ObservationConfiguration, org.springframework.security.config.annotation.web.configuration.WebMvcSecurityConfiguration, org.springframework.security.config.annotation.web.configuration.WebSecurityConfiguration, org.springframework.test.context.support.internalDynamicPropertyRegistrarBeanInitializer, org.springframework.transaction.annotation.ProxyTransactionManagementConfiguration, org.springframework.transaction.config.internalTransactionAdvisor, org.springframework.transaction.config.internalTransactionalEventListenerFactory, pageModule, pageableOpenAPIConverter, pageableResolver, pagedResourcesAssembler, pagedResourcesAssemblerArgumentResolver, parameterBuilder, parameterNamesModule, passwordEncoder, pathMappedEndpoints, persistenceExceptionTranslationPostProcessor, persistenceManagedTypes, persistentEntities, persistentEntityArgumentResolver, persistentEntityResourceAssemblerArgumentResolver, pingHealthContributor, platformTransactionManagerCustomizers, polymorphicModelConverter, postAuthorizeAuthorizationAdvisor, postAuthorizeAuthorizationMethodInterceptor, postFilterAuthorizationAdvisor, postFilterAuthorizationMethodInterceptor, preAuthorizeAuthorizationAdvisor, preAuthorizeAuthorizationMethodInterceptor, preFilterAuthorizationAdvisor, preFilterAuthorizationMethodInterceptor, prePostAuthorizeExpressionHintsRegistrar, preserveErrorControllerTargetClassPostProcessor, prestationRestController, privilegeEvaluator, processorMetrics, profileController, profileResourceProcessor, projectionDefinitionRegistrar, propagatingReceiverTracingObservationHandler, propagatingSenderTracingObservationHandler, propagationFactoryBuilder, propertiesEndpointAccessResolver, propertiesMeterFilter, propertiesObservationFilter, propertyResolverUtils, propertySourcesPlaceholderConfigurer, queryDslQuerydslPredicateOperationCustomizer, reactiveHealthContributorRegistry, refreshEventListener, refreshScope, refreshScopeHealthIndicator, refreshScopeLifecycle, relProviderPluginRegistry, remoteFieldsBaggagePropagationCustomizer, repoRequestArgumentResolver, repositories, repositoryController, repositoryEntityController, repositoryExporterHandlerAdapter, repositoryInvokerFactory, repositoryPropertyReferenceController, repositoryRelProvider, repositoryRestConfiguration, repositoryRestConfigurationProvider, repositoryRestExceptionHandler, repositorySchemaController, repositorySearchController, repositoryTagsProvider, representationModelAssemblersArgumentResolver, representationModelProcessorInvoker, requestBodyBuilder, requestBuilder, requestContextFilter, requestDataValueProcessor, requestMappingHandlerAdapter, requestMappingHandlerMapping, requestMatcherProvider, resourceHandlerMapping, resourceMappings, resourceMetadataHandlerMethodArgumentResolver, responseBuilder, responseSupportConverter, restClientBuilder, restClientBuilderConfigurer, restClientSsl, restHandlerMapping, restTemplateBuilder, restTemplateBuilderConfigurer, restTemplateCustomizer, restTemplateDiscoveryClientOptionalArgs, restTemplateSender, restTemplateTransportClientFactories, routerFunctionMapping, routerFunctionProvider, schemaPropertyDeprecatingConverter, scopedTarget.eurekaApplicationInfoManager, scopedTarget.eurekaClient, scopedTarget.eurekaRegistration, scopedTarget.zenBioProperties, securedAuthorizationAdvisor, securedAuthorizationMethodInterceptor, securityConfig, securityFilterChain, securityFilterChainRegistration, securityParser, selfLinkProvider, server-org.springframework.boot.autoconfigure.web.ServerProperties, serviceManagementMetadataProvider, servletEndpointDiscoverer, servletEndpointRegistrar, servletExposeExcludePropertyEndpointFilter, servletWebChildContextFactory, servletWebServerFactoryCustomizer, simpleAsyncTaskExecutorBuilder, simpleAsyncTaskSchedulerBuilder, simpleConfig, simpleControllerHandlerAdapter, simpleDiscoveryClient, simpleDiscoveryProperties, simpleMeterRegistry, sleuthPresentVerifier, slicedResourcesAssembler, slicedResourcesAssemblerArgumentResolver, sortOpenAPIConverter, sortResolver, spring.cloud.compatibility-verifier-org.springframework.cloud.configuration.CompatibilityVerifierProperties, spring.cloud.discovery.client.health-indicator-org.springframework.cloud.client.discovery.health.DiscoveryClientHealthIndicatorProperties, spring.cloud.loadbalancer-org.springframework.cloud.client.loadbalancer.LoadBalancerClientsProperties, spring.cloud.loadbalancer.cache-org.springframework.cloud.loadbalancer.cache.LoadBalancerCacheProperties, spring.cloud.loadbalancer.eager-load-org.springframework.cloud.client.loadbalancer.LoadBalancerEagerLoadProperties, spring.cloud.refresh-org.springframework.cloud.autoconfigure.RefreshAutoConfiguration$RefreshProperties, spring.cloud.service-registry.auto-registration-org.springframework.cloud.client.serviceregistry.AutoServiceRegistrationProperties, spring.data.rest-org.springframework.boot.autoconfigure.data.rest.RepositoryRestProperties, spring.datasource-org.springframework.boot.autoconfigure.jdbc.DataSourceProperties, spring.gson-org.springframework.boot.autoconfigure.gson.GsonProperties, spring.hateoas-org.springframework.boot.autoconfigure.hateoas.HateoasProperties, spring.http.client-org.springframework.boot.autoconfigure.http.client.HttpClientProperties, spring.info-org.springframework.boot.autoconfigure.info.ProjectInfoProperties, spring.jackson-org.springframework.boot.autoconfigure.jackson.JacksonProperties, spring.jdbc-org.springframework.boot.autoconfigure.jdbc.JdbcProperties, spring.jpa-org.springframework.boot.autoconfigure.orm.jpa.JpaProperties, spring.jpa.hibernate-org.springframework.boot.autoconfigure.orm.jpa.HibernateProperties, spring.lifecycle-org.springframework.boot.autoconfigure.context.LifecycleProperties, spring.mvc-org.springframework.boot.autoconfigure.web.servlet.WebMvcProperties, spring.reactor-org.springframework.boot.autoconfigure.reactor.ReactorProperties, spring.security-org.springframework.boot.autoconfigure.security.SecurityProperties, spring.servlet.multipart-org.springframework.boot.autoconfigure.web.servlet.MultipartProperties, spring.sql.init-org.springframework.boot.autoconfigure.sql.init.SqlInitializationProperties, spring.ssl-org.springframework.boot.autoconfigure.ssl.SslProperties, spring.task.execution-org.springframework.boot.autoconfigure.task.TaskExecutionProperties, spring.task.scheduling-org.springframework.boot.autoconfigure.task.TaskSchedulingProperties, spring.transaction-org.springframework.boot.autoconfigure.transaction.TransactionProperties, spring.web-org.springframework.boot.autoconfigure.web.WebProperties, springBootRepositoryRestConfigurer, springBootVersionVerifier, springCloudCommonsFeatures, springDataWebPropertiesProvider, springDocCustomizers, springDocDataRestUtils, springDocProviders, springRepositoryRestResourceProvider, springSecurityFilterChain, springSecurityHandlerMappingIntrospectorBeanDefinitionRegistryPostProcessor, springWebProvider, springdocObjectMapperProvider, sslBundleRegistry, sslHealthIndicator, sslInfo, sslPropertiesSslBundleRegistrar, standardGsonBuilderCustomizer, standardJacksonObjectMapperBuilderCustomizer, startupTimeMetrics, stringHttpMessageConverter, swaggerConfigResource, swaggerResourceResolver, swaggerWebMvcConfigurer, swaggerWelcome, themeResolver, threadPoolTaskExecutorBuilder, threadPoolTaskSchedulerBuilder, tlsProperties, tomcatMetricsBinder, tomcatServletWebServerFactory, tomcatServletWebServerFactoryCustomizer, tracingAwareMeterObservationHandler, transactionAttributeSource, transactionExecutionListeners, transactionInterceptor, transactionManager, transactionTemplate, uptimeMetrics, uriListHttpMessageConverter, utilisateurRepository, utilisateurRestController, utilisateurServiceImpl, validatingRepositoryEventListener, viewControllerHandlerMapping, viewNameTranslator, viewResolver, webAccessPropertiesOperationFilter, webAuthorizationManagerPostProcessor, webConversionServiceProvider, webEndpointDiscoverer, webEndpointPathMapper, webEndpointServletHandlerMapping, webExposeExcludePropertyEndpointFilter, webFluxSupportConverter, webMvcEntityLinks, webMvcLinkBuilderFactory, webMvcObservationFilter, webSecurityExpressionHandler, webServerFactoryCustomizerBeanPostProcessor, webTestClientConfigurer, websocketServletWebServerCustomizer, welcomePageHandlerMapping, welcomePageNotAcceptableHandlerMapping, xForwarderHeadersTransformer, zenBioProperties, zipkinConnectionDetails, zoneConfig]
2025-11-26 15:19:50 - BeanFactory id=9c72c6c0-d974-3584-a58c-b292fc75e54f
2025-11-26 15:19:50 - Creating shared instance of singleton bean 'propertySourcesPlaceholderConfigurer'
2025-11-26 15:19:50 - Creating shared instance of singleton bean 'org.springframework.boot.test.mock.mockito.MockitoPostProcessor'
2025-11-26 15:19:50 - Creating shared instance of singleton bean 'emBeanDefinitionRegistrarPostProcessor'
2025-11-26 15:19:50 - Creating shared instance of singleton bean 'org.springframework.boot.sql.init.dependency.DatabaseInitializationDependencyConfigurer$DependsOnDatabaseInitializationPostProcessor'
2025-11-26 15:19:50 - Creating shared instance of singleton bean 'org.springframework.context.event.internalEventListenerProcessor'
2025-11-26 15:19:50 - Creating shared instance of singleton bean 'conversionServicePostProcessor'
2025-11-26 15:19:50 - Creating shared instance of singleton bean 'preserveErrorControllerTargetClassPostProcessor'
2025-11-26 15:19:50 - Creating shared instance of singleton bean 'org.springframework.context.event.internalEventListenerFactory'
2025-11-26 15:19:50 - Creating shared instance of singleton bean 'org.springframework.transaction.config.internalTransactionalEventListenerFactory'
2025-11-26 15:19:50 - Creating shared instance of singleton bean 'org.springframework.boot.test.mock.mockito.MockitoPostProcessor$SpyPostProcessor'
2025-11-26 15:19:50 - Creating shared instance of singleton bean 'org.springframework.context.annotation.internalAutowiredAnnotationProcessor'
2025-11-26 15:19:50 - Creating shared instance of singleton bean 'org.springframework.context.annotation.internalCommonAnnotationProcessor'
2025-11-26 15:19:50 - Creating shared instance of singleton bean 'org.springframework.context.annotation.internalPersistenceAnnotationProcessor'
2025-11-26 15:19:50 - Creating shared instance of singleton bean 'org.springframework.boot.context.properties.ConfigurationPropertiesBindingPostProcessor'
2025-11-26 15:19:50 - Creating shared instance of singleton bean 'org.springframework.boot.context.internalConfigurationPropertiesBinder'
2025-11-26 15:19:50 - Creating shared instance of singleton bean 'jdbcConnectionDetailsHikariBeanPostProcessor'
2025-11-26 15:19:50 - Creating shared instance of singleton bean 'org.springframework.aop.config.internalAutoProxyCreator'
2025-11-26 15:19:50 - Creating shared instance of singleton bean 'methodValidationPostProcessor'
2025-11-26 15:19:50 - Autowiring by type from bean name 'methodValidationPostProcessor' via factory method to bean named 'environment'
2025-11-26 15:19:50 - Creating shared instance of singleton bean 'org.springframework.boot.context.properties.EnableConfigurationPropertiesRegistrar.methodValidationExcludeFilter'
2025-11-26 15:19:50 - Creating shared instance of singleton bean 'persistenceExceptionTranslationPostProcessor'
2025-11-26 15:19:50 - Autowiring by type from bean name 'persistenceExceptionTranslationPostProcessor' via factory method to bean named 'environment'
2025-11-26 15:19:50 - Creating shared instance of singleton bean 'webServerFactoryCustomizerBeanPostProcessor'
2025-11-26 15:19:50 - Creating shared instance of singleton bean 'errorPageRegistrarBeanPostProcessor'
2025-11-26 15:19:50 - Creating shared instance of singleton bean 'healthEndpointGroupsBeanPostProcessor'
2025-11-26 15:19:50 - Creating shared instance of singleton bean 'preFilterAuthorizationAdvisor'
2025-11-26 15:19:50 - Creating shared instance of singleton bean 'preFilterAuthorizationMethodInterceptor'
2025-11-26 15:19:50 - Creating shared instance of singleton bean 'preAuthorizeAuthorizationAdvisor'
2025-11-26 15:19:50 - Creating shared instance of singleton bean 'preAuthorizeAuthorizationMethodInterceptor'
2025-11-26 15:19:50 - Creating shared instance of singleton bean 'postFilterAuthorizationAdvisor'
2025-11-26 15:19:50 - Creating shared instance of singleton bean 'postFilterAuthorizationMethodInterceptor'
2025-11-26 15:19:50 - Creating shared instance of singleton bean 'postAuthorizeAuthorizationAdvisor'
2025-11-26 15:19:50 - Creating shared instance of singleton bean 'postAuthorizeAuthorizationMethodInterceptor'
2025-11-26 15:19:50 - Creating shared instance of singleton bean 'securedAuthorizationAdvisor'
2025-11-26 15:19:50 - Creating shared instance of singleton bean 'securedAuthorizationMethodInterceptor'
2025-11-26 15:19:50 - Creating shared instance of singleton bean 'authorizeReturnObjectAdvisor'
2025-11-26 15:19:50 - Creating shared instance of singleton bean 'authorizeReturnObjectMethodInterceptor'
2025-11-26 15:19:50 - Creating shared instance of singleton bean 'authorizationProxyFactory'
2025-11-26 15:19:50 - Autowiring by type from bean name 'authorizeReturnObjectMethodInterceptor' via factory method to bean named 'authorizationProxyFactory'
2025-11-26 15:19:50 - Creating shared instance of singleton bean 'org.springframework.transaction.config.internalTransactionAdvisor'
2025-11-26 15:19:50 - Creating shared instance of singleton bean 'org.springframework.transaction.annotation.ProxyTransactionManagementConfiguration'
2025-11-26 15:19:50 - Found AspectJ method: public java.lang.Object io.micrometer.observation.aop.ObservedAspect.observeClass(org.aspectj.lang.ProceedingJoinPoint) throws java.lang.Throwable
2025-11-26 15:19:50 - Found AspectJ method: public java.lang.Object io.micrometer.observation.aop.ObservedAspect.observeMethod(org.aspectj.lang.ProceedingJoinPoint) throws java.lang.Throwable
2025-11-26 15:19:50 - Creating shared instance of singleton bean 'transactionAttributeSource'
2025-11-26 15:19:50 - Creating shared instance of singleton bean 'transactionInterceptor'
2025-11-26 15:19:50 - Autowiring by type from bean name 'transactionInterceptor' via factory method to bean named 'transactionAttributeSource'
2025-11-26 15:19:50 - Autowiring by type from bean name 'org.springframework.transaction.config.internalTransactionAdvisor' via factory method to bean named 'transactionAttributeSource'
2025-11-26 15:19:50 - Autowiring by type from bean name 'org.springframework.transaction.config.internalTransactionAdvisor' via factory method to bean named 'transactionInterceptor'
2025-11-26 15:19:50 - Creating shared instance of singleton bean 'meterRegistryPostProcessor'
2025-11-26 15:19:50 - Autowiring by type from bean name 'meterRegistryPostProcessor' via factory method to bean named 'org.springframework.web.context.support.GenericWebApplicationContext@288214b1'
2025-11-26 15:19:50 - Creating shared instance of singleton bean 'metricsRepositoryMethodInvocationListenerBeanPostProcessor'
2025-11-26 15:19:50 - Creating shared instance of singleton bean 'observationRegistryPostProcessor'
2025-11-26 15:19:50 - Creating shared instance of singleton bean 'hypermediaRepresentionModelProcessorConfigurator'
2025-11-26 15:19:50 - Creating shared instance of singleton bean 'hypermediaRestTemplateBeanPostProcessor'
2025-11-26 15:19:50 - Creating shared instance of singleton bean 'projectionDefinitionRegistrar'
2025-11-26 15:19:50 - Creating shared instance of singleton bean 'annotatedEventHandlerInvoker'
2025-11-26 15:19:50 - Creating shared instance of singleton bean 'configurationPropertiesBeans'
2025-11-26 15:19:50 - Creating shared instance of singleton bean 'lbRestClientPostProcessor'
2025-11-26 15:19:50 - Autowiring by type from bean name 'lbRestClientPostProcessor' via factory method to bean named 'org.springframework.web.context.support.GenericWebApplicationContext@288214b1'
2025-11-26 15:19:50 - Creating shared instance of singleton bean 'lbRestTemplateBuilderPostProcessor'
2025-11-26 15:19:50 - Autowiring by type from bean name 'lbRestTemplateBuilderPostProcessor' via factory method to bean named 'org.springframework.web.context.support.GenericWebApplicationContext@288214b1'
2025-11-26 15:19:50 - Unable to locate ThemeSource with name 'themeSource': using default [org.springframework.ui.context.support.ResourceBundleThemeSource@7d80e1b3]
2025-11-26 15:19:50 - Creating shared instance of singleton bean 'org.springframework.test.context.support.internalDynamicPropertyRegistrarBeanInitializer'
2025-11-26 15:19:50 - Creating shared instance of singleton bean 'dataSourceScriptDatabaseInitializer'
2025-11-26 15:19:50 - Creating shared instance of singleton bean 'org.springframework.boot.autoconfigure.sql.init.DataSourceInitializationConfiguration'
2025-11-26 15:19:50 - Creating shared instance of singleton bean 'dataSource'
2025-11-26 15:19:50 - Creating shared instance of singleton bean 'org.springframework.boot.autoconfigure.jdbc.DataSourceConfiguration$Hikari'
2025-11-26 15:19:50 - Creating shared instance of singleton bean 'spring.datasource-org.springframework.boot.autoconfigure.jdbc.DataSourceProperties'
2025-11-26 15:19:50 - Creating shared instance of singleton bean 'org.springframework.boot.context.properties.BoundConfigurationProperties'
2025-11-26 15:19:50 - Creating shared instance of singleton bean 'defaultsBindHandlerAdvisor'
2025-11-26 15:19:50 - Creating shared instance of singleton bean 'org.springframework.cloud.commons.config.CommonsConfigAutoConfiguration'
2025-11-26 15:19:50 - Creating shared instance of singleton bean 'loadBalancerClientsDefaultsMappingsProvider'
2025-11-26 15:19:50 - Creating shared instance of singleton bean 'org.springframework.cloud.client.loadbalancer.LoadBalancerDefaultMappingsProviderAutoConfiguration'
2025-11-26 15:19:50 - Autowiring by type from bean name 'defaultsBindHandlerAdvisor' via factory method to bean named 'loadBalancerClientsDefaultsMappingsProvider'
2025-11-26 15:19:50 - Creating shared instance of singleton bean 'jdbcConnectionDetails'
2025-11-26 15:19:50 - Creating shared instance of singleton bean 'org.springframework.boot.autoconfigure.jdbc.DataSourceAutoConfiguration$PooledDataSourceConfiguration'
2025-11-26 15:19:50 - Autowiring by type from bean name 'jdbcConnectionDetails' via factory method to bean named 'spring.datasource-org.springframework.boot.autoconfigure.jdbc.DataSourceProperties'
2025-11-26 15:19:50 - Autowiring by type from bean name 'dataSource' via factory method to bean named 'spring.datasource-org.springframework.boot.autoconfigure.jdbc.DataSourceProperties'
2025-11-26 15:19:50 - Autowiring by type from bean name 'dataSource' via factory method to bean named 'jdbcConnectionDetails'
2025-11-26 15:19:50 - Creating shared instance of singleton bean 'spring.sql.init-org.springframework.boot.autoconfigure.sql.init.SqlInitializationProperties'
2025-11-26 15:19:50 - Autowiring by type from bean name 'dataSourceScriptDatabaseInitializer' via factory method to bean named 'dataSource'
2025-11-26 15:19:50 - Autowiring by type from bean name 'dataSourceScriptDatabaseInitializer' via factory method to bean named 'spring.sql.init-org.springframework.boot.autoconfigure.sql.init.SqlInitializationProperties'
2025-11-26 15:19:50 - Creating shared instance of singleton bean 'entityManagerFactory'
2025-11-26 15:19:50 - Creating shared instance of singleton bean 'org.springframework.boot.autoconfigure.orm.jpa.HibernateJpaConfiguration'
2025-11-26 15:19:50 - Creating shared instance of singleton bean 'spring.jpa-org.springframework.boot.autoconfigure.orm.jpa.JpaProperties'
2025-11-26 15:19:50 - Creating shared instance of singleton bean 'spring.jpa.hibernate-org.springframework.boot.autoconfigure.orm.jpa.HibernateProperties'
2025-11-26 15:19:50 - Autowiring by type from bean name 'org.springframework.boot.autoconfigure.orm.jpa.HibernateJpaConfiguration' via constructor to bean named 'dataSource'
2025-11-26 15:19:50 - Autowiring by type from bean name 'org.springframework.boot.autoconfigure.orm.jpa.HibernateJpaConfiguration' via constructor to bean named 'spring.jpa-org.springframework.boot.autoconfigure.orm.jpa.JpaProperties'
2025-11-26 15:19:50 - Autowiring by type from bean name 'org.springframework.boot.autoconfigure.orm.jpa.HibernateJpaConfiguration' via constructor to bean named 'org.springframework.beans.factory.support.DefaultListableBeanFactory@1b956cfa'
2025-11-26 15:19:50 - Autowiring by type from bean name 'org.springframework.boot.autoconfigure.orm.jpa.HibernateJpaConfiguration' via constructor to bean named 'spring.jpa.hibernate-org.springframework.boot.autoconfigure.orm.jpa.HibernateProperties'
2025-11-26 15:19:50 - Creating shared instance of singleton bean 'hikariPoolDataSourceMetadataProvider'
2025-11-26 15:19:50 - Creating shared instance of singleton bean 'org.springframework.boot.autoconfigure.jdbc.metadata.DataSourcePoolMetadataProvidersConfiguration$HikariPoolDataSourceMetadataProviderConfiguration'
2025-11-26 15:19:50 - Creating shared instance of singleton bean 'entityManagerFactoryBuilder'
2025-11-26 15:19:50 - Creating shared instance of singleton bean 'jpaVendorAdapter'
2025-11-26 15:19:50 - Autowiring by type from bean name 'entityManagerFactoryBuilder' via factory method to bean named 'jpaVendorAdapter'
2025-11-26 15:19:50 - Creating shared instance of singleton bean 'persistenceManagedTypes'
2025-11-26 15:19:50 - Autowiring by type from bean name 'persistenceManagedTypes' via factory method to bean named 'org.springframework.beans.factory.support.DefaultListableBeanFactory@1b956cfa'
2025-11-26 15:19:50 - Autowiring by type from bean name 'persistenceManagedTypes' via factory method to bean named 'org.springframework.web.context.support.GenericWebApplicationContext@288214b1'
2025-11-26 15:19:50 - Autowiring by type from bean name 'entityManagerFactory' via factory method to bean named 'entityManagerFactoryBuilder'
2025-11-26 15:19:50 - Autowiring by type from bean name 'entityManagerFactory' via factory method to bean named 'persistenceManagedTypes'
2025-11-26 15:19:50 - Building JPA container EntityManagerFactory for persistence unit 'default'
2025-11-26 15:19:50 - HHH000204: Processing PersistenceUnitInfo [name: default]
2025-11-26 15:19:50 - HHH000412: Hibernate ORM core version 6.6.11.Final
2025-11-26 15:19:50 - HHH000026: Second-level cache disabled
2025-11-26 15:19:51 - No LoadTimeWeaver setup: ignoring JPA class transformer
2025-11-26 15:19:51 - HikariPool-1 - Starting...
2025-11-26 15:19:51 - HikariPool-1 - Added connection com.mysql.cj.jdbc.ConnectionImpl@407d2a01
2025-11-26 15:19:51 - HikariPool-1 - Start completed.
2025-11-26 15:19:51 - HHH90000025: MySQL8Dialect does not need to be specified explicitly using 'hibernate.dialect' (remove the property setting and it will be selected by default)
2025-11-26 15:19:51 - HHH90000026: MySQL8Dialect has been deprecated; use org.hibernate.dialect.MySQLDialect instead
2025-11-26 15:19:51 - HHH10001005: Database info:
	Database JDBC URL [Connecting through datasource 'HikariDataSource (HikariPool-1)']
	Database driver: undefined/unknown
	Database version: 8.0
	Autocommit mode: undefined/unknown
	Isolation level: undefined/unknown
	Minimum pool size: undefined/unknown
	Maximum pool size: undefined/unknown
2025-11-26 15:19:52 - HHH000489: No JTA platform available (set 'hibernate.transaction.jta.platform' to enable JTA platform integration)
2025-11-26 15:19:53 - alter table dbx45ty_consultation modify column type_consultation varchar(255) not null
Hibernate: alter table dbx45ty_consultation modify column type_consultation varchar(255) not null
2025-11-26 15:19:53 - GenerationTarget encountered exception accepting command : Error executing DDL "alter table dbx45ty_consultation modify column type_consultation varchar(255) not null" via JDBC [Cannot change column 'type_consultation': used in a foreign key constraint 'dbx45ty_consultation_ibfk_3']
org.hibernate.tool.schema.spi.CommandAcceptanceException: Error executing DDL "alter table dbx45ty_consultation modify column type_consultation varchar(255) not null" via JDBC [Cannot change column 'type_consultation': used in a foreign key constraint 'dbx45ty_consultation_ibfk_3']
	at org.hibernate.tool.schema.internal.exec.GenerationTargetToDatabase.accept(GenerationTargetToDatabase.java:94) ~[hibernate-core-6.6.11.Final.jar:6.6.11.Final]
	at org.hibernate.tool.schema.internal.AbstractSchemaMigrator.applySqlString(AbstractSchemaMigrator.java:576) ~[hibernate-core-6.6.11.Final.jar:6.6.11.Final]
	at org.hibernate.tool.schema.internal.AbstractSchemaMigrator.applySqlStrings(AbstractSchemaMigrator.java:516) ~[hibernate-core-6.6.11.Final.jar:6.6.11.Final]
	at org.hibernate.tool.schema.internal.AbstractSchemaMigrator.migrateTable(AbstractSchemaMigrator.java:334) ~[hibernate-core-6.6.11.Final.jar:6.6.11.Final]
	at org.hibernate.tool.schema.internal.GroupedSchemaMigratorImpl.performTablesMigration(GroupedSchemaMigratorImpl.java:84) ~[hibernate-core-6.6.11.Final.jar:6.6.11.Final]
	at org.hibernate.tool.schema.internal.AbstractSchemaMigrator.performMigration(AbstractSchemaMigrator.java:233) ~[hibernate-core-6.6.11.Final.jar:6.6.11.Final]
	at org.hibernate.tool.schema.internal.AbstractSchemaMigrator.doMigration(AbstractSchemaMigrator.java:112) ~[hibernate-core-6.6.11.Final.jar:6.6.11.Final]
	at org.hibernate.tool.schema.spi.SchemaManagementToolCoordinator.performDatabaseAction(SchemaManagementToolCoordinator.java:280) ~[hibernate-core-6.6.11.Final.jar:6.6.11.Final]
	at org.hibernate.tool.schema.spi.SchemaManagementToolCoordinator.lambda$process$5(SchemaManagementToolCoordinator.java:144) ~[hibernate-core-6.6.11.Final.jar:6.6.11.Final]
	at java.base/java.util.HashMap.forEach(HashMap.java:1429) ~[na:na]
	at org.hibernate.tool.schema.spi.SchemaManagementToolCoordinator.process(SchemaManagementToolCoordinator.java:141) ~[hibernate-core-6.6.11.Final.jar:6.6.11.Final]
	at org.hibernate.boot.internal.SessionFactoryObserverForSchemaExport.sessionFactoryCreated(SessionFactoryObserverForSchemaExport.java:37) ~[hibernate-core-6.6.11.Final.jar:6.6.11.Final]
	at org.hibernate.internal.SessionFactoryObserverChain.sessionFactoryCreated(SessionFactoryObserverChain.java:35) ~[hibernate-core-6.6.11.Final.jar:6.6.11.Final]
	at org.hibernate.internal.SessionFactoryImpl.<init>(SessionFactoryImpl.java:324) ~[hibernate-core-6.6.11.Final.jar:6.6.11.Final]
	at org.hibernate.boot.internal.SessionFactoryBuilderImpl.build(SessionFactoryBuilderImpl.java:463) ~[hibernate-core-6.6.11.Final.jar:6.6.11.Final]
	at org.hibernate.jpa.boot.internal.EntityManagerFactoryBuilderImpl.build(EntityManagerFactoryBuilderImpl.java:1517) ~[hibernate-core-6.6.11.Final.jar:6.6.11.Final]
	at org.springframework.orm.jpa.vendor.SpringHibernateJpaPersistenceProvider.createContainerEntityManagerFactory(SpringHibernateJpaPersistenceProvider.java:66) ~[spring-orm-6.2.5.jar:6.2.5]
	at org.springframework.orm.jpa.LocalContainerEntityManagerFactoryBean.createNativeEntityManagerFactory(LocalContainerEntityManagerFactoryBean.java:390) ~[spring-orm-6.2.5.jar:6.2.5]
	at org.springframework.orm.jpa.AbstractEntityManagerFactoryBean.buildNativeEntityManagerFactory(AbstractEntityManagerFactoryBean.java:419) ~[spring-orm-6.2.5.jar:6.2.5]
	at org.springframework.orm.jpa.AbstractEntityManagerFactoryBean.afterPropertiesSet(AbstractEntityManagerFactoryBean.java:400) ~[spring-orm-6.2.5.jar:6.2.5]
	at org.springframework.orm.jpa.LocalContainerEntityManagerFactoryBean.afterPropertiesSet(LocalContainerEntityManagerFactoryBean.java:366) ~[spring-orm-6.2.5.jar:6.2.5]
	at org.springframework.beans.factory.support.AbstractAutowireCapableBeanFactory.invokeInitMethods(AbstractAutowireCapableBeanFactory.java:1859) ~[spring-beans-6.2.5.jar:6.2.5]
	at org.springframework.beans.factory.support.AbstractAutowireCapableBeanFactory.initializeBean(AbstractAutowireCapableBeanFactory.java:1808) ~[spring-beans-6.2.5.jar:6.2.5]
	at org.springframework.beans.factory.support.AbstractAutowireCapableBeanFactory.doCreateBean(AbstractAutowireCapableBeanFactory.java:601) ~[spring-beans-6.2.5.jar:6.2.5]
	at org.springframework.beans.factory.support.AbstractAutowireCapableBeanFactory.createBean(AbstractAutowireCapableBeanFactory.java:523) ~[spring-beans-6.2.5.jar:6.2.5]
	at org.springframework.beans.factory.support.AbstractBeanFactory.lambda$doGetBean$0(AbstractBeanFactory.java:339) ~[spring-beans-6.2.5.jar:6.2.5]
	at org.springframework.beans.factory.support.DefaultSingletonBeanRegistry.getSingleton(DefaultSingletonBeanRegistry.java:347) ~[spring-beans-6.2.5.jar:6.2.5]
	at org.springframework.beans.factory.support.AbstractBeanFactory.doGetBean(AbstractBeanFactory.java:337) ~[spring-beans-6.2.5.jar:6.2.5]
	at org.springframework.beans.factory.support.AbstractBeanFactory.getBean(AbstractBeanFactory.java:207) ~[spring-beans-6.2.5.jar:6.2.5]
	at org.springframework.context.support.AbstractApplicationContext.finishBeanFactoryInitialization(AbstractApplicationContext.java:970) ~[spring-context-6.2.5.jar:6.2.5]
	at org.springframework.context.support.AbstractApplicationContext.refresh(AbstractApplicationContext.java:627) ~[spring-context-6.2.5.jar:6.2.5]
	at org.springframework.boot.SpringApplication.refresh(SpringApplication.java:752) ~[spring-boot-3.4.4.jar:3.4.4]
	at org.springframework.boot.SpringApplication.refreshContext(SpringApplication.java:439) ~[spring-boot-3.4.4.jar:3.4.4]
	at org.springframework.boot.SpringApplication.run(SpringApplication.java:318) ~[spring-boot-3.4.4.jar:3.4.4]
	at org.springframework.boot.test.context.SpringBootContextLoader.lambda$loadContext$3(SpringBootContextLoader.java:144) ~[spring-boot-test-3.4.4.jar:3.4.4]
	at org.springframework.util.function.ThrowingSupplier.get(ThrowingSupplier.java:58) ~[spring-core-6.2.5.jar:6.2.5]
[...]

   ZipkinConfigurations.BraveConfiguration#asyncZipkinSpanHandler:
      Did not match:
         - @ConditionalOnEnabledTracing management.tracing.enabled is false (OnEnabledTracingCondition)
      Matched:
         - @ConditionalOnBean (types: zipkin2.reporter.BytesMessageSender; SearchStrategy: all) found bean 'restTemplateSender'; @ConditionalOnMissingBean (types: zipkin2.reporter.brave.AsyncZipkinSpanHandler; SearchStrategy: all) did not find any beans (OnBeanCondition)

   ZipkinConfigurations.HttpClientSenderConfiguration#httpClientSender:
      Did not match:
         - @ConditionalOnMissingBean (types: zipkin2.reporter.BytesMessageSender; SearchStrategy: all) found beans of type 'zipkin2.reporter.BytesMessageSender' restTemplateSender (OnBeanCondition)

   ZipkinConfigurations.OpenTelemetryConfiguration:
      Did not match:
         - @ConditionalOnClass did not find required classes 'io.opentelemetry.exporter.zipkin.ZipkinSpanExporter', 'zipkin2.Span' (OnClassCondition)

   ZipkinConfigurations.UrlConnectionSenderConfiguration:
      Did not match:
         - @ConditionalOnClass did not find required class 'zipkin2.reporter.urlconnection.URLConnectionSender' (OnClassCondition)

   ZipkinConfigurations.WebClientSenderConfiguration:
      Did not match:
         - @ConditionalOnClass did not find required class 'org.springframework.web.reactive.function.client.WebClient' (OnClassCondition)


Exclusions:
-----------

    None


Unconditional classes:
----------------------

    org.springframework.boot.autoconfigure.context.ConfigurationPropertiesAutoConfiguration

    org.springframework.cloud.client.ReactiveCommonsClientAutoConfiguration

    org.springframework.boot.actuate.autoconfigure.availability.AvailabilityHealthContributorAutoConfiguration

    org.springframework.boot.autoconfigure.ssl.SslAutoConfiguration

    org.springframework.boot.actuate.autoconfigure.info.InfoContributorAutoConfiguration

    org.springframework.cloud.client.discovery.simple.SimpleDiscoveryClientAutoConfiguration

    org.springframework.boot.autoconfigure.context.PropertyPlaceholderAutoConfiguration

    org.springframework.boot.autoconfigure.context.LifecycleAutoConfiguration

    org.springframework.cloud.client.CommonsClientAutoConfiguration

    org.springframework.boot.actuate.autoconfigure.metrics.integration.IntegrationMetricsAutoConfiguration

    org.springframework.boot.actuate.autoconfigure.endpoint.EndpointAutoConfiguration

    org.springframework.cloud.commons.config.CommonsConfigAutoConfiguration

    org.springframework.cloud.netflix.eureka.config.DiscoveryClientOptionalArgsConfiguration

    org.springframework.boot.actuate.autoconfigure.web.server.ManagementContextAutoConfiguration

    org.springframework.cloud.client.loadbalancer.LoadBalancerDefaultMappingsProviderAutoConfiguration

    org.springframework.cloud.config.client.ConfigClientAutoConfiguration

    org.springframework.cloud.client.discovery.composite.CompositeDiscoveryClientAutoConfiguration

    org.springframework.boot.actuate.autoconfigure.health.HealthContributorAutoConfiguration

    org.springframework.cloud.client.serviceregistry.ServiceRegistryAutoConfiguration

    org.springframework.cloud.autoconfigure.LifecycleMvcEndpointAutoConfiguration

    org.springframework.boot.actuate.autoconfigure.endpoint.jackson.JacksonEndpointAutoConfiguration

    org.springframework.boot.autoconfigure.availability.ApplicationAvailabilityAutoConfiguration

    org.springframework.boot.autoconfigure.info.ProjectInfoAutoConfiguration



2025-11-26 15:20:01 - Started BiometryApplicationTests in 13.939 seconds (process running for 14.919)
2025-11-26 15:20:01 - Request execution error. endpoint=DefaultEndpoint{ serviceUrl='http://localhost:8761/eureka/}, exception=I/O error on POST request for "http://localhost:8761/eureka/apps/SERVICE-BIOMETRIE": Connect to http://localhost:8761 [localhost/127.0.0.1, localhost/0:0:0:0:0:0:0:1] failed: Connection refused: no further information stacktrace=org.springframework.web.client.ResourceAccessException: I/O error on POST request for "http://localhost:8761/eureka/apps/SERVICE-BIOMETRIE": Connect to http://localhost:8761 [localhost/127.0.0.1, localhost/0:0:0:0:0:0:0:1] failed: Connection refused: no further information
	at org.springframework.web.client.RestTemplate.createResourceAccessException(RestTemplate.java:926)
	at org.springframework.web.client.RestTemplate.doExecute(RestTemplate.java:906)
	at org.springframework.web.client.RestTemplate.execute(RestTemplate.java:841)
	at org.springframework.web.client.RestTemplate.exchange(RestTemplate.java:702)
	at org.springframework.cloud.netflix.eureka.http.RestTemplateEurekaHttpClient.register(RestTemplateEurekaHttpClient.java:87)
	at com.netflix.discovery.shared.transport.decorator.EurekaHttpClientDecorator$1.execute(EurekaHttpClientDecorator.java:59)
	at com.netflix.discovery.shared.transport.decorator.RedirectingEurekaHttpClient.executeOnNewServer(RedirectingEurekaHttpClient.java:121)
	at com.netflix.discovery.shared.transport.decorator.RedirectingEurekaHttpClient.execute(RedirectingEurekaHttpClient.java:80)
	at com.netflix.discovery.shared.transport.decorator.EurekaHttpClientDecorator.register(EurekaHttpClientDecorator.java:56)
	at com.netflix.discovery.shared.transport.decorator.EurekaHttpClientDecorator$1.execute(EurekaHttpClientDecorator.java:59)
	at com.netflix.discovery.shared.transport.decorator.RetryableEurekaHttpClient.execute(RetryableEurekaHttpClient.java:120)
	at com.netflix.discovery.shared.transport.decorator.EurekaHttpClientDecorator.register(EurekaHttpClientDecorator.java:56)
	at com.netflix.discovery.shared.transport.decorator.EurekaHttpClientDecorator$1.execute(EurekaHttpClientDecorator.java:59)
	at com.netflix.discovery.shared.transport.decorator.SessionedEurekaHttpClient.execute(SessionedEurekaHttpClient.java:76)
	at com.netflix.discovery.shared.transport.decorator.EurekaHttpClientDecorator.register(EurekaHttpClientDecorator.java:56)
	at com.netflix.discovery.DiscoveryClient.register(DiscoveryClient.java:828)
	at com.netflix.discovery.InstanceInfoReplicator.run(InstanceInfoReplicator.java:125)
	at com.netflix.discovery.InstanceInfoReplicator$2.run(InstanceInfoReplicator.java:105)
	at java.base/java.util.concurrent.Executors$RunnableAdapter.call(Executors.java:572)
	at java.base/java.util.concurrent.FutureTask.run(FutureTask.java:317)
	at java.base/java.util.concurrent.ScheduledThreadPoolExecutor$ScheduledFutureTask.run(ScheduledThreadPoolExecutor.java:304)
	at java.base/java.util.concurrent.ThreadPoolExecutor.runWorker(ThreadPoolExecutor.java:1144)
	at java.base/java.util.concurrent.ThreadPoolExecutor$Worker.run(ThreadPoolExecutor.java:642)
	at java.base/java.lang.Thread.run(Thread.java:1583)
Caused by: org.apache.hc.client5.http.HttpHostConnectException: Connect to http://localhost:8761 [localhost/127.0.0.1, localhost/0:0:0:0:0:0:0:1] failed: Connection refused: no further information
	at java.base/sun.nio.ch.Net.pollConnect(Native Method)
	at java.base/sun.nio.ch.Net.pollConnectNow(Net.java:682)
	at java.base/sun.nio.ch.NioSocketImpl.timedFinishConnect(NioSocketImpl.java:542)
	at java.base/sun.nio.ch.NioSocketImpl.connect(NioSocketImpl.java:592)
	at java.base/java.net.SocksSocketImpl.connect(SocksSocketImpl.java:327)
	at java.base/java.net.Socket.connect(Socket.java:751)
	at org.apache.hc.client5.http.impl.io.DefaultHttpClientConnectionOperator.connect(DefaultHttpClientConnectionOperator.java:216)
	at org.apache.hc.client5.http.impl.io.PoolingHttpClientConnectionManager.connect(PoolingHttpClientConnectionManager.java:490)
	at org.apache.hc.client5.http.impl.classic.InternalExecRuntime.connectEndpoint(InternalExecRuntime.java:164)
	at org.apache.hc.client5.http.impl.classic.InternalExecRuntime.connectEndpoint(InternalExecRuntime.java:174)
	at org.apache.hc.client5.http.impl.classic.ConnectExec.execute(ConnectExec.java:144)
	at org.apache.hc.client5.http.impl.classic.ExecChainElement.execute(ExecChainElement.java:51)
	at org.apache.hc.client5.http.impl.classic.ProtocolExec.execute(ProtocolExec.java:192)
	at org.apache.hc.client5.http.impl.classic.ExecChainElement.execute(ExecChainElement.java:51)
	at org.apache.hc.client5.http.impl.classic.ContentCompressionExec.execute(ContentCompressionExec.java:150)
	at org.apache.hc.client5.http.impl.classic.ExecChainElement.execute(ExecChainElement.java:51)
	at org.apache.hc.client5.http.impl.classic.HttpRequestRetryExec.execute(HttpRequestRetryExec.java:113)
	at org.apache.hc.client5.http.impl.classic.ExecChainElement.execute(ExecChainElement.java:51)
	at org.apache.hc.client5.http.impl.classic.RedirectExec.execute(RedirectExec.java:110)
	at org.apache.hc.client5.http.impl.classic.ExecChainElement.execute(ExecChainElement.java:51)
	at org.apache.hc.client5.http.impl.classic.InternalHttpClient.doExecute(InternalHttpClient.java:174)
	at org.apache.hc.client5.http.impl.classic.CloseableHttpClient.execute(CloseableHttpClient.java:87)
	at org.apache.hc.client5.http.impl.classic.CloseableHttpClient.execute(CloseableHttpClient.java:55)
	at org.apache.hc.client5.http.classic.HttpClient.executeOpen(HttpClient.java:183)
	at org.springframework.http.client.HttpComponentsClientHttpRequest.executeInternal(HttpComponentsClientHttpRequest.java:99)
	at org.springframework.http.client.AbstractStreamingClientHttpRequest.executeInternal(AbstractStreamingClientHttpRequest.java:71)
	at org.springframework.http.client.AbstractClientHttpRequest.execute(AbstractClientHttpRequest.java:81)
	at org.springframework.http.client.InterceptingClientHttpRequest$InterceptingRequestExecution.execute(InterceptingClientHttpRequest.java:117)
	at org.springframework.cloud.netflix.eureka.http.RestTemplateTransportClientFactory.lambda$restTemplate$2(RestTemplateTransportClientFactory.java:145)
	at org.springframework.http.client.InterceptingClientHttpRequest$InterceptingRequestExecution.execute(InterceptingClientHttpRequest.java:88)
	at org.springframework.http.client.InterceptingClientHttpRequest.executeInternal(InterceptingClientHttpRequest.java:72)
	at org.springframework.http.client.AbstractBufferingClientHttpRequest.executeInternal(AbstractBufferingClientHttpRequest.java:48)
	at org.springframework.http.client.AbstractClientHttpRequest.execute(AbstractClientHttpRequest.java:81)
	at org.springframework.web.client.RestTemplate.doExecute(RestTemplate.java:900)
	... 22 more

2025-11-26 15:20:01 - Request execution failed with message: I/O error on POST request for "http://localhost:8761/eureka/apps/SERVICE-BIOMETRIE": Connect to http://localhost:8761 [localhost/127.0.0.1, localhost/0:0:0:0:0:0:0:1] failed: Connection refused: no further information
2025-11-26 15:20:01 - DiscoveryClient_SERVICE-BIOMETRIE/DLA-HO-LP-013:service-biometrie:8181 - registration failed Cannot execute request on any known server
com.netflix.discovery.shared.transport.TransportException: Cannot execute request on any known server
	at com.netflix.discovery.shared.transport.decorator.RetryableEurekaHttpClient.execute(RetryableEurekaHttpClient.java:112) ~[eureka-client-2.0.4.jar:2.0.4]
	at com.netflix.discovery.shared.transport.decorator.EurekaHttpClientDecorator.register(EurekaHttpClientDecorator.java:56) ~[eureka-client-2.0.4.jar:2.0.4]
	at com.netflix.discovery.shared.transport.decorator.EurekaHttpClientDecorator$1.execute(EurekaHttpClientDecorator.java:59) ~[eureka-client-2.0.4.jar:2.0.4]
	at com.netflix.discovery.shared.transport.decorator.SessionedEurekaHttpClient.execute(SessionedEurekaHttpClient.java:76) ~[eureka-client-2.0.4.jar:2.0.4]
	at com.netflix.discovery.shared.transport.decorator.EurekaHttpClientDecorator.register(EurekaHttpClientDecorator.java:56) ~[eureka-client-2.0.4.jar:2.0.4]
	at com.netflix.discovery.DiscoveryClient.register(DiscoveryClient.java:828) ~[eureka-client-2.0.4.jar:2.0.4]
	at com.netflix.discovery.InstanceInfoReplicator.run(InstanceInfoReplicator.java:125) ~[eureka-client-2.0.4.jar:2.0.4]
	at com.netflix.discovery.InstanceInfoReplicator$2.run(InstanceInfoReplicator.java:105) ~[eureka-client-2.0.4.jar:2.0.4]
	at java.base/java.util.concurrent.Executors$RunnableAdapter.call(Executors.java:572) ~[na:na]
	at java.base/java.util.concurrent.FutureTask.run(FutureTask.java:317) ~[na:na]
	at java.base/java.util.concurrent.ScheduledThreadPoolExecutor$ScheduledFutureTask.run(ScheduledThreadPoolExecutor.java:304) ~[na:na]
	at java.base/java.util.concurrent.ThreadPoolExecutor.runWorker(ThreadPoolExecutor.java:1144) ~[na:na]
	at java.base/java.util.concurrent.ThreadPoolExecutor$Worker.run(ThreadPoolExecutor.java:642) ~[na:na]
	at java.base/java.lang.Thread.run(Thread.java:1583) ~[na:na]
2025-11-26 15:20:01 - There was a problem with the instance info replicator
com.netflix.discovery.shared.transport.TransportException: Cannot execute request on any known server
	at com.netflix.discovery.shared.transport.decorator.RetryableEurekaHttpClient.execute(RetryableEurekaHttpClient.java:112) ~[eureka-client-2.0.4.jar:2.0.4]
	at com.netflix.discovery.shared.transport.decorator.EurekaHttpClientDecorator.register(EurekaHttpClientDecorator.java:56) ~[eureka-client-2.0.4.jar:2.0.4]
	at com.netflix.discovery.shared.transport.decorator.EurekaHttpClientDecorator$1.execute(EurekaHttpClientDecorator.java:59) ~[eureka-client-2.0.4.jar:2.0.4]
	at com.netflix.discovery.shared.transport.decorator.SessionedEurekaHttpClient.execute(SessionedEurekaHttpClient.java:76) ~[eureka-client-2.0.4.jar:2.0.4]
	at com.netflix.discovery.shared.transport.decorator.EurekaHttpClientDecorator.register(EurekaHttpClientDecorator.java:56) ~[eureka-client-2.0.4.jar:2.0.4]
	at com.netflix.discovery.DiscoveryClient.register(DiscoveryClient.java:828) ~[eureka-client-2.0.4.jar:2.0.4]
	at com.netflix.discovery.InstanceInfoReplicator.run(InstanceInfoReplicator.java:125) ~[eureka-client-2.0.4.jar:2.0.4]
	at com.netflix.discovery.InstanceInfoReplicator$2.run(InstanceInfoReplicator.java:105) ~[eureka-client-2.0.4.jar:2.0.4]
	at java.base/java.util.concurrent.Executors$RunnableAdapter.call(Executors.java:572) ~[na:na]
	at java.base/java.util.concurrent.FutureTask.run(FutureTask.java:317) ~[na:na]
	at java.base/java.util.concurrent.ScheduledThreadPoolExecutor$ScheduledFutureTask.run(ScheduledThreadPoolExecutor.java:304) ~[na:na]
	at java.base/java.util.concurrent.ThreadPoolExecutor.runWorker(ThreadPoolExecutor.java:1144) ~[na:na]
	at java.base/java.util.concurrent.ThreadPoolExecutor$Worker.run(ThreadPoolExecutor.java:642) ~[na:na]
	at java.base/java.lang.Thread.run(Thread.java:1583) ~[na:na]
2025-11-26 15:20:01 - Application availability state LivenessState changed to CORRECT
2025-11-26 15:20:01 - Application availability state ReadinessState changed to ACCEPTING_TRAFFIC
2025-11-26 15:20:01 - Spring test ApplicationContext cache statistics: [DefaultContextCache@100c22a2 size = 1, maxSize = 32, parentContextCount = 0, hitCount = 0, missCount = 1, failureCount = 0]
2025-11-26 15:20:01 - Setting up MockHttpServletRequest, MockHttpServletResponse, ServletWebRequest, and RequestContextHolder for test class db.biometry.biometry.BiometryApplicationTests
2025-11-26 15:20:01 - Performing dependency injection for test class db.biometry.biometry.BiometryApplicationTests
2025-11-26 15:20:01 - Spring test ApplicationContext cache statistics: [DefaultContextCache@100c22a2 size = 1, maxSize = 32, parentContextCount = 0, hitCount = 1, missCount = 1, failureCount = 0]
2025-11-26 15:20:01 - Spring test ApplicationContext cache statistics: [DefaultContextCache@100c22a2 size = 1, maxSize = 32, parentContextCount = 0, hitCount = 2, missCount = 1, failureCount = 0]
2025-11-26 15:20:01 - Before test method: class [BiometryApplicationTests], method [contextLoads], class annotated with @DirtiesContext [false] with mode [null], method annotated with @DirtiesContext [false] with mode [null]
2025-11-26 15:20:01 - Spring test ApplicationContext cache statistics: [DefaultContextCache@100c22a2 size = 1, maxSize = 32, parentContextCount = 0, hitCount = 3, missCount = 1, failureCount = 0]
2025-11-26 15:20:01 - Registering ObservationRegistry from ApplicationContext in ObservationThreadLocalAccessor for test class db.biometry.biometry.BiometryApplicationTests
2025-11-26 15:20:01 - Spring test ApplicationContext cache statistics: [DefaultContextCache@100c22a2 size = 1, maxSize = 32, parentContextCount = 0, hitCount = 4, missCount = 1, failureCount = 0]
2025-11-26 15:20:01 - Spring test ApplicationContext cache statistics: [DefaultContextCache@100c22a2 size = 1, maxSize = 32, parentContextCount = 0, hitCount = 5, missCount = 1, failureCount = 0]
2025-11-26 15:20:01 - Spring test ApplicationContext cache statistics: [DefaultContextCache@100c22a2 size = 1, maxSize = 32, parentContextCount = 0, hitCount = 6, missCount = 1, failureCount = 0]
2025-11-26 15:20:01 - Spring test ApplicationContext cache statistics: [DefaultContextCache@100c22a2 size = 1, maxSize = 32, parentContextCount = 0, hitCount = 7, missCount = 1, failureCount = 0]
2025-11-26 15:20:01 - Spring test ApplicationContext cache statistics: [DefaultContextCache@100c22a2 size = 1, maxSize = 32, parentContextCount = 0, hitCount = 8, missCount = 1, failureCount = 0]
2025-11-26 15:20:01 - Spring test ApplicationContext cache statistics: [DefaultContextCache@100c22a2 size = 1, maxSize = 32, parentContextCount = 0, hitCount = 9, missCount = 1, failureCount = 0]
2025-11-26 15:20:01 - Spring test ApplicationContext cache statistics: [DefaultContextCache@100c22a2 size = 1, maxSize = 32, parentContextCount = 0, hitCount = 10, missCount = 1, failureCount = 0]
2025-11-26 15:20:01 - Spring test ApplicationContext cache statistics: [DefaultContextCache@100c22a2 size = 1, maxSize = 32, parentContextCount = 0, hitCount = 11, missCount = 1, failureCount = 0]
2025-11-26 15:20:01 - Spring test ApplicationContext cache statistics: [DefaultContextCache@100c22a2 size = 1, maxSize = 32, parentContextCount = 0, hitCount = 12, missCount = 1, failureCount = 0]
2025-11-26 15:20:01 - Spring test ApplicationContext cache statistics: [DefaultContextCache@100c22a2 size = 1, maxSize = 32, parentContextCount = 0, hitCount = 13, missCount = 1, failureCount = 0]
2025-11-26 15:20:01 - Spring test ApplicationContext cache statistics: [DefaultContextCache@100c22a2 size = 1, maxSize = 32, parentContextCount = 0, hitCount = 14, missCount = 1, failureCount = 0]
2025-11-26 15:20:01 - Spring test ApplicationContext cache statistics: [DefaultContextCache@100c22a2 size = 1, maxSize = 32, parentContextCount = 0, hitCount = 15, missCount = 1, failureCount = 0]
2025-11-26 15:20:01 - After test method: class [BiometryApplicationTests], method [contextLoads], class annotated with @DirtiesContext [false] with mode [null], method annotated with @DirtiesContext [false] with mode [null]
2025-11-26 15:20:01 - Restoring ObservationRegistry in ObservationThreadLocalAccessor for test class db.biometry.biometry.BiometryApplicationTests
2025-11-26 15:20:01 - Resetting RequestContextHolder for test class db.biometry.biometry.BiometryApplicationTests
]]></system-out>
    <system-err><![CDATA[Mockito is currently self-attaching to enable the inline-mock-maker. This will no longer work in future releases of the JDK. Please add Mockito as an agent to your build what is described in Mockito's documentation: https://javadoc.io/doc/org.mockito/mockito-core/latest/org/mockito/Mockito.html#0.3
WARNING: A Java agent has been loaded dynamically (C:\Users\USER01\.m2\repository\net\bytebuddy\byte-buddy-agent\1.15.11\byte-buddy-agent-1.15.11.jar)
WARNING: If a serviceability tool is in use, please run with -XX:+EnableDynamicAgentLoading to hide this warning
WARNING: If a serviceability tool is not in use, please run with -Djdk.instrument.traceUsage for more information
WARNING: Dynamic loading of agents will be disallowed by default in a future release
]]></system-err>
  </testcase>
</testsuite>