# JRE version: Java(TM) SE Runtime Environment 18.9 (11.0.16+11) (build 11.0.16+11-LTS-199)
# Java VM: Java HotSpot(TM) 64-Bit Server VM 18.9 (11.0.16+11-LTS-199, mixed mode, tiered, compressed oops, g1 gc, windows-amd64)
Heap:
 garbage-first heap   total 310272K, used 101129K [0x0000000705a00000, 0x0000000800000000)
  region size 1024K, 83 young (84992K), 23 survivors (23552K)
 Metaspace       used 70397K, capacity 72589K, committed 72784K, reserved 1112064K
  class space    used 8825K, capacity 9691K, committed 9728K, reserved 1048576K
GC Heap History (10 events):
Event: 2.386 GC heap before
{Heap before GC invocations=4 (full 0):
 garbage-first heap   total 258048K, used 88034K [0x0000000705a00000, 0x0000000800000000)
  region size 1024K, 79 young (80896K), 5 survivors (5120K)
 Metaspace       used 32513K, capacity 33463K, committed 33584K, reserved 1079296K
  class space    used 3813K, capacity 4206K, committed 4224K, reserved 1048576K
}
Event: 2.391 GC heap after
{Heap after GC invocations=5 (full 0):
 garbage-first heap   total 258048K, used 15035K [0x0000000705a00000, 0x0000000800000000)
  region size 1024K, 7 young (7168K), 7 survivors (7168K)
 Metaspace       used 32513K, capacity 33463K, committed 33584K, reserved 1079296K
  class space    used 3813K, capacity 4206K, committed 4224K, reserved 1048576K
}
Event: 2.755 GC heap before
{Heap before GC invocations=5 (full 0):
 garbage-first heap   total 258048K, used 40635K [0x0000000705a00000, 0x0000000800000000)
  region size 1024K, 33 young (33792K), 7 survivors (7168K)
 Metaspace       used 34821K, capacity 35848K, committed 35920K, reserved 1081344K
  class space    used 4138K, capacity 4595K, committed 4608K, reserved 1048576K
}
Event: 2.761 GC heap after
{Heap after GC invocations=6 (full 0):
 garbage-first heap   total 258048K, used 16261K [0x0000000705a00000, 0x0000000800000000)
  region size 1024K, 9 young (9216K), 9 survivors (9216K)
 Metaspace       used 34821K, capacity 35848K, committed 35920K, reserved 1081344K
  class space    used 4138K, capacity 4595K, committed 4608K, reserved 1048576K
}
Event: 4.355 GC heap before
{Heap before GC invocations=7 (full 0):
 garbage-first heap   total 258048K, used 137093K [0x0000000705a00000, 0x0000000800000000)
  region size 1024K, 127 young (130048K), 9 survivors (9216K)
 Metaspace       used 51034K, capacity 52487K, committed 52560K, reserved 1095680K
  class space    used 6290K, capacity 6858K, committed 6912K, reserved 1048576K
}
Event: 4.364 GC heap after
{Heap after GC invocations=8 (full 0):
 garbage-first heap   total 258048K, used 23230K [0x0000000705a00000, 0x0000000800000000)
  region size 1024K, 15 young (15360K), 15 survivors (15360K)
 Metaspace       used 51034K, capacity 52487K, committed 52560K, reserved 1095680K
  class space    used 6290K, capacity 6858K, committed 6912K, reserved 1048576K
}
Event: 5.128 GC heap before
{Heap before GC invocations=8 (full 0):
 garbage-first heap   total 258048K, used 130750K [0x0000000705a00000, 0x0000000800000000)
  region size 1024K, 122 young (124928K), 15 survivors (15360K)
 Metaspace       used 58689K, capacity 60160K, committed 60240K, reserved 1101824K
  class space    used 7283K, capacity 7876K, committed 7936K, reserved 1048576K
}
Event: 5.139 GC heap after
{Heap after GC invocations=9 (full 0):
 garbage-first heap   total 310272K, used 27562K [0x0000000705a00000, 0x0000000800000000)
  region size 1024K, 13 young (13312K), 13 survivors (13312K)
 Metaspace       used 58689K, capacity 60160K, committed 60240K, reserved 1101824K
  class space    used 7283K, capacity 7876K, committed 7936K, reserved 1048576K
}
Event: 6.748 GC heap before
{Heap before GC invocations=10 (full 0):
 garbage-first heap   total 310272K, used 199594K [0x0000000705a00000, 0x0000000800000000)
  region size 1024K, 181 young (185344K), 13 survivors (13312K)
 Metaspace       used 67809K, capacity 69844K, committed 69968K, reserved 1110016K
  class space    used 8514K, capacity 9353K, committed 9472K, reserved 1048576K
}
Event: 6.762 GC heap after
{Heap after GC invocations=11 (full 0):
 garbage-first heap   total 310272K, used 39689K [0x0000000705a00000, 0x0000000800000000)
  region size 1024K, 23 young (23552K), 23 survivors (23552K)
 Metaspace       used 67809K, capacity 69844K, committed 69968K, reserved 1110016K
  class space    used 8514K, capacity 9353K, committed 9472K, reserved 1048576K
}

