# JRE version: Java(TM) SE Runtime Environment (21.0.1+12) (build 21.0.1+12-LTS-29)
# Java VM: Java HotSpot(TM) 64-Bit Server VM (21.0.1+12-LTS-29, mixed mode, sharing, tiered, compressed oops, compressed class ptrs, g1 gc, windows-amd64)
GC Precious Log:
 CardTable entry size: 512
 Card Set container configuration: InlinePtr #cards 4 size 8 Array Of Cards #cards 16 size 48 Howl #buckets 8 coarsen threshold 3686 Howl Bitmap #cards 512 size 80 coarsen threshold 460 Card regions per heap region 1 cards per card region 4096
 CPUs: 12 total, 12 available
 Memory: 16016M
 Large Page Support: Disabled
 NUMA Support: Disabled
 Compressed Oops: Enabled (Zero based)
 Heap Region Size: 2M
 Heap Min Capacity: 8M
 Heap Initial Capacity: 252M
 Heap Max Capacity: 4006M
 Pre-touch: Disabled
 Parallel Workers: 10
 Concurrent Workers: 3
 Concurrent Refinement Workers: 10
 Periodic GC: Disabled
Heap:
 garbage-first heap   total 114688K, used 60599K [0x0000000705a00000, 0x0000000800000000)
  region size 2048K, 11 young (22528K), 2 survivors (4096K)
 Metaspace       used 63471K, committed 64320K, reserved 1114112K
  class space    used 8068K, committed 8448K, reserved 1048576K
GC Heap History (20 events):
Event: 1.915 GC heap before
{Heap before GC invocations=3 (full 0):
 garbage-first heap   total 258048K, used 30872K [0x0000000705a00000, 0x0000000800000000)
  region size 2048K, 11 young (22528K), 4 survivors (8192K)
 Metaspace       used 21122K, committed 21504K, reserved 1114112K
  class space    used 2605K, committed 2816K, reserved 1048576K
}
Event: 1.919 GC heap after
{Heap after GC invocations=4 (full 0):
 garbage-first heap   total 258048K, used 20161K [0x0000000705a00000, 0x0000000800000000)
  region size 2048K, 3 young (6144K), 3 survivors (6144K)
 Metaspace       used 21122K, committed 21504K, reserved 1114112K
  class space    used 2605K, committed 2816K, reserved 1048576K
}
Event: 3.264 GC heap before
{Heap before GC invocations=5 (full 0):
 garbage-first heap   total 81920K, used 79553K [0x0000000705a00000, 0x0000000800000000)
  region size 2048K, 32 young (65536K), 3 survivors (6144K)
 Metaspace       used 28052K, committed 28480K, reserved 1114112K
  class space    used 3452K, committed 3648K, reserved 1048576K
}
Event: 3.271 GC heap after
{Heap after GC invocations=6 (full 0):
 garbage-first heap   total 92160K, used 24321K [0x0000000705a00000, 0x0000000800000000)
  region size 2048K, 5 young (10240K), 5 survivors (10240K)
 Metaspace       used 28052K, committed 28480K, reserved 1114112K
  class space    used 3452K, committed 3648K, reserved 1048576K
}
Event: 4.128 GC heap before
{Heap before GC invocations=6 (full 0):
 garbage-first heap   total 92160K, used 69377K [0x0000000705a00000, 0x0000000800000000)
  region size 2048K, 27 young (55296K), 5 survivors (10240K)
 Metaspace       used 34755K, committed 35264K, reserved 1114112K
  class space    used 4329K, committed 4544K, reserved 1048576K
}
Event: 4.138 GC heap after
{Heap after GC invocations=7 (full 0):
 garbage-first heap   total 92160K, used 27939K [0x0000000705a00000, 0x0000000800000000)
  region size 2048K, 2 young (4096K), 2 survivors (4096K)
 Metaspace       used 34755K, committed 35264K, reserved 1114112K
  class space    used 4329K, committed 4544K, reserved 1048576K
}
Event: 4.280 GC heap before
{Heap before GC invocations=7 (full 0):
 garbage-first heap   total 92160K, used 40227K [0x0000000705a00000, 0x0000000800000000)
  region size 2048K, 9 young (18432K), 2 survivors (4096K)
 Metaspace       used 35440K, committed 35968K, reserved 1114112K
  class space    used 4435K, committed 4672K, reserved 1048576K
}
Event: 4.286 GC heap after
{Heap after GC invocations=8 (full 0):
 garbage-first heap   total 92160K, used 27822K [0x0000000705a00000, 0x0000000800000000)
  region size 2048K, 2 young (4096K), 2 survivors (4096K)
 Metaspace       used 35440K, committed 35968K, reserved 1114112K
  class space    used 4435K, committed 4672K, reserved 1048576K
}
Event: 5.024 GC heap before
{Heap before GC invocations=9 (full 0):
 garbage-first heap   total 92160K, used 76974K [0x0000000705a00000, 0x0000000800000000)
  region size 2048K, 26 young (53248K), 2 survivors (4096K)
 Metaspace       used 43059K, committed 43648K, reserved 1114112K
  class space    used 5515K, committed 5760K, reserved 1048576K
}
Event: 5.034 GC heap after
{Heap after GC invocations=10 (full 0):
 garbage-first heap   total 92160K, used 34283K [0x0000000705a00000, 0x0000000800000000)
  region size 2048K, 4 young (8192K), 4 survivors (8192K)
 Metaspace       used 43059K, committed 43648K, reserved 1114112K
  class space    used 5515K, committed 5760K, reserved 1048576K
}
Event: 5.959 GC heap before
{Heap before GC invocations=10 (full 0):
 garbage-first heap   total 92160K, used 77291K [0x0000000705a00000, 0x0000000800000000)
  region size 2048K, 25 young (51200K), 4 survivors (8192K)
 Metaspace       used 49805K, committed 50496K, reserved 1114112K
  class space    used 6613K, committed 6912K, reserved 1048576K
}
Event: 5.965 GC heap after
{Heap after GC invocations=11 (full 0):
 garbage-first heap   total 94208K, used 38487K [0x0000000705a00000, 0x0000000800000000)
  region size 2048K, 3 young (6144K), 3 survivors (6144K)
 Metaspace       used 49805K, committed 50496K, reserved 1114112K
  class space    used 6613K, committed 6912K, reserved 1048576K
}
Event: 6.583 GC heap before
{Heap before GC invocations=11 (full 0):
 garbage-first heap   total 94208K, used 77399K [0x0000000705a00000, 0x0000000800000000)
  region size 2048K, 22 young (45056K), 3 survivors (6144K)
 Metaspace       used 56043K, committed 56704K, reserved 1114112K
  class space    used 7407K, committed 7680K, reserved 1048576K
}
Event: 6.587 GC heap after
{Heap after GC invocations=12 (full 0):
 garbage-first heap   total 94208K, used 42341K [0x0000000705a00000, 0x0000000800000000)
  region size 2048K, 3 young (6144K), 3 survivors (6144K)
 Metaspace       used 56043K, committed 56704K, reserved 1114112K
  class space    used 7407K, committed 7680K, reserved 1048576K
}
Event: 137.496 GC heap before
{Heap before GC invocations=12 (full 0):
 garbage-first heap   total 94208K, used 56677K [0x0000000705a00000, 0x0000000800000000)
  region size 2048K, 12 young (24576K), 3 survivors (6144K)
 Metaspace       used 59356K, committed 60096K, reserved 1114112K
  class space    used 7847K, committed 8192K, reserved 1048576K
}
Event: 137.501 GC heap after
{Heap after GC invocations=13 (full 0):
 garbage-first heap   total 94208K, used 43843K [0x0000000705a00000, 0x0000000800000000)
  region size 2048K, 1 young (2048K), 1 survivors (2048K)
 Metaspace       used 59356K, committed 60096K, reserved 1114112K
  class space    used 7847K, committed 8192K, reserved 1048576K
}
Event: 1906.010 GC heap before
{Heap before GC invocations=14 (full 0):
 garbage-first heap   total 94208K, used 80707K [0x0000000705a00000, 0x0000000800000000)
  region size 2048K, 19 young (38912K), 1 survivors (2048K)
 Metaspace       used 62060K, committed 62912K, reserved 1114112K
  class space    used 8051K, committed 8448K, reserved 1048576K
}
Event: 1906.022 GC heap after
{Heap after GC invocations=15 (full 0):
 garbage-first heap   total 114688K, used 44929K [0x0000000705a00000, 0x0000000800000000)
  region size 2048K, 2 young (4096K), 2 survivors (4096K)
 Metaspace       used 62060K, committed 62912K, reserved 1114112K
  class space    used 8051K, committed 8448K, reserved 1048576K
}
Event: 4970.869 GC heap before
{Heap before GC invocations=15 (full 0):
 garbage-first heap   total 114688K, used 100225K [0x0000000705a00000, 0x0000000800000000)
  region size 2048K, 29 young (59392K), 2 survivors (4096K)
 Metaspace       used 63307K, committed 64192K, reserved 1114112K
  class space    used 8063K, committed 8448K, reserved 1048576K
}
Event: 4970.877 GC heap after
{Heap after GC invocations=16 (full 0):
 garbage-first heap   total 114688K, used 44215K [0x0000000705a00000, 0x0000000800000000)
  region size 2048K, 2 young (4096K), 2 survivors (4096K)
 Metaspace       used 63307K, committed 64192K, reserved 1114112K
  class space    used 8063K, committed 8448K, reserved 1048576K
}

