# JRE version: Java(TM) SE Runtime Environment (21.0.1+12) (build 21.0.1+12-LTS-29)
# Java VM: Java HotSpot(TM) 64-Bit Server VM (21.0.1+12-LTS-29, mixed mode, sharing, tiered, compressed oops, compressed class ptrs, g1 gc, windows-amd64)
GC Precious Log:
 CardTable entry size: 512
 Card Set container configuration: InlinePtr #cards 4 size 8 Array Of Cards #cards 16 size 48 Howl #buckets 8 coarsen threshold 3686 Howl Bitmap #cards 512 size 80 coarsen threshold 460 Card regions per heap region 1 cards per card region 4096
 CPUs: 12 total, 12 available
 Memory: 16016M
 Large Page Support: Disabled
 NUMA Support: Disabled
 Compressed Oops: Enabled (Zero based)
 Heap Region Size: 2M
 Heap Min Capacity: 8M
 Heap Initial Capacity: 252M
 Heap Max Capacity: 4006M
 Pre-touch: Disabled
 Parallel Workers: 10
 Concurrent Workers: 3
 Concurrent Refinement Workers: 10
 Periodic GC: Disabled
Heap:
 garbage-first heap   total 104448K, used 42339K [0x0000000705a00000, 0x0000000800000000)
  region size 2048K, 5 young (10240K), 2 survivors (4096K)
 Metaspace       used 59330K, committed 60160K, reserved 1114112K
  class space    used 7882K, committed 8256K, reserved 1048576K
GC Heap History (20 events):
Event: 0.998 GC heap before
{Heap before GC invocations=1 (full 0):
 garbage-first heap   total 258048K, used 26148K [0x0000000705a00000, 0x0000000800000000)
  region size 2048K, 11 young (22528K), 2 survivors (4096K)
 Metaspace       used 6684K, committed 6912K, reserved 1114112K
  class space    used 740K, committed 832K, reserved 1048576K
}
Event: 1.002 GC heap after
{Heap after GC invocations=2 (full 0):
 garbage-first heap   total 258048K, used 13762K [0x0000000705a00000, 0x0000000800000000)
  region size 2048K, 2 young (4096K), 2 survivors (4096K)
 Metaspace       used 6684K, committed 6912K, reserved 1114112K
  class space    used 740K, committed 832K, reserved 1048576K
}
Event: 1.857 GC heap before
{Heap before GC invocations=2 (full 0):
 garbage-first heap   total 258048K, used 52674K [0x0000000705a00000, 0x0000000800000000)
  region size 2048K, 21 young (43008K), 2 survivors (4096K)
 Metaspace       used 15458K, committed 15744K, reserved 1114112K
  class space    used 2024K, committed 2176K, reserved 1048576K
}
Event: 1.863 GC heap after
{Heap after GC invocations=3 (full 0):
 garbage-first heap   total 258048K, used 17156K [0x0000000705a00000, 0x0000000800000000)
  region size 2048K, 2 young (4096K), 2 survivors (4096K)
 Metaspace       used 15458K, committed 15744K, reserved 1114112K
  class space    used 2024K, committed 2176K, reserved 1048576K
}
Event: 2.394 GC heap before
{Heap before GC invocations=3 (full 0):
 garbage-first heap   total 258048K, used 43780K [0x0000000705a00000, 0x0000000800000000)
  region size 2048K, 17 young (34816K), 2 survivors (4096K)
 Metaspace       used 21163K, committed 21504K, reserved 1114112K
  class space    used 2699K, committed 2880K, reserved 1048576K
}
Event: 2.399 GC heap after
{Heap after GC invocations=4 (full 0):
 garbage-first heap   total 258048K, used 19400K [0x0000000705a00000, 0x0000000800000000)
  region size 2048K, 3 young (6144K), 3 survivors (6144K)
 Metaspace       used 21163K, committed 21504K, reserved 1114112K
  class space    used 2699K, committed 2880K, reserved 1048576K
}
Event: 4.102 GC heap before
{Heap before GC invocations=5 (full 0):
 garbage-first heap   total 75776K, used 74696K [0x0000000705a00000, 0x0000000800000000)
  region size 2048K, 30 young (61440K), 3 survivors (6144K)
 Metaspace       used 27805K, committed 28224K, reserved 1114112K
  class space    used 3523K, committed 3712K, reserved 1048576K
}
Event: 4.113 GC heap after
{Heap after GC invocations=6 (full 0):
 garbage-first heap   total 86016K, used 23923K [0x0000000705a00000, 0x0000000800000000)
  region size 2048K, 5 young (10240K), 5 survivors (10240K)
 Metaspace       used 27805K, committed 28224K, reserved 1114112K
  class space    used 3523K, committed 3712K, reserved 1048576K
}
Event: 5.565 GC heap before
{Heap before GC invocations=6 (full 0):
 garbage-first heap   total 86016K, used 64883K [0x0000000705a00000, 0x0000000800000000)
  region size 2048K, 25 young (51200K), 5 survivors (10240K)
 Metaspace       used 34190K, committed 34624K, reserved 1114112K
  class space    used 4461K, committed 4672K, reserved 1048576K
}
Event: 5.582 GC heap after
{Heap after GC invocations=7 (full 0):
 garbage-first heap   total 86016K, used 25746K [0x0000000705a00000, 0x0000000800000000)
  region size 2048K, 2 young (4096K), 2 survivors (4096K)
 Metaspace       used 34190K, committed 34624K, reserved 1114112K
  class space    used 4461K, committed 4672K, reserved 1048576K
}
Event: 5.888 GC heap before
{Heap before GC invocations=7 (full 0):
 garbage-first heap   total 86016K, used 33938K [0x0000000705a00000, 0x0000000800000000)
  region size 2048K, 7 young (14336K), 2 survivors (4096K)
 Metaspace       used 35495K, committed 35968K, reserved 1114112K
  class space    used 4633K, committed 4864K, reserved 1048576K
}
Event: 5.899 GC heap after
{Heap after GC invocations=8 (full 0):
 garbage-first heap   total 86016K, used 27064K [0x0000000705a00000, 0x0000000800000000)
  region size 2048K, 1 young (2048K), 1 survivors (2048K)
 Metaspace       used 35495K, committed 35968K, reserved 1114112K
  class space    used 4633K, committed 4864K, reserved 1048576K
}
Event: 7.001 GC heap before
{Heap before GC invocations=9 (full 0):
 garbage-first heap   total 86016K, used 70072K [0x0000000705a00000, 0x0000000800000000)
  region size 2048K, 22 young (45056K), 1 survivors (2048K)
 Metaspace       used 40009K, committed 40576K, reserved 1114112K
  class space    used 5309K, committed 5568K, reserved 1048576K
}
Event: 7.010 GC heap after
{Heap after GC invocations=10 (full 0):
 garbage-first heap   total 104448K, used 29443K [0x0000000705a00000, 0x0000000800000000)
  region size 2048K, 2 young (4096K), 2 survivors (4096K)
 Metaspace       used 40009K, committed 40576K, reserved 1114112K
  class space    used 5309K, committed 5568K, reserved 1048576K
}
Event: 9.145 GC heap before
{Heap before GC invocations=10 (full 0):
 garbage-first heap   total 104448K, used 86787K [0x0000000705a00000, 0x0000000800000000)
  region size 2048K, 30 young (61440K), 2 survivors (4096K)
 Metaspace       used 49570K, committed 50368K, reserved 1114112K
  class space    used 6693K, committed 7040K, reserved 1048576K
}
Event: 9.168 GC heap after
{Heap after GC invocations=11 (full 0):
 garbage-first heap   total 104448K, used 33740K [0x0000000705a00000, 0x0000000800000000)
  region size 2048K, 4 young (8192K), 4 survivors (8192K)
 Metaspace       used 49570K, committed 50368K, reserved 1114112K
  class space    used 6693K, committed 7040K, reserved 1048576K
}
Event: 491.429 GC heap before
{Heap before GC invocations=11 (full 0):
 garbage-first heap   total 104448K, used 86988K [0x0000000705a00000, 0x0000000800000000)
  region size 2048K, 30 young (61440K), 4 survivors (8192K)
 Metaspace       used 58881K, committed 59712K, reserved 1114112K
  class space    used 7880K, committed 8256K, reserved 1048576K
}
Event: 491.441 GC heap after
{Heap after GC invocations=12 (full 0):
 garbage-first heap   total 104448K, used 38627K [0x0000000705a00000, 0x0000000800000000)
  region size 2048K, 3 young (6144K), 3 survivors (6144K)
 Metaspace       used 58881K, committed 59712K, reserved 1114112K
  class space    used 7880K, committed 8256K, reserved 1048576K
}
Event: 970.302 GC heap before
{Heap before GC invocations=12 (full 0):
 garbage-first heap   total 104448K, used 55011K [0x0000000705a00000, 0x0000000800000000)
  region size 2048K, 12 young (24576K), 3 survivors (6144K)
 Metaspace       used 59284K, committed 60096K, reserved 1114112K
  class space    used 7881K, committed 8256K, reserved 1048576K
}
Event: 970.307 GC heap after
{Heap after GC invocations=13 (full 0):
 garbage-first heap   total 104448K, used 38243K [0x0000000705a00000, 0x0000000800000000)
  region size 2048K, 2 young (4096K), 2 survivors (4096K)
 Metaspace       used 59284K, committed 60096K, reserved 1114112K
  class space    used 7881K, committed 8256K, reserved 1048576K
}

