# JRE version: Java(TM) SE Runtime Environment (21.0.1+12) (build 21.0.1+12-LTS-29)
# Java VM: Java HotSpot(TM) 64-Bit Server VM (21.0.1+12-LTS-29, mixed mode, sharing, tiered, compressed oops, compressed class ptrs, g1 gc, windows-amd64)
GC Precious Log:
 CardTable entry size: 512
 Card Set container configuration: InlinePtr #cards 4 size 8 Array Of Cards #cards 16 size 48 Howl #buckets 8 coarsen threshold 3686 Howl Bitmap #cards 512 size 80 coarsen threshold 460 Card regions per heap region 1 cards per card region 4096
 CPUs: 12 total, 12 available
 Memory: 16016M
 Large Page Support: Disabled
 NUMA Support: Disabled
 Compressed Oops: Enabled (Zero based)
 Heap Region Size: 2M
 Heap Min Capacity: 8M
 Heap Initial Capacity: 252M
 Heap Max Capacity: 4006M
 Pre-touch: Disabled
 Parallel Workers: 10
 Concurrent Workers: 3
 Concurrent Refinement Workers: 10
 Periodic GC: Disabled
Heap:
 garbage-first heap   total 104448K, used 76462K [0x0000000705a00000, 0x0000000800000000)
  region size 2048K, 24 young (49152K), 1 survivors (2048K)
 Metaspace       used 60879K, committed 61888K, reserved 1114112K
  class space    used 7721K, committed 8256K, reserved 1048576K
GC Heap History (20 events):
Event: 1029.250 GC heap before
{Heap before GC invocations=11 (full 0):
 garbage-first heap   total 104448K, used 83906K [0x0000000705a00000, 0x0000000800000000)
  region size 2048K, 30 young (61440K), 4 survivors (8192K)
 Metaspace       used 58318K, committed 59200K, reserved 1114112K
  class space    used 7808K, committed 8192K, reserved 1048576K
}
Event: 1029.266 GC heap after
{Heap after GC invocations=12 (full 0):
 garbage-first heap   total 104448K, used 37256K [0x0000000705a00000, 0x0000000800000000)
  region size 2048K, 3 young (6144K), 3 survivors (6144K)
 Metaspace       used 58318K, committed 59200K, reserved 1114112K
  class space    used 7808K, committed 8192K, reserved 1048576K
}
Event: 2873.984 GC heap before
{Heap before GC invocations=12 (full 0):
 garbage-first heap   total 104448K, used 84360K [0x0000000705a00000, 0x0000000800000000)
  region size 2048K, 27 young (55296K), 3 survivors (6144K)
 Metaspace       used 59250K, committed 60096K, reserved 1114112K
  class space    used 7818K, committed 8256K, reserved 1048576K
}
Event: 2873.990 GC heap after
{Heap after GC invocations=13 (full 0):
 garbage-first heap   total 104448K, used 37763K [0x0000000705a00000, 0x0000000800000000)
  region size 2048K, 3 young (6144K), 3 survivors (6144K)
 Metaspace       used 59250K, committed 60096K, reserved 1114112K
  class space    used 7818K, committed 8256K, reserved 1048576K
}
Event: 4933.928 GC heap before
{Heap before GC invocations=14 (full 0):
 garbage-first heap   total 104448K, used 86915K [0x0000000705a00000, 0x0000000800000000)
  region size 2048K, 27 young (55296K), 3 survivors (6144K)
 Metaspace       used 59864K, committed 60736K, reserved 1114112K
  class space    used 7821K, committed 8256K, reserved 1048576K
}
Event: 4933.944 GC heap after
{Heap after GC invocations=15 (full 0):
 garbage-first heap   total 104448K, used 37667K [0x0000000705a00000, 0x0000000800000000)
  region size 2048K, 1 young (2048K), 1 survivors (2048K)
 Metaspace       used 59864K, committed 60736K, reserved 1114112K
  class space    used 7821K, committed 8256K, reserved 1048576K
}
Event: 7817.042 GC heap before
{Heap before GC invocations=15 (full 0):
 garbage-first heap   total 104448K, used 92963K [0x0000000705a00000, 0x0000000800000000)
  region size 2048K, 28 young (57344K), 1 survivors (2048K)
 Metaspace       used 60426K, committed 61312K, reserved 1114112K
  class space    used 7833K, committed 8256K, reserved 1048576K
}
Event: 7817.068 GC heap after
{Heap after GC invocations=16 (full 0):
 garbage-first heap   total 104448K, used 36789K [0x0000000705a00000, 0x0000000800000000)
  region size 2048K, 1 young (2048K), 1 survivors (2048K)
 Metaspace       used 60426K, committed 61312K, reserved 1114112K
  class space    used 7833K, committed 8256K, reserved 1048576K
}
Event: 10607.892 GC heap before
{Heap before GC invocations=16 (full 0):
 garbage-first heap   total 104448K, used 92085K [0x0000000705a00000, 0x0000000800000000)
  region size 2048K, 28 young (57344K), 1 survivors (2048K)
 Metaspace       used 60621K, committed 61504K, reserved 1114112K
  class space    used 7834K, committed 8256K, reserved 1048576K
}
Event: 10607.895 GC heap after
{Heap after GC invocations=17 (full 0):
 garbage-first heap   total 104448K, used 36498K [0x0000000705a00000, 0x0000000800000000)
  region size 2048K, 1 young (2048K), 1 survivors (2048K)
 Metaspace       used 60621K, committed 61504K, reserved 1114112K
  class space    used 7834K, committed 8256K, reserved 1048576K
}
Event: 15158.685 GC heap before
{Heap before GC invocations=17 (full 0):
 garbage-first heap   total 104448K, used 91794K [0x0000000705a00000, 0x0000000800000000)
  region size 2048K, 28 young (57344K), 1 survivors (2048K)
 Metaspace       used 60902K, committed 61824K, reserved 1114112K
  class space    used 7835K, committed 8256K, reserved 1048576K
}
Event: 15158.700 GC heap after
{Heap after GC invocations=18 (full 0):
 garbage-first heap   total 104448K, used 36764K [0x0000000705a00000, 0x0000000800000000)
  region size 2048K, 1 young (2048K), 1 survivors (2048K)
 Metaspace       used 60902K, committed 61824K, reserved 1114112K
  class space    used 7835K, committed 8256K, reserved 1048576K
}
Event: 62642.816 GC heap before
{Heap before GC invocations=19 (full 0):
 garbage-first heap   total 104448K, used 92060K [0x0000000705a00000, 0x0000000800000000)
  region size 2048K, 28 young (57344K), 1 survivors (2048K)
 Metaspace       used 60700K, committed 61824K, reserved 1114112K
  class space    used 7723K, committed 8256K, reserved 1048576K
}
Event: 62642.852 GC heap after
{Heap after GC invocations=20 (full 0):
 garbage-first heap   total 104448K, used 36883K [0x0000000705a00000, 0x0000000800000000)
  region size 2048K, 1 young (2048K), 1 survivors (2048K)
 Metaspace       used 60700K, committed 61824K, reserved 1114112K
  class space    used 7723K, committed 8256K, reserved 1048576K
}
Event: 65648.435 GC heap before
{Heap before GC invocations=20 (full 0):
 garbage-first heap   total 104448K, used 92179K [0x0000000705a00000, 0x0000000800000000)
  region size 2048K, 28 young (57344K), 1 survivors (2048K)
 Metaspace       used 60785K, committed 61824K, reserved 1114112K
  class space    used 7725K, committed 8256K, reserved 1048576K
}
Event: 65648.489 GC heap after
{Heap after GC invocations=21 (full 0):
 garbage-first heap   total 104448K, used 31426K [0x0000000705a00000, 0x0000000800000000)
  region size 2048K, 1 young (2048K), 1 survivors (2048K)
 Metaspace       used 60785K, committed 61824K, reserved 1114112K
  class space    used 7725K, committed 8256K, reserved 1048576K
}
Event: 68801.562 GC heap before
{Heap before GC invocations=21 (full 0):
 garbage-first heap   total 104448K, used 90818K [0x0000000705a00000, 0x0000000800000000)
  region size 2048K, 30 young (61440K), 1 survivors (2048K)
 Metaspace       used 60823K, committed 61824K, reserved 1114112K
  class space    used 7726K, committed 8256K, reserved 1048576K
}
Event: 68801.575 GC heap after
{Heap after GC invocations=22 (full 0):
 garbage-first heap   total 104448K, used 31474K [0x0000000705a00000, 0x0000000800000000)
  region size 2048K, 1 young (2048K), 1 survivors (2048K)
 Metaspace       used 60823K, committed 61824K, reserved 1114112K
  class space    used 7726K, committed 8256K, reserved 1048576K
}
Event: 71950.797 GC heap before
{Heap before GC invocations=23 (full 0):
 garbage-first heap   total 104448K, used 90866K [0x0000000705a00000, 0x0000000800000000)
  region size 2048K, 30 young (61440K), 1 survivors (2048K)
 Metaspace       used 60860K, committed 61888K, reserved 1114112K
  class space    used 7721K, committed 8256K, reserved 1048576K
}
Event: 71950.811 GC heap after
{Heap after GC invocations=24 (full 0):
 garbage-first heap   total 104448K, used 31406K [0x0000000705a00000, 0x0000000800000000)
  region size 2048K, 1 young (2048K), 1 survivors (2048K)
 Metaspace       used 60860K, committed 61888K, reserved 1114112K
  class space    used 7721K, committed 8256K, reserved 1048576K
}

