# JRE version: Java(TM) SE Runtime Environment (21.0.1+12) (build 21.0.1+12-LTS-29)
# Java VM: Java HotSpot(TM) 64-Bit Server VM (21.0.1+12-LTS-29, mixed mode, sharing, tiered, compressed oops, compressed class ptrs, g1 gc, windows-amd64)
GC Precious Log:
 CardTable entry size: 512
 Card Set container configuration: InlinePtr #cards 4 size 8 Array Of Cards #cards 16 size 48 Howl #buckets 8 coarsen threshold 3686 Howl Bitmap #cards 512 size 80 coarsen threshold 460 Card regions per heap region 1 cards per card region 4096
 CPUs: 12 total, 12 available
 Memory: 16016M
 Large Page Support: Disabled
 NUMA Support: Disabled
 Compressed Oops: Enabled (Zero based)
 Heap Region Size: 2M
 Heap Min Capacity: 8M
 Heap Initial Capacity: 252M
 Heap Max Capacity: 4006M
 Pre-touch: Disabled
 Parallel Workers: 10
 Concurrent Workers: 3
 Concurrent Refinement Workers: 10
 Periodic GC: Disabled
Heap:
 garbage-first heap   total 110592K, used 83891K [0x0000000705a00000, 0x0000000800000000)
  region size 2048K, 26 young (53248K), 1 survivors (2048K)
 Metaspace       used 60589K, committed 61440K, reserved 1114112K
  class space    used 7792K, committed 8192K, reserved 1048576K
GC Heap History (20 events):
Event: 302.019 GC heap before
{Heap before GC invocations=38 (full 0):
 garbage-first heap   total 110592K, used 98051K [0x0000000705a00000, 0x0000000800000000)
  region size 2048K, 32 young (65536K), 1 survivors (2048K)
 Metaspace       used 60564K, committed 61376K, reserved 1114112K
  class space    used 7791K, committed 8192K, reserved 1048576K
}
Event: 302.020 GC heap after
{Heap after GC invocations=39 (full 0):
 garbage-first heap   total 110592K, used 34710K [0x0000000705a00000, 0x0000000800000000)
  region size 2048K, 1 young (2048K), 1 survivors (2048K)
 Metaspace       used 60564K, committed 61376K, reserved 1114112K
  class space    used 7791K, committed 8192K, reserved 1048576K
}
Event: 302.750 GC heap before
{Heap before GC invocations=40 (full 0):
 garbage-first heap   total 110592K, used 98198K [0x0000000705a00000, 0x0000000800000000)
  region size 2048K, 32 young (65536K), 1 survivors (2048K)
 Metaspace       used 60564K, committed 61376K, reserved 1114112K
  class space    used 7791K, committed 8192K, reserved 1048576K
}
Event: 302.751 GC heap after
{Heap after GC invocations=41 (full 0):
 garbage-first heap   total 110592K, used 34680K [0x0000000705a00000, 0x0000000800000000)
  region size 2048K, 1 young (2048K), 1 survivors (2048K)
 Metaspace       used 60564K, committed 61376K, reserved 1114112K
  class space    used 7791K, committed 8192K, reserved 1048576K
}
Event: 303.629 GC heap before
{Heap before GC invocations=41 (full 0):
 garbage-first heap   total 110592K, used 98168K [0x0000000705a00000, 0x0000000800000000)
  region size 2048K, 32 young (65536K), 1 survivors (2048K)
 Metaspace       used 60564K, committed 61376K, reserved 1114112K
  class space    used 7791K, committed 8192K, reserved 1048576K
}
Event: 303.633 GC heap after
{Heap after GC invocations=42 (full 0):
 garbage-first heap   total 110592K, used 34580K [0x0000000705a00000, 0x0000000800000000)
  region size 2048K, 1 young (2048K), 1 survivors (2048K)
 Metaspace       used 60564K, committed 61376K, reserved 1114112K
  class space    used 7791K, committed 8192K, reserved 1048576K
}
Event: 304.394 GC heap before
{Heap before GC invocations=42 (full 0):
 garbage-first heap   total 110592K, used 98068K [0x0000000705a00000, 0x0000000800000000)
  region size 2048K, 32 young (65536K), 1 survivors (2048K)
 Metaspace       used 60564K, committed 61376K, reserved 1114112K
  class space    used 7791K, committed 8192K, reserved 1048576K
}
Event: 304.395 GC heap after
{Heap after GC invocations=43 (full 0):
 garbage-first heap   total 110592K, used 34748K [0x0000000705a00000, 0x0000000800000000)
  region size 2048K, 1 young (2048K), 1 survivors (2048K)
 Metaspace       used 60564K, committed 61376K, reserved 1114112K
  class space    used 7791K, committed 8192K, reserved 1048576K
}
Event: 305.271 GC heap before
{Heap before GC invocations=44 (full 0):
 garbage-first heap   total 110592K, used 98236K [0x0000000705a00000, 0x0000000800000000)
  region size 2048K, 32 young (65536K), 1 survivors (2048K)
 Metaspace       used 60578K, committed 61440K, reserved 1114112K
  class space    used 7791K, committed 8192K, reserved 1048576K
}
Event: 305.272 GC heap after
{Heap after GC invocations=45 (full 0):
 garbage-first heap   total 110592K, used 34740K [0x0000000705a00000, 0x0000000800000000)
  region size 2048K, 1 young (2048K), 1 survivors (2048K)
 Metaspace       used 60578K, committed 61440K, reserved 1114112K
  class space    used 7791K, committed 8192K, reserved 1048576K
}
Event: 306.171 GC heap before
{Heap before GC invocations=45 (full 0):
 garbage-first heap   total 110592K, used 96180K [0x0000000705a00000, 0x0000000800000000)
  region size 2048K, 32 young (65536K), 1 survivors (2048K)
 Metaspace       used 60579K, committed 61440K, reserved 1114112K
  class space    used 7791K, committed 8192K, reserved 1048576K
}
Event: 306.175 GC heap after
{Heap after GC invocations=46 (full 0):
 garbage-first heap   total 110592K, used 34434K [0x0000000705a00000, 0x0000000800000000)
  region size 2048K, 1 young (2048K), 1 survivors (2048K)
 Metaspace       used 60579K, committed 61440K, reserved 1114112K
  class space    used 7791K, committed 8192K, reserved 1048576K
}
Event: 306.869 GC heap before
{Heap before GC invocations=46 (full 0):
 garbage-first heap   total 110592K, used 97922K [0x0000000705a00000, 0x0000000800000000)
  region size 2048K, 32 young (65536K), 1 survivors (2048K)
 Metaspace       used 60579K, committed 61440K, reserved 1114112K
  class space    used 7791K, committed 8192K, reserved 1048576K
}
Event: 306.871 GC heap after
{Heap after GC invocations=47 (full 0):
 garbage-first heap   total 110592K, used 34379K [0x0000000705a00000, 0x0000000800000000)
  region size 2048K, 1 young (2048K), 1 survivors (2048K)
 Metaspace       used 60579K, committed 61440K, reserved 1114112K
  class space    used 7791K, committed 8192K, reserved 1048576K
}
Event: 307.542 GC heap before
{Heap before GC invocations=48 (full 0):
 garbage-first heap   total 110592K, used 97867K [0x0000000705a00000, 0x0000000800000000)
  region size 2048K, 32 young (65536K), 1 survivors (2048K)
 Metaspace       used 60580K, committed 61440K, reserved 1114112K
  class space    used 7791K, committed 8192K, reserved 1048576K
}
Event: 307.543 GC heap after
{Heap after GC invocations=49 (full 0):
 garbage-first heap   total 110592K, used 34615K [0x0000000705a00000, 0x0000000800000000)
  region size 2048K, 1 young (2048K), 1 survivors (2048K)
 Metaspace       used 60580K, committed 61440K, reserved 1114112K
  class space    used 7791K, committed 8192K, reserved 1048576K
}
Event: 308.256 GC heap before
{Heap before GC invocations=49 (full 0):
 garbage-first heap   total 110592K, used 98103K [0x0000000705a00000, 0x0000000800000000)
  region size 2048K, 32 young (65536K), 1 survivors (2048K)
 Metaspace       used 60582K, committed 61440K, reserved 1114112K
  class space    used 7792K, committed 8192K, reserved 1048576K
}
Event: 308.260 GC heap after
{Heap after GC invocations=50 (full 0):
 garbage-first heap   total 110592K, used 34583K [0x0000000705a00000, 0x0000000800000000)
  region size 2048K, 1 young (2048K), 1 survivors (2048K)
 Metaspace       used 60582K, committed 61440K, reserved 1114112K
  class space    used 7792K, committed 8192K, reserved 1048576K
}
Event: 309.073 GC heap before
{Heap before GC invocations=50 (full 0):
 garbage-first heap   total 110592K, used 98071K [0x0000000705a00000, 0x0000000800000000)
  region size 2048K, 32 young (65536K), 1 survivors (2048K)
 Metaspace       used 60589K, committed 61440K, reserved 1114112K
  class space    used 7792K, committed 8192K, reserved 1048576K
}
Event: 309.074 GC heap after
{Heap after GC invocations=51 (full 0):
 garbage-first heap   total 110592K, used 34739K [0x0000000705a00000, 0x0000000800000000)
  region size 2048K, 1 young (2048K), 1 survivors (2048K)
 Metaspace       used 60589K, committed 61440K, reserved 1114112K
  class space    used 7792K, committed 8192K, reserved 1048576K
}

