# JRE version: Java(TM) SE Runtime Environment (21.0.1+12) (build 21.0.1+12-LTS-29)
# Java VM: Java HotSpot(TM) 64-Bit Server VM (21.0.1+12-LTS-29, mixed mode, sharing, tiered, compressed oops, compressed class ptrs, g1 gc, windows-amd64)
GC Precious Log:
 CardTable entry size: 512
 Card Set container configuration: InlinePtr #cards 4 size 8 Array Of Cards #cards 16 size 48 Howl #buckets 8 coarsen threshold 3686 Howl Bitmap #cards 512 size 80 coarsen threshold 460 Card regions per heap region 1 cards per card region 4096
 CPUs: 12 total, 12 available
 Memory: 16016M
 Large Page Support: Disabled
 NUMA Support: Disabled
 Compressed Oops: Enabled (Zero based)
 Heap Region Size: 2M
 Heap Min Capacity: 8M
 Heap Initial Capacity: 252M
 Heap Max Capacity: 4006M
 Pre-touch: Disabled
 Parallel Workers: 10
 Concurrent Workers: 3
 Concurrent Refinement Workers: 10
 Periodic GC: Disabled
Heap:
 garbage-first heap   total 116736K, used 47732K [0x0000000705a00000, 0x0000000800000000)
  region size 2048K, 11 young (22528K), 1 survivors (2048K)
 Metaspace       used 63625K, committed 64384K, reserved 1114112K
  class space    used 7791K, committed 8192K, reserved 1048576K
GC Heap History (20 events):
Event: 358123.424 GC heap before
{Heap before GC invocations=139 (full 0):
 garbage-first heap   total 110592K, used 93094K [0x0000000705a00000, 0x0000000800000000)
  region size 2048K, 32 young (65536K), 1 survivors (2048K)
 Metaspace       used 63653K, committed 64384K, reserved 1114112K
  class space    used 7799K, committed 8192K, reserved 1048576K
}
Event: 358123.440 GC heap after
{Heap after GC invocations=140 (full 0):
 garbage-first heap   total 110592K, used 29547K [0x0000000705a00000, 0x0000000800000000)
  region size 2048K, 1 young (2048K), 1 survivors (2048K)
 Metaspace       used 63653K, committed 64384K, reserved 1114112K
  class space    used 7799K, committed 8192K, reserved 1048576K
}
Event: 358125.008 GC heap before
{Heap before GC invocations=140 (full 0):
 garbage-first heap   total 110592K, used 93035K [0x0000000705a00000, 0x0000000800000000)
  region size 2048K, 32 young (65536K), 1 survivors (2048K)
 Metaspace       used 63653K, committed 64384K, reserved 1114112K
  class space    used 7799K, committed 8192K, reserved 1048576K
}
Event: 358125.033 GC heap after
{Heap after GC invocations=141 (full 0):
 garbage-first heap   total 110592K, used 29660K [0x0000000705a00000, 0x0000000800000000)
  region size 2048K, 1 young (2048K), 1 survivors (2048K)
 Metaspace       used 63653K, committed 64384K, reserved 1114112K
  class space    used 7799K, committed 8192K, reserved 1048576K
}
Event: 358126.629 GC heap before
{Heap before GC invocations=142 (full 0):
 garbage-first heap   total 110592K, used 91100K [0x0000000705a00000, 0x0000000800000000)
  region size 2048K, 32 young (65536K), 1 survivors (2048K)
 Metaspace       used 63653K, committed 64384K, reserved 1114112K
  class space    used 7799K, committed 8192K, reserved 1048576K
}
Event: 358126.633 GC heap after
{Heap after GC invocations=143 (full 0):
 garbage-first heap   total 110592K, used 29624K [0x0000000705a00000, 0x0000000800000000)
  region size 2048K, 1 young (2048K), 1 survivors (2048K)
 Metaspace       used 63653K, committed 64384K, reserved 1114112K
  class space    used 7799K, committed 8192K, reserved 1048576K
}
Event: 358128.253 GC heap before
{Heap before GC invocations=143 (full 0):
 garbage-first heap   total 110592K, used 93112K [0x0000000705a00000, 0x0000000800000000)
  region size 2048K, 32 young (65536K), 1 survivors (2048K)
 Metaspace       used 63653K, committed 64384K, reserved 1114112K
  class space    used 7799K, committed 8192K, reserved 1048576K
}
Event: 358128.282 GC heap after
{Heap after GC invocations=144 (full 0):
 garbage-first heap   total 110592K, used 29440K [0x0000000705a00000, 0x0000000800000000)
  region size 2048K, 1 young (2048K), 1 survivors (2048K)
 Metaspace       used 63653K, committed 64384K, reserved 1114112K
  class space    used 7799K, committed 8192K, reserved 1048576K
}
Event: 358130.345 GC heap before
{Heap before GC invocations=144 (full 0):
 garbage-first heap   total 110592K, used 92928K [0x0000000705a00000, 0x0000000800000000)
  region size 2048K, 32 young (65536K), 1 survivors (2048K)
 Metaspace       used 63657K, committed 64384K, reserved 1114112K
  class space    used 7799K, committed 8192K, reserved 1048576K
}
Event: 358130.349 GC heap after
{Heap after GC invocations=145 (full 0):
 garbage-first heap   total 110592K, used 29521K [0x0000000705a00000, 0x0000000800000000)
  region size 2048K, 1 young (2048K), 1 survivors (2048K)
 Metaspace       used 63657K, committed 64384K, reserved 1114112K
  class space    used 7799K, committed 8192K, reserved 1048576K
}
Event: 358132.145 GC heap before
{Heap before GC invocations=146 (full 0):
 garbage-first heap   total 110592K, used 93009K [0x0000000705a00000, 0x0000000800000000)
  region size 2048K, 32 young (65536K), 1 survivors (2048K)
 Metaspace       used 63625K, committed 64384K, reserved 1114112K
  class space    used 7791K, committed 8192K, reserved 1048576K
}
Event: 358132.170 GC heap after
{Heap after GC invocations=147 (full 0):
 garbage-first heap   total 110592K, used 29672K [0x0000000705a00000, 0x0000000800000000)
  region size 2048K, 1 young (2048K), 1 survivors (2048K)
 Metaspace       used 63625K, committed 64384K, reserved 1114112K
  class space    used 7791K, committed 8192K, reserved 1048576K
}
Event: 358133.698 GC heap before
{Heap before GC invocations=147 (full 0):
 garbage-first heap   total 110592K, used 93160K [0x0000000705a00000, 0x0000000800000000)
  region size 2048K, 32 young (65536K), 1 survivors (2048K)
 Metaspace       used 63625K, committed 64384K, reserved 1114112K
  class space    used 7791K, committed 8192K, reserved 1048576K
}
Event: 358133.724 GC heap after
{Heap after GC invocations=148 (full 0):
 garbage-first heap   total 133120K, used 29583K [0x0000000705a00000, 0x0000000800000000)
  region size 2048K, 1 young (2048K), 1 survivors (2048K)
 Metaspace       used 63625K, committed 64384K, reserved 1114112K
  class space    used 7791K, committed 8192K, reserved 1048576K
}
Event: 358135.634 GC heap before
{Heap before GC invocations=149 (full 0):
 garbage-first heap   total 116736K, used 97167K [0x0000000705a00000, 0x0000000800000000)
  region size 2048K, 34 young (69632K), 1 survivors (2048K)
 Metaspace       used 63625K, committed 64384K, reserved 1114112K
  class space    used 7791K, committed 8192K, reserved 1048576K
}
Event: 358135.638 GC heap after
{Heap after GC invocations=150 (full 0):
 garbage-first heap   total 116736K, used 29734K [0x0000000705a00000, 0x0000000800000000)
  region size 2048K, 1 young (2048K), 1 survivors (2048K)
 Metaspace       used 63625K, committed 64384K, reserved 1114112K
  class space    used 7791K, committed 8192K, reserved 1048576K
}
Event: 358137.195 GC heap before
{Heap before GC invocations=150 (full 0):
 garbage-first heap   total 116736K, used 97318K [0x0000000705a00000, 0x0000000800000000)
  region size 2048K, 34 young (69632K), 1 survivors (2048K)
 Metaspace       used 63625K, committed 64384K, reserved 1114112K
  class space    used 7791K, committed 8192K, reserved 1048576K
}
Event: 358137.199 GC heap after
{Heap after GC invocations=151 (full 0):
 garbage-first heap   total 116736K, used 29246K [0x0000000705a00000, 0x0000000800000000)
  region size 2048K, 1 young (2048K), 1 survivors (2048K)
 Metaspace       used 63625K, committed 64384K, reserved 1114112K
  class space    used 7791K, committed 8192K, reserved 1048576K
}
Event: 358138.680 GC heap before
{Heap before GC invocations=151 (full 0):
 garbage-first heap   total 116736K, used 96830K [0x0000000705a00000, 0x0000000800000000)
  region size 2048K, 34 young (69632K), 1 survivors (2048K)
 Metaspace       used 63625K, committed 64384K, reserved 1114112K
  class space    used 7791K, committed 8192K, reserved 1048576K
}
Event: 358138.683 GC heap after
{Heap after GC invocations=152 (full 0):
 garbage-first heap   total 116736K, used 29300K [0x0000000705a00000, 0x0000000800000000)
  region size 2048K, 1 young (2048K), 1 survivors (2048K)
 Metaspace       used 63625K, committed 64384K, reserved 1114112K
  class space    used 7791K, committed 8192K, reserved 1048576K
}

