# JRE version: Java(TM) SE Runtime Environment (21.0.1+12) (build 21.0.1+12-LTS-29)
# Java VM: Java HotSpot(TM) 64-Bit Server VM (21.0.1+12-LTS-29, mixed mode, sharing, tiered, compressed oops, compressed class ptrs, g1 gc, windows-amd64)
GC Precious Log:
 CardTable entry size: 512
 Card Set container configuration: InlinePtr #cards 4 size 8 Array Of Cards #cards 16 size 48 Howl #buckets 8 coarsen threshold 3686 Howl Bitmap #cards 512 size 80 coarsen threshold 460 Card regions per heap region 1 cards per card region 4096
 CPUs: 12 total, 12 available
 Memory: 16016M
 Large Page Support: Disabled
 NUMA Support: Disabled
 Compressed Oops: Enabled (Zero based)
 Heap Region Size: 2M
 Heap Min Capacity: 8M
 Heap Initial Capacity: 252M
 Heap Max Capacity: 4006M
 Pre-touch: Disabled
 Parallel Workers: 10
 Concurrent Workers: 3
 Concurrent Refinement Workers: 10
 Periodic GC: Disabled
Heap:
 garbage-first heap   total 98304K, used 61316K [0x0000000705a00000, 0x0000000800000000)
  region size 2048K, 17 young (34816K), 1 survivors (2048K)
 Metaspace       used 61581K, committed 62336K, reserved 1114112K
  class space    used 7690K, committed 8192K, reserved 1048576K
GC Heap History (20 events):
Event: 7320.366 GC heap before
{Heap before GC invocations=21 (full 0):
 garbage-first heap   total 98304K, used 85254K [0x0000000705a00000, 0x0000000800000000)
  region size 2048K, 28 young (57344K), 2 survivors (4096K)
 Metaspace       used 61440K, committed 62272K, reserved 1114112K
  class space    used 7687K, committed 8192K, reserved 1048576K
}
Event: 7320.374 GC heap after
{Heap after GC invocations=22 (full 0):
 garbage-first heap   total 98304K, used 32387K [0x0000000705a00000, 0x0000000800000000)
  region size 2048K, 2 young (4096K), 2 survivors (4096K)
 Metaspace       used 61440K, committed 62272K, reserved 1114112K
  class space    used 7687K, committed 8192K, reserved 1048576K
}
Event: 7322.696 GC heap before
{Heap before GC invocations=22 (full 0):
 garbage-first heap   total 98304K, used 85635K [0x0000000705a00000, 0x0000000800000000)
  region size 2048K, 28 young (57344K), 2 survivors (4096K)
 Metaspace       used 61490K, committed 62272K, reserved 1114112K
  class space    used 7688K, committed 8192K, reserved 1048576K
}
Event: 7322.714 GC heap after
{Heap after GC invocations=23 (full 0):
 garbage-first heap   total 98304K, used 31269K [0x0000000705a00000, 0x0000000800000000)
  region size 2048K, 2 young (4096K), 2 survivors (4096K)
 Metaspace       used 61490K, committed 62272K, reserved 1114112K
  class space    used 7688K, committed 8192K, reserved 1048576K
}
Event: 7323.882 GC heap before
{Heap before GC invocations=23 (full 0):
 garbage-first heap   total 98304K, used 84517K [0x0000000705a00000, 0x0000000800000000)
  region size 2048K, 28 young (57344K), 2 survivors (4096K)
 Metaspace       used 61528K, committed 62336K, reserved 1114112K
  class space    used 7688K, committed 8192K, reserved 1048576K
}
Event: 7323.891 GC heap after
{Heap after GC invocations=24 (full 0):
 garbage-first heap   total 98304K, used 31046K [0x0000000705a00000, 0x0000000800000000)
  region size 2048K, 2 young (4096K), 2 survivors (4096K)
 Metaspace       used 61528K, committed 62336K, reserved 1114112K
  class space    used 7688K, committed 8192K, reserved 1048576K
}
Event: 7325.327 GC heap before
{Heap before GC invocations=25 (full 0):
 garbage-first heap   total 98304K, used 84294K [0x0000000705a00000, 0x0000000800000000)
  region size 2048K, 28 young (57344K), 2 survivors (4096K)
 Metaspace       used 61540K, committed 62336K, reserved 1114112K
  class space    used 7688K, committed 8192K, reserved 1048576K
}
Event: 7325.334 GC heap after
{Heap after GC invocations=26 (full 0):
 garbage-first heap   total 98304K, used 31203K [0x0000000705a00000, 0x0000000800000000)
  region size 2048K, 2 young (4096K), 2 survivors (4096K)
 Metaspace       used 61540K, committed 62336K, reserved 1114112K
  class space    used 7688K, committed 8192K, reserved 1048576K
}
Event: 7326.383 GC heap before
{Heap before GC invocations=26 (full 0):
 garbage-first heap   total 98304K, used 84451K [0x0000000705a00000, 0x0000000800000000)
  region size 2048K, 28 young (57344K), 2 survivors (4096K)
 Metaspace       used 61542K, committed 62336K, reserved 1114112K
  class space    used 7688K, committed 8192K, reserved 1048576K
}
Event: 7326.403 GC heap after
{Heap after GC invocations=27 (full 0):
 garbage-first heap   total 98304K, used 30860K [0x0000000705a00000, 0x0000000800000000)
  region size 2048K, 2 young (4096K), 2 survivors (4096K)
 Metaspace       used 61542K, committed 62336K, reserved 1114112K
  class space    used 7688K, committed 8192K, reserved 1048576K
}
Event: 7327.682 GC heap before
{Heap before GC invocations=27 (full 0):
 garbage-first heap   total 98304K, used 84108K [0x0000000705a00000, 0x0000000800000000)
  region size 2048K, 28 young (57344K), 2 survivors (4096K)
 Metaspace       used 61545K, committed 62336K, reserved 1114112K
  class space    used 7689K, committed 8192K, reserved 1048576K
}
Event: 7327.691 GC heap after
{Heap after GC invocations=28 (full 0):
 garbage-first heap   total 98304K, used 31122K [0x0000000705a00000, 0x0000000800000000)
  region size 2048K, 2 young (4096K), 2 survivors (4096K)
 Metaspace       used 61545K, committed 62336K, reserved 1114112K
  class space    used 7689K, committed 8192K, reserved 1048576K
}
Event: 7328.856 GC heap before
{Heap before GC invocations=29 (full 0):
 garbage-first heap   total 98304K, used 84370K [0x0000000705a00000, 0x0000000800000000)
  region size 2048K, 28 young (57344K), 2 survivors (4096K)
 Metaspace       used 61548K, committed 62336K, reserved 1114112K
  class space    used 7689K, committed 8192K, reserved 1048576K
}
Event: 7328.865 GC heap after
{Heap after GC invocations=30 (full 0):
 garbage-first heap   total 98304K, used 31034K [0x0000000705a00000, 0x0000000800000000)
  region size 2048K, 2 young (4096K), 2 survivors (4096K)
 Metaspace       used 61548K, committed 62336K, reserved 1114112K
  class space    used 7689K, committed 8192K, reserved 1048576K
}
Event: 7331.352 GC heap before
{Heap before GC invocations=30 (full 0):
 garbage-first heap   total 98304K, used 84282K [0x0000000705a00000, 0x0000000800000000)
  region size 2048K, 28 young (57344K), 2 survivors (4096K)
 Metaspace       used 61551K, committed 62336K, reserved 1114112K
  class space    used 7689K, committed 8192K, reserved 1048576K
}
Event: 7331.370 GC heap after
{Heap after GC invocations=31 (full 0):
 garbage-first heap   total 98304K, used 30213K [0x0000000705a00000, 0x0000000800000000)
  region size 2048K, 2 young (4096K), 2 survivors (4096K)
 Metaspace       used 61551K, committed 62336K, reserved 1114112K
  class space    used 7689K, committed 8192K, reserved 1048576K
}
Event: 7336.442 GC heap before
{Heap before GC invocations=31 (full 0):
 garbage-first heap   total 98304K, used 83461K [0x0000000705a00000, 0x0000000800000000)
  region size 2048K, 28 young (57344K), 2 survivors (4096K)
 Metaspace       used 61576K, committed 62336K, reserved 1114112K
  class space    used 7690K, committed 8192K, reserved 1048576K
}
Event: 7336.449 GC heap after
{Heap after GC invocations=32 (full 0):
 garbage-first heap   total 98304K, used 30375K [0x0000000705a00000, 0x0000000800000000)
  region size 2048K, 1 young (2048K), 1 survivors (2048K)
 Metaspace       used 61576K, committed 62336K, reserved 1114112K
  class space    used 7690K, committed 8192K, reserved 1048576K
}
Event: 7340.526 GC heap before
{Heap before GC invocations=33 (full 0):
 garbage-first heap   total 98304K, used 85671K [0x0000000705a00000, 0x0000000800000000)
  region size 2048K, 28 young (57344K), 1 survivors (2048K)
 Metaspace       used 61580K, committed 62336K, reserved 1114112K
  class space    used 7690K, committed 8192K, reserved 1048576K
}
Event: 7340.531 GC heap after
{Heap after GC invocations=34 (full 0):
 garbage-first heap   total 98304K, used 30596K [0x0000000705a00000, 0x0000000800000000)
  region size 2048K, 1 young (2048K), 1 survivors (2048K)
 Metaspace       used 61580K, committed 62336K, reserved 1114112K
  class space    used 7690K, committed 8192K, reserved 1048576K
}

