# JRE version: Java(TM) SE Runtime Environment (21.0.1+12) (build 21.0.1+12-LTS-29)
# Java VM: Java HotSpot(TM) 64-Bit Server VM (21.0.1+12-LTS-29, mixed mode, sharing, tiered, compressed oops, compressed class ptrs, g1 gc, windows-amd64)
GC Precious Log:
 CardTable entry size: 512
 Card Set container configuration: InlinePtr #cards 4 size 8 Array Of Cards #cards 16 size 48 Howl #buckets 8 coarsen threshold 3686 Howl Bitmap #cards 512 size 80 coarsen threshold 460 Card regions per heap region 1 cards per card region 4096
 CPUs: 12 total, 12 available
 Memory: 16016M
 Large Page Support: Disabled
 NUMA Support: Disabled
 Compressed Oops: Enabled (Zero based)
 Heap Region Size: 2M
 Heap Min Capacity: 8M
 Heap Initial Capacity: 252M
 Heap Max Capacity: 4006M
 Pre-touch: Disabled
 Parallel Workers: 10
 Concurrent Workers: 3
 Concurrent Refinement Workers: 10
 Periodic GC: Disabled
Heap:
 garbage-first heap   total 126976K, used 33434K [0x0000000705a00000, 0x0000000800000000)
  region size 2048K, 8 young (16384K), 5 survivors (10240K)
 Metaspace       used 28812K, committed 29248K, reserved 1114112K
  class space    used 3301K, committed 3456K, reserved 1048576K
GC Heap History (10 events):
Event: 0.367 GC heap before
{Heap before GC invocations=0 (full 0):
 garbage-first heap   total 258048K, used 22528K [0x0000000705a00000, 0x0000000800000000)
  region size 2048K, 11 young (22528K), 0 survivors (0K)
 Metaspace       used 5606K, committed 5824K, reserved 1114112K
  class space    used 655K, committed 768K, reserved 1048576K
}
Event: 0.371 GC heap after
{Heap after GC invocations=1 (full 0):
 garbage-first heap   total 258048K, used 3869K [0x0000000705a00000, 0x0000000800000000)
  region size 2048K, 2 young (4096K), 2 survivors (4096K)
 Metaspace       used 5606K, committed 5824K, reserved 1114112K
  class space    used 655K, committed 768K, reserved 1048576K
}
Event: 0.717 GC heap before
{Heap before GC invocations=1 (full 0):
 garbage-first heap   total 258048K, used 36637K [0x0000000705a00000, 0x0000000800000000)
  region size 2048K, 18 young (36864K), 2 survivors (4096K)
 Metaspace       used 9736K, committed 9920K, reserved 1114112K
  class space    used 1157K, committed 1216K, reserved 1048576K
}
Event: 0.720 GC heap after
{Heap after GC invocations=2 (full 0):
 garbage-first heap   total 258048K, used 5494K [0x0000000705a00000, 0x0000000800000000)
  region size 2048K, 1 young (2048K), 1 survivors (2048K)
 Metaspace       used 9736K, committed 9920K, reserved 1114112K
  class space    used 1157K, committed 1216K, reserved 1048576K
}
Event: 1.912 GC heap before
{Heap before GC invocations=2 (full 0):
 garbage-first heap   total 258048K, used 154998K [0x0000000705a00000, 0x0000000800000000)
  region size 2048K, 75 young (153600K), 1 survivors (2048K)
 Metaspace       used 16547K, committed 16832K, reserved 1114112K
  class space    used 1878K, committed 1984K, reserved 1048576K
}
Event: 1.919 GC heap after
{Heap after GC invocations=3 (full 0):
 garbage-first heap   total 258048K, used 17309K [0x0000000705a00000, 0x0000000800000000)
  region size 2048K, 7 young (14336K), 7 survivors (14336K)
 Metaspace       used 16547K, committed 16832K, reserved 1114112K
  class space    used 1878K, committed 1984K, reserved 1048576K
}
Event: 2.518 GC heap before
{Heap before GC invocations=3 (full 0):
 garbage-first heap   total 258048K, used 78749K [0x0000000705a00000, 0x0000000800000000)
  region size 2048K, 35 young (71680K), 7 survivors (14336K)
 Metaspace       used 21242K, committed 21504K, reserved 1114112K
  class space    used 2431K, committed 2560K, reserved 1048576K
}
Event: 2.527 GC heap after
{Heap after GC invocations=4 (full 0):
 garbage-first heap   total 258048K, used 31794K [0x0000000705a00000, 0x0000000800000000)
  region size 2048K, 4 young (8192K), 4 survivors (8192K)
 Metaspace       used 21242K, committed 21504K, reserved 1114112K
  class space    used 2431K, committed 2560K, reserved 1048576K
}
Event: 3.370 GC heap before
{Heap before GC invocations=5 (full 0):
 garbage-first heap   total 116736K, used 113714K [0x0000000705a00000, 0x0000000800000000)
  region size 2048K, 45 young (92160K), 4 survivors (8192K)
 Metaspace       used 28525K, committed 28928K, reserved 1114112K
  class space    used 3272K, committed 3456K, reserved 1048576K
}
Event: 3.375 GC heap after
{Heap after GC invocations=6 (full 0):
 garbage-first heap   total 126976K, used 29338K [0x0000000705a00000, 0x0000000800000000)
  region size 2048K, 5 young (10240K), 5 survivors (10240K)
 Metaspace       used 28525K, committed 28928K, reserved 1114112K
  class space    used 3272K, committed 3456K, reserved 1048576K
}

