# JRE version: Java(TM) SE Runtime Environment (21.0.1+12) (build 21.0.1+12-LTS-29)
# Java VM: Java HotSpot(TM) 64-Bit Server VM (21.0.1+12-LTS-29, mixed mode, sharing, tiered, compressed oops, compressed class ptrs, g1 gc, windows-amd64)
GC Precious Log:
 CardTable entry size: 512
 Card Set container configuration: InlinePtr #cards 4 size 8 Array Of Cards #cards 16 size 48 Howl #buckets 8 coarsen threshold 3686 Howl Bitmap #cards 512 size 80 coarsen threshold 460 Card regions per heap region 1 cards per card region 4096
 CPUs: 12 total, 12 available
 Memory: 16016M
 Large Page Support: Disabled
 NUMA Support: Disabled
 Compressed Oops: Enabled (Zero based)
 Heap Region Size: 2M
 Heap Min Capacity: 8M
 Heap Initial Capacity: 252M
 Heap Max Capacity: 4006M
 Pre-touch: Disabled
 Parallel Workers: 10
 Concurrent Workers: 3
 Concurrent Refinement Workers: 10
 Periodic GC: Disabled
Heap:
 garbage-first heap   total 118784K, used 84043K [0x0000000705a00000, 0x0000000800000000)
  region size 2048K, 20 young (40960K), 2 survivors (4096K)
 Metaspace       used 99915K, committed 101120K, reserved 1179648K
  class space    used 13373K, committed 14016K, reserved 1048576K
GC Heap History (20 events):
Event: 2659.032 GC heap before
{Heap before GC invocations=27 (full 0):
 garbage-first heap   total 116736K, used 100270K [0x0000000705a00000, 0x0000000800000000)
  region size 2048K, 22 young (45056K), 2 survivors (4096K)
 Metaspace       used 99109K, committed 100160K, reserved 1179648K
  class space    used 13498K, committed 14016K, reserved 1048576K
}
Event: 2659.068 GC heap after
{Heap after GC invocations=28 (full 0):
 garbage-first heap   total 116736K, used 61637K [0x0000000705a00000, 0x0000000800000000)
  region size 2048K, 2 young (4096K), 2 survivors (4096K)
 Metaspace       used 99109K, committed 100160K, reserved 1179648K
  class space    used 13498K, committed 14016K, reserved 1048576K
}
Event: 3557.000 GC heap before
{Heap before GC invocations=28 (full 0):
 garbage-first heap   total 116736K, used 102597K [0x0000000705a00000, 0x0000000800000000)
  region size 2048K, 22 young (45056K), 2 survivors (4096K)
 Metaspace       used 99338K, committed 100416K, reserved 1179648K
  class space    used 13499K, committed 14016K, reserved 1048576K
}
Event: 3557.023 GC heap after
{Heap after GC invocations=29 (full 0):
 garbage-first heap   total 116736K, used 59414K [0x0000000705a00000, 0x0000000800000000)
  region size 2048K, 2 young (4096K), 2 survivors (4096K)
 Metaspace       used 99338K, committed 100416K, reserved 1179648K
  class space    used 13499K, committed 14016K, reserved 1048576K
}
Event: 4497.278 GC heap before
{Heap before GC invocations=29 (full 0):
 garbage-first heap   total 116736K, used 102422K [0x0000000705a00000, 0x0000000800000000)
  region size 2048K, 23 young (47104K), 2 survivors (4096K)
 Metaspace       used 99654K, committed 100736K, reserved 1179648K
  class space    used 13499K, committed 14016K, reserved 1048576K
}
Event: 4497.283 GC heap after
{Heap after GC invocations=30 (full 0):
 garbage-first heap   total 116736K, used 59384K [0x0000000705a00000, 0x0000000800000000)
  region size 2048K, 2 young (4096K), 2 survivors (4096K)
 Metaspace       used 99654K, committed 100736K, reserved 1179648K
  class space    used 13499K, committed 14016K, reserved 1048576K
}
Event: 5417.061 GC heap before
{Heap before GC invocations=31 (full 0):
 garbage-first heap   total 116736K, used 102392K [0x0000000705a00000, 0x0000000800000000)
  region size 2048K, 23 young (47104K), 2 survivors (4096K)
 Metaspace       used 99323K, committed 100864K, reserved 1179648K
  class space    used 13356K, committed 14016K, reserved 1048576K
}
Event: 5417.072 GC heap after
{Heap after GC invocations=32 (full 0):
 garbage-first heap   total 116736K, used 58936K [0x0000000705a00000, 0x0000000800000000)
  region size 2048K, 2 young (4096K), 2 survivors (4096K)
 Metaspace       used 99323K, committed 100864K, reserved 1179648K
  class space    used 13356K, committed 14016K, reserved 1048576K
}
Event: 6386.390 GC heap before
{Heap before GC invocations=32 (full 0):
 garbage-first heap   total 116736K, used 101944K [0x0000000705a00000, 0x0000000800000000)
  region size 2048K, 23 young (47104K), 2 survivors (4096K)
 Metaspace       used 99369K, committed 100864K, reserved 1179648K
  class space    used 13357K, committed 14016K, reserved 1048576K
}
Event: 6386.408 GC heap after
{Heap after GC invocations=33 (full 0):
 garbage-first heap   total 116736K, used 53877K [0x0000000705a00000, 0x0000000800000000)
  region size 2048K, 2 young (4096K), 2 survivors (4096K)
 Metaspace       used 99369K, committed 100864K, reserved 1179648K
  class space    used 13357K, committed 14016K, reserved 1048576K
}
Event: 7458.675 GC heap before
{Heap before GC invocations=33 (full 0):
 garbage-first heap   total 116736K, used 103029K [0x0000000705a00000, 0x0000000800000000)
  region size 2048K, 26 young (53248K), 2 survivors (4096K)
 Metaspace       used 99596K, committed 100992K, reserved 1179648K
  class space    used 13372K, committed 14016K, reserved 1048576K
}
Event: 7458.696 GC heap after
{Heap after GC invocations=34 (full 0):
 garbage-first heap   total 118784K, used 50129K [0x0000000705a00000, 0x0000000800000000)
  region size 2048K, 2 young (4096K), 2 survivors (4096K)
 Metaspace       used 99596K, committed 100992K, reserved 1179648K
  class space    used 13372K, committed 14016K, reserved 1048576K
}
Event: 8662.846 GC heap before
{Heap before GC invocations=34 (full 0):
 garbage-first heap   total 118784K, used 103377K [0x0000000705a00000, 0x0000000800000000)
  region size 2048K, 28 young (57344K), 2 survivors (4096K)
 Metaspace       used 99646K, committed 100992K, reserved 1179648K
  class space    used 13373K, committed 14016K, reserved 1048576K
}
Event: 8662.861 GC heap after
{Heap after GC invocations=35 (full 0):
 garbage-first heap   total 118784K, used 50365K [0x0000000705a00000, 0x0000000800000000)
  region size 2048K, 2 young (4096K), 2 survivors (4096K)
 Metaspace       used 99646K, committed 100992K, reserved 1179648K
  class space    used 13373K, committed 14016K, reserved 1048576K
}
Event: 9837.289 GC heap before
{Heap before GC invocations=35 (full 0):
 garbage-first heap   total 118784K, used 103613K [0x0000000705a00000, 0x0000000800000000)
  region size 2048K, 28 young (57344K), 2 survivors (4096K)
 Metaspace       used 99857K, committed 101056K, reserved 1179648K
  class space    used 13373K, committed 14016K, reserved 1048576K
}
Event: 9837.302 GC heap after
{Heap after GC invocations=36 (full 0):
 garbage-first heap   total 118784K, used 50571K [0x0000000705a00000, 0x0000000800000000)
  region size 2048K, 2 young (4096K), 2 survivors (4096K)
 Metaspace       used 99857K, committed 101056K, reserved 1179648K
  class space    used 13373K, committed 14016K, reserved 1048576K
}
Event: 11011.652 GC heap before
{Heap before GC invocations=37 (full 0):
 garbage-first heap   total 118784K, used 103819K [0x0000000705a00000, 0x0000000800000000)
  region size 2048K, 28 young (57344K), 2 survivors (4096K)
 Metaspace       used 99890K, committed 101056K, reserved 1179648K
  class space    used 13373K, committed 14016K, reserved 1048576K
}
Event: 11011.664 GC heap after
{Heap after GC invocations=38 (full 0):
 garbage-first heap   total 118784K, used 50464K [0x0000000705a00000, 0x0000000800000000)
  region size 2048K, 2 young (4096K), 2 survivors (4096K)
 Metaspace       used 99890K, committed 101056K, reserved 1179648K
  class space    used 13373K, committed 14016K, reserved 1048576K
}
Event: 12215.756 GC heap before
{Heap before GC invocations=38 (full 0):
 garbage-first heap   total 118784K, used 103712K [0x0000000705a00000, 0x0000000800000000)
  region size 2048K, 28 young (57344K), 2 survivors (4096K)
 Metaspace       used 99892K, committed 101056K, reserved 1179648K
  class space    used 13373K, committed 14016K, reserved 1048576K
}
Event: 12215.774 GC heap after
{Heap after GC invocations=39 (full 0):
 garbage-first heap   total 118784K, used 49227K [0x0000000705a00000, 0x0000000800000000)
  region size 2048K, 2 young (4096K), 2 survivors (4096K)
 Metaspace       used 99892K, committed 101056K, reserved 1179648K
  class space    used 13373K, committed 14016K, reserved 1048576K
}

