# JRE version: Java(TM) SE Runtime Environment (21.0.1+12) (build 21.0.1+12-LTS-29)
# Java VM: Java HotSpot(TM) 64-Bit Server VM (21.0.1+12-LTS-29, mixed mode, sharing, tiered, compressed oops, compressed class ptrs, g1 gc, windows-amd64)
GC Precious Log:
 CardTable entry size: 512
 Card Set container configuration: InlinePtr #cards 4 size 8 Array Of Cards #cards 16 size 48 Howl #buckets 8 coarsen threshold 3686 Howl Bitmap #cards 512 size 80 coarsen threshold 460 Card regions per heap region 1 cards per card region 4096
 CPUs: 12 total, 12 available
 Memory: 16016M
 Large Page Support: Disabled
 NUMA Support: Disabled
 Compressed Oops: Enabled (Zero based)
 Heap Region Size: 2M
 Heap Min Capacity: 8M
 Heap Initial Capacity: 252M
 Heap Max Capacity: 4006M
 Pre-touch: Disabled
 Parallel Workers: 10
 Concurrent Workers: 3
 Concurrent Refinement Workers: 10
 Periodic GC: Disabled
Heap:
 garbage-first heap   total 479232K, used 202292K [0x0000000705a00000, 0x0000000800000000)
  region size 2048K, 17 young (34816K), 17 survivors (34816K)
 Metaspace       used 88942K, committed 89728K, reserved 1179648K
  class space    used 12063K, committed 12416K, reserved 1048576K
GC Heap History (20 events):
Event: 15.329 GC heap after
{Heap after GC invocations=24 (full 0):
 garbage-first heap   total 172032K, used 65453K [0x0000000705a00000, 0x0000000800000000)
  region size 2048K, 3 young (6144K), 3 survivors (6144K)
 Metaspace       used 88119K, committed 88960K, reserved 1179648K
  class space    used 11947K, committed 12352K, reserved 1048576K
}
Event: 15.484 GC heap before
{Heap before GC invocations=24 (full 0):
 garbage-first heap   total 172032K, used 153517K [0x0000000705a00000, 0x0000000800000000)
  region size 2048K, 46 young (94208K), 3 survivors (6144K)
 Metaspace       used 88119K, committed 88960K, reserved 1179648K
  class space    used 11947K, committed 12352K, reserved 1048576K
}
Event: 15.490 GC heap after
{Heap after GC invocations=25 (full 0):
 garbage-first heap   total 172032K, used 74644K [0x0000000705a00000, 0x0000000800000000)
  region size 2048K, 6 young (12288K), 6 survivors (12288K)
 Metaspace       used 88119K, committed 88960K, reserved 1179648K
  class space    used 11947K, committed 12352K, reserved 1048576K
}
Event: 15.569 GC heap before
{Heap before GC invocations=25 (full 0):
 garbage-first heap   total 172032K, used 148372K [0x0000000705a00000, 0x0000000800000000)
  region size 2048K, 42 young (86016K), 6 survivors (12288K)
 Metaspace       used 88120K, committed 88960K, reserved 1179648K
  class space    used 11947K, committed 12352K, reserved 1048576K
}
Event: 15.580 GC heap after
{Heap after GC invocations=26 (full 0):
 garbage-first heap   total 176128K, used 89269K [0x0000000705a00000, 0x0000000800000000)
  region size 2048K, 6 young (12288K), 6 survivors (12288K)
 Metaspace       used 88120K, committed 88960K, reserved 1179648K
  class space    used 11947K, committed 12352K, reserved 1048576K
}
Event: 15.662 GC heap before
{Heap before GC invocations=26 (full 0):
 garbage-first heap   total 176128K, used 150709K [0x0000000705a00000, 0x0000000800000000)
  region size 2048K, 36 young (73728K), 6 survivors (12288K)
 Metaspace       used 88125K, committed 88960K, reserved 1179648K
  class space    used 11949K, committed 12352K, reserved 1048576K
}
Event: 15.669 GC heap after
{Heap after GC invocations=27 (full 0):
 garbage-first heap   total 176128K, used 95645K [0x0000000705a00000, 0x0000000800000000)
  region size 2048K, 3 young (6144K), 3 survivors (6144K)
 Metaspace       used 88125K, committed 88960K, reserved 1179648K
  class space    used 11949K, committed 12352K, reserved 1048576K
}
Event: 15.799 GC heap before
{Heap before GC invocations=28 (full 0):
 garbage-first heap   total 212992K, used 152989K [0x0000000705a00000, 0x0000000800000000)
  region size 2048K, 31 young (63488K), 3 survivors (6144K)
 Metaspace       used 88125K, committed 88960K, reserved 1179648K
  class space    used 11949K, committed 12352K, reserved 1048576K
}
Event: 15.812 GC heap after
{Heap after GC invocations=29 (full 0):
 garbage-first heap   total 212992K, used 116736K [0x0000000705a00000, 0x0000000800000000)
  region size 2048K, 4 young (8192K), 4 survivors (8192K)
 Metaspace       used 88125K, committed 88960K, reserved 1179648K
  class space    used 11949K, committed 12352K, reserved 1048576K
}
Event: 15.897 GC heap before
{Heap before GC invocations=29 (full 0):
 garbage-first heap   total 212992K, used 178176K [0x0000000705a00000, 0x0000000800000000)
  region size 2048K, 33 young (67584K), 4 survivors (8192K)
 Metaspace       used 88125K, committed 88960K, reserved 1179648K
  class space    used 11949K, committed 12352K, reserved 1048576K
}
Event: 15.914 GC heap after
{Heap after GC invocations=30 (full 0):
 garbage-first heap   total 466944K, used 141707K [0x0000000705a00000, 0x0000000800000000)
  region size 2048K, 5 young (10240K), 5 survivors (10240K)
 Metaspace       used 88125K, committed 88960K, reserved 1179648K
  class space    used 11949K, committed 12352K, reserved 1048576K
}
Event: 16.222 GC heap before
{Heap before GC invocations=30 (full 0):
 garbage-first heap   total 466944K, used 334219K [0x0000000705a00000, 0x0000000800000000)
  region size 2048K, 99 young (202752K), 5 survivors (10240K)
 Metaspace       used 88126K, committed 88960K, reserved 1179648K
  class space    used 11949K, committed 12352K, reserved 1048576K
}
Event: 16.237 GC heap after
{Heap after GC invocations=31 (full 0):
 garbage-first heap   total 466944K, used 157182K [0x0000000705a00000, 0x0000000800000000)
  region size 2048K, 13 young (26624K), 13 survivors (26624K)
 Metaspace       used 88126K, committed 88960K, reserved 1179648K
  class space    used 11949K, committed 12352K, reserved 1048576K
}
Event: 16.458 GC heap before
{Heap before GC invocations=31 (full 0):
 garbage-first heap   total 466944K, used 353790K [0x0000000705a00000, 0x0000000800000000)
  region size 2048K, 109 young (223232K), 13 survivors (26624K)
 Metaspace       used 88128K, committed 88960K, reserved 1179648K
  class space    used 11949K, committed 12352K, reserved 1048576K
}
Event: 16.471 GC heap after
{Heap after GC invocations=32 (full 0):
 garbage-first heap   total 466944K, used 159079K [0x0000000705a00000, 0x0000000800000000)
  region size 2048K, 8 young (16384K), 8 survivors (16384K)
 Metaspace       used 88128K, committed 88960K, reserved 1179648K
  class space    used 11949K, committed 12352K, reserved 1048576K
}
Event: 16.753 GC heap before
{Heap before GC invocations=32 (full 0):
 garbage-first heap   total 466944K, used 394599K [0x0000000705a00000, 0x0000000800000000)
  region size 2048K, 123 young (251904K), 8 survivors (16384K)
 Metaspace       used 88343K, committed 89152K, reserved 1179648K
  class space    used 12011K, committed 12416K, reserved 1048576K
}
Event: 16.764 GC heap after
{Heap after GC invocations=33 (full 0):
 garbage-first heap   total 466944K, used 165229K [0x0000000705a00000, 0x0000000800000000)
  region size 2048K, 11 young (22528K), 11 survivors (22528K)
 Metaspace       used 88343K, committed 89152K, reserved 1179648K
  class space    used 12011K, committed 12416K, reserved 1048576K
}
Event: 17.315 GC heap before
{Heap before GC invocations=34 (full 0):
 garbage-first heap   total 466944K, used 406893K [0x0000000705a00000, 0x0000000800000000)
  region size 2048K, 130 young (266240K), 11 survivors (22528K)
 Metaspace       used 88932K, committed 89664K, reserved 1179648K
  class space    used 12061K, committed 12416K, reserved 1048576K
}
Event: 17.324 GC heap after
{Heap after GC invocations=35 (full 0):
 garbage-first heap   total 466944K, used 163217K [0x0000000705a00000, 0x0000000800000000)
  region size 2048K, 6 young (12288K), 6 survivors (12288K)
 Metaspace       used 88932K, committed 89664K, reserved 1179648K
  class space    used 12061K, committed 12416K, reserved 1048576K
}
Event: 17.679 GC heap before
{Heap before GC invocations=35 (full 0):
 garbage-first heap   total 466944K, used 419217K [0x0000000705a00000, 0x0000000800000000)
  region size 2048K, 130 young (266240K), 6 survivors (12288K)
 Metaspace       used 88942K, committed 89728K, reserved 1179648K
  class space    used 12063K, committed 12416K, reserved 1048576K
}

