# JRE version: Java(TM) SE Runtime Environment (21.0.1+12) (build 21.0.1+12-LTS-29)
# Java VM: Java HotSpot(TM) 64-Bit Server VM (21.0.1+12-LTS-29, mixed mode, sharing, tiered, compressed oops, compressed class ptrs, g1 gc, windows-amd64)
GC Precious Log:
 CardTable entry size: 512
 Card Set container configuration: InlinePtr #cards 4 size 8 Array Of Cards #cards 16 size 48 Howl #buckets 8 coarsen threshold 3686 Howl Bitmap #cards 512 size 80 coarsen threshold 460 Card regions per heap region 1 cards per card region 4096
 CPUs: 12 total, 12 available
 Memory: 16016M
 Large Page Support: Disabled
 NUMA Support: Disabled
 Compressed Oops: Enabled (Zero based)
 Heap Region Size: 2M
 Heap Min Capacity: 8M
 Heap Initial Capacity: 252M
 Heap Max Capacity: 4006M
 Pre-touch: Disabled
 Parallel Workers: 10
 Concurrent Workers: 3
 Concurrent Refinement Workers: 10
 Periodic GC: Disabled
Heap:
 garbage-first heap   total 192512K, used 130932K [0x0000000705a00000, 0x0000000800000000)
  region size 2048K, 31 young (63488K), 5 survivors (10240K)
 Metaspace       used 28509K, committed 29056K, reserved 1114112K
  class space    used 3089K, committed 3328K, reserved 1048576K
GC Heap History (12 events):
Event: 0.551 GC heap before
{Heap before GC invocations=0 (full 0):
 garbage-first heap   total 258048K, used 22528K [0x0000000705a00000, 0x0000000800000000)
  region size 2048K, 11 young (22528K), 0 survivors (0K)
 Metaspace       used 5386K, committed 5568K, reserved 1114112K
  class space    used 617K, committed 704K, reserved 1048576K
}
Event: 0.555 GC heap after
{Heap after GC invocations=1 (full 0):
 garbage-first heap   total 258048K, used 3729K [0x0000000705a00000, 0x0000000800000000)
  region size 2048K, 2 young (4096K), 2 survivors (4096K)
 Metaspace       used 5386K, committed 5568K, reserved 1114112K
  class space    used 617K, committed 704K, reserved 1048576K
}
Event: 1.002 GC heap before
{Heap before GC invocations=1 (full 0):
 garbage-first heap   total 258048K, used 36497K [0x0000000705a00000, 0x0000000800000000)
  region size 2048K, 18 young (36864K), 2 survivors (4096K)
 Metaspace       used 10489K, committed 10752K, reserved 1114112K
  class space    used 1275K, committed 1408K, reserved 1048576K
}
Event: 1.005 GC heap after
{Heap after GC invocations=2 (full 0):
 garbage-first heap   total 258048K, used 5614K [0x0000000705a00000, 0x0000000800000000)
  region size 2048K, 2 young (4096K), 2 survivors (4096K)
 Metaspace       used 10489K, committed 10752K, reserved 1114112K
  class space    used 1275K, committed 1408K, reserved 1048576K
}
Event: 2.237 GC heap before
{Heap before GC invocations=2 (full 0):
 garbage-first heap   total 258048K, used 155118K [0x0000000705a00000, 0x0000000800000000)
  region size 2048K, 75 young (153600K), 2 survivors (4096K)
 Metaspace       used 14320K, committed 14656K, reserved 1114112K
  class space    used 1565K, committed 1728K, reserved 1048576K
}
Event: 2.253 GC heap after
{Heap after GC invocations=3 (full 0):
 garbage-first heap   total 258048K, used 24011K [0x0000000705a00000, 0x0000000800000000)
  region size 2048K, 10 young (20480K), 10 survivors (20480K)
 Metaspace       used 14320K, committed 14656K, reserved 1114112K
  class space    used 1565K, committed 1728K, reserved 1048576K
}
Event: 3.753 GC heap before
{Heap before GC invocations=3 (full 0):
 garbage-first heap   total 258048K, used 144843K [0x0000000705a00000, 0x0000000800000000)
  region size 2048K, 67 young (137216K), 10 survivors (20480K)
 Metaspace       used 21137K, committed 21504K, reserved 1114112K
  class space    used 2364K, committed 2560K, reserved 1048576K
}
Event: 3.775 GC heap after
{Heap after GC invocations=4 (full 0):
 garbage-first heap   total 258048K, used 42998K [0x0000000705a00000, 0x0000000800000000)
  region size 2048K, 6 young (12288K), 6 survivors (12288K)
 Metaspace       used 21137K, committed 21504K, reserved 1114112K
  class space    used 2364K, committed 2560K, reserved 1048576K
}
Event: 5.430 GC heap before
{Heap before GC invocations=5 (full 0):
 garbage-first heap   total 151552K, used 151542K [0x0000000705a00000, 0x0000000800000000)
  region size 2048K, 59 young (120832K), 6 survivors (12288K)
 Metaspace       used 25097K, committed 25472K, reserved 1114112K
  class space    used 2750K, committed 2944K, reserved 1048576K
}
Event: 5.475 GC heap after
{Heap after GC invocations=6 (full 0):
 garbage-first heap   total 192512K, used 67584K [0x0000000705a00000, 0x0000000800000000)
  region size 2048K, 10 young (20480K), 10 survivors (20480K)
 Metaspace       used 25097K, committed 25472K, reserved 1114112K
  class space    used 2750K, committed 2944K, reserved 1048576K
}
Event: 6.483 GC heap before
{Heap before GC invocations=6 (full 0):
 garbage-first heap   total 192512K, used 147456K [0x0000000705a00000, 0x0000000800000000)
  region size 2048K, 49 young (100352K), 10 survivors (20480K)
 Metaspace       used 27216K, committed 27712K, reserved 1114112K
  class space    used 2929K, committed 3136K, reserved 1048576K
}
Event: 6.503 GC heap after
{Heap after GC invocations=7 (full 0):
 garbage-first heap   total 192512K, used 79732K [0x0000000705a00000, 0x0000000800000000)
  region size 2048K, 5 young (10240K), 5 survivors (10240K)
 Metaspace       used 27216K, committed 27712K, reserved 1114112K
  class space    used 2929K, committed 3136K, reserved 1048576K
}

