# JRE version: Java(TM) SE Runtime Environment (21.0.1+12) (build 21.0.1+12-LTS-29)
# Java VM: Java HotSpot(TM) 64-Bit Server VM (21.0.1+12-LTS-29, mixed mode, sharing, tiered, compressed oops, compressed class ptrs, g1 gc, windows-amd64)
GC Precious Log:
 CardTable entry size: 512
 Card Set container configuration: InlinePtr #cards 4 size 8 Array Of Cards #cards 16 size 48 Howl #buckets 8 coarsen threshold 3686 Howl Bitmap #cards 512 size 80 coarsen threshold 460 Card regions per heap region 1 cards per card region 4096
 CPUs: 12 total, 12 available
 Memory: 16016M
 Large Page Support: Disabled
 NUMA Support: Disabled
 Compressed Oops: Enabled (Zero based)
 Heap Region Size: 2M
 Heap Min Capacity: 8M
 Heap Initial Capacity: 252M
 Heap Max Capacity: 4006M
 Pre-touch: Disabled
 Parallel Workers: 10
 Concurrent Workers: 3
 Concurrent Refinement Workers: 10
 Periodic GC: Disabled
Heap:
 garbage-first heap   total 133120K, used 107611K [0x0000000705a00000, 0x0000000800000000)
  region size 2048K, 33 young (67584K), 4 survivors (8192K)
 Metaspace       used 69229K, committed 70080K, reserved 1114112K
  class space    used 9069K, committed 9472K, reserved 1048576K
GC Heap History (20 events):
Event: 0.483 GC heap before
{Heap before GC invocations=0 (full 0):
 garbage-first heap   total 258048K, used 20480K [0x0000000705a00000, 0x0000000800000000)
  region size 2048K, 11 young (22528K), 0 survivors (0K)
 Metaspace       used 2376K, committed 2560K, reserved 1114112K
  class space    used 232K, committed 320K, reserved 1048576K
}
Event: 0.490 GC heap after
{Heap after GC invocations=1 (full 0):
 garbage-first heap   total 258048K, used 13067K [0x0000000705a00000, 0x0000000800000000)
  region size 2048K, 2 young (4096K), 2 survivors (4096K)
 Metaspace       used 2376K, committed 2560K, reserved 1114112K
  class space    used 232K, committed 320K, reserved 1048576K
}
Event: 0.694 GC heap before
{Heap before GC invocations=1 (full 0):
 garbage-first heap   total 258048K, used 25355K [0x0000000705a00000, 0x0000000800000000)
  region size 2048K, 9 young (18432K), 2 survivors (4096K)
 Metaspace       used 4114K, committed 4352K, reserved 1114112K
  class space    used 417K, committed 512K, reserved 1048576K
}
Event: 0.699 GC heap after
{Heap after GC invocations=2 (full 0):
 garbage-first heap   total 258048K, used 20121K [0x0000000705a00000, 0x0000000800000000)
  region size 2048K, 2 young (4096K), 2 survivors (4096K)
 Metaspace       used 4114K, committed 4352K, reserved 1114112K
  class space    used 417K, committed 512K, reserved 1048576K
}
Event: 1.589 GC heap before
{Heap before GC invocations=2 (full 0):
 garbage-first heap   total 258048K, used 54937K [0x0000000705a00000, 0x0000000800000000)
  region size 2048K, 20 young (40960K), 2 survivors (4096K)
 Metaspace       used 12970K, committed 13248K, reserved 1114112K
  class space    used 1622K, committed 1728K, reserved 1048576K
}
Event: 1.595 GC heap after
{Heap after GC invocations=3 (full 0):
 garbage-first heap   total 258048K, used 26382K [0x0000000705a00000, 0x0000000800000000)
  region size 2048K, 3 young (6144K), 3 survivors (6144K)
 Metaspace       used 12970K, committed 13248K, reserved 1114112K
  class space    used 1622K, committed 1728K, reserved 1048576K
}
Event: 2.173 GC heap before
{Heap before GC invocations=3 (full 0):
 garbage-first heap   total 258048K, used 63246K [0x0000000705a00000, 0x0000000800000000)
  region size 2048K, 23 young (47104K), 3 survivors (6144K)
 Metaspace       used 21179K, committed 21504K, reserved 1114112K
  class space    used 2698K, committed 2880K, reserved 1048576K
}
Event: 2.181 GC heap after
{Heap after GC invocations=4 (full 0):
 garbage-first heap   total 258048K, used 28980K [0x0000000705a00000, 0x0000000800000000)
  region size 2048K, 2 young (4096K), 2 survivors (4096K)
 Metaspace       used 21179K, committed 21504K, reserved 1114112K
  class space    used 2698K, committed 2880K, reserved 1048576K
}
Event: 3.879 GC heap before
{Heap before GC invocations=5 (full 0):
 garbage-first heap   total 110592K, used 88372K [0x0000000705a00000, 0x0000000800000000)
  region size 2048K, 32 young (65536K), 2 survivors (4096K)
 Metaspace       used 29788K, committed 30208K, reserved 1114112K
  class space    used 3727K, committed 3904K, reserved 1048576K
}
Event: 3.889 GC heap after
{Heap after GC invocations=6 (full 0):
 garbage-first heap   total 110592K, used 36017K [0x0000000705a00000, 0x0000000800000000)
  region size 2048K, 4 young (8192K), 4 survivors (8192K)
 Metaspace       used 29788K, committed 30208K, reserved 1114112K
  class space    used 3727K, committed 3904K, reserved 1048576K
}
Event: 4.764 GC heap before
{Heap before GC invocations=6 (full 0):
 garbage-first heap   total 110592K, used 81073K [0x0000000705a00000, 0x0000000800000000)
  region size 2048K, 26 young (53248K), 4 survivors (8192K)
 Metaspace       used 33883K, committed 34368K, reserved 1114112K
  class space    used 4360K, committed 4608K, reserved 1048576K
}
Event: 4.779 GC heap after
{Heap after GC invocations=7 (full 0):
 garbage-first heap   total 110592K, used 38507K [0x0000000705a00000, 0x0000000800000000)
  region size 2048K, 2 young (4096K), 2 survivors (4096K)
 Metaspace       used 33883K, committed 34368K, reserved 1114112K
  class space    used 4360K, committed 4608K, reserved 1048576K
}
Event: 5.176 GC heap before
{Heap before GC invocations=7 (full 0):
 garbage-first heap   total 110592K, used 54891K [0x0000000705a00000, 0x0000000800000000)
  region size 2048K, 11 young (22528K), 2 survivors (4096K)
 Metaspace       used 35498K, committed 35968K, reserved 1114112K
  class space    used 4557K, committed 4800K, reserved 1048576K
}
Event: 5.184 GC heap after
{Heap after GC invocations=8 (full 0):
 garbage-first heap   total 133120K, used 40225K [0x0000000705a00000, 0x0000000800000000)
  region size 2048K, 1 young (2048K), 1 survivors (2048K)
 Metaspace       used 35498K, committed 35968K, reserved 1114112K
  class space    used 4557K, committed 4800K, reserved 1048576K
}
Event: 6.822 GC heap before
{Heap before GC invocations=9 (full 0):
 garbage-first heap   total 133120K, used 103713K [0x0000000705a00000, 0x0000000800000000)
  region size 2048K, 32 young (65536K), 1 survivors (2048K)
 Metaspace       used 43100K, committed 43648K, reserved 1114112K
  class space    used 5559K, committed 5824K, reserved 1048576K
}
Event: 6.831 GC heap after
{Heap after GC invocations=10 (full 0):
 garbage-first heap   total 133120K, used 45290K [0x0000000705a00000, 0x0000000800000000)
  region size 2048K, 4 young (8192K), 4 survivors (8192K)
 Metaspace       used 43100K, committed 43648K, reserved 1114112K
  class space    used 5559K, committed 5824K, reserved 1048576K
}
Event: 8.130 GC heap before
{Heap before GC invocations=10 (full 0):
 garbage-first heap   total 133120K, used 106730K [0x0000000705a00000, 0x0000000800000000)
  region size 2048K, 34 young (69632K), 4 survivors (8192K)
 Metaspace       used 50122K, committed 50752K, reserved 1114112K
  class space    used 6482K, committed 6784K, reserved 1048576K
}
Event: 8.143 GC heap after
{Heap after GC invocations=11 (full 0):
 garbage-first heap   total 133120K, used 49105K [0x0000000705a00000, 0x0000000800000000)
  region size 2048K, 5 young (10240K), 5 survivors (10240K)
 Metaspace       used 50122K, committed 50752K, reserved 1114112K
  class space    used 6482K, committed 6784K, reserved 1048576K
}
Event: 9.438 GC heap before
{Heap before GC invocations=11 (full 0):
 garbage-first heap   total 133120K, used 100305K [0x0000000705a00000, 0x0000000800000000)
  region size 2048K, 31 young (63488K), 5 survivors (10240K)
 Metaspace       used 59371K, committed 60096K, reserved 1114112K
  class space    used 7623K, committed 7936K, reserved 1048576K
}
Event: 9.452 GC heap after
{Heap after GC invocations=12 (full 0):
 garbage-first heap   total 133120K, used 52315K [0x0000000705a00000, 0x0000000800000000)
  region size 2048K, 4 young (8192K), 4 survivors (8192K)
 Metaspace       used 59371K, committed 60096K, reserved 1114112K
  class space    used 7623K, committed 7936K, reserved 1048576K
}

