# JRE version: Java(TM) SE Runtime Environment (21.0.1+12) (build 21.0.1+12-LTS-29)
# Java VM: Java HotSpot(TM) 64-Bit Server VM (21.0.1+12-LTS-29, mixed mode, sharing, tiered, compressed oops, compressed class ptrs, g1 gc, windows-amd64)
GC Precious Log:
 CardTable entry size: 512
 Card Set container configuration: InlinePtr #cards 4 size 8 Array Of Cards #cards 16 size 48 Howl #buckets 8 coarsen threshold 3686 Howl Bitmap #cards 512 size 80 coarsen threshold 460 Card regions per heap region 1 cards per card region 4096
 CPUs: 12 total, 12 available
 Memory: 16016M
 Large Page Support: Disabled
 NUMA Support: Disabled
 Compressed Oops: Enabled (Zero based)
 Heap Region Size: 2M
 Heap Min Capacity: 8M
 Heap Initial Capacity: 252M
 Heap Max Capacity: 4006M
 Pre-touch: Disabled
 Parallel Workers: 10
 Concurrent Workers: 3
 Concurrent Refinement Workers: 10
 Periodic GC: Disabled
Heap:
 garbage-first heap   total 247808K, used 126976K [0x0000000705a00000, 0x0000000800000000)
  region size 2048K, 8 young (16384K), 8 survivors (16384K)
 Metaspace       used 90316K, committed 91136K, reserved 1179648K
  class space    used 12313K, committed 12672K, reserved 1048576K
GC Heap History (20 events):
Event: 12.310 GC heap after
{Heap after GC invocations=17 (full 0):
 garbage-first heap   total 135168K, used 57535K [0x0000000705a00000, 0x0000000800000000)
  region size 2048K, 4 young (8192K), 4 survivors (8192K)
 Metaspace       used 83992K, committed 84736K, reserved 1179648K
  class space    used 11328K, committed 11648K, reserved 1048576K
}
Event: 13.135 GC heap before
{Heap before GC invocations=17 (full 0):
 garbage-first heap   total 135168K, used 116927K [0x0000000705a00000, 0x0000000800000000)
  region size 2048K, 33 young (67584K), 4 survivors (8192K)
 Metaspace       used 88683K, committed 89536K, reserved 1179648K
  class space    used 12099K, committed 12480K, reserved 1048576K
}
Event: 13.148 GC heap after
{Heap after GC invocations=18 (full 0):
 garbage-first heap   total 135168K, used 63809K [0x0000000705a00000, 0x0000000800000000)
  region size 2048K, 5 young (10240K), 5 survivors (10240K)
 Metaspace       used 88683K, committed 89536K, reserved 1179648K
  class space    used 12099K, committed 12480K, reserved 1048576K
}
Event: 13.406 GC heap before
{Heap before GC invocations=18 (full 0):
 garbage-first heap   total 135168K, used 115009K [0x0000000705a00000, 0x0000000800000000)
  region size 2048K, 30 young (61440K), 5 survivors (10240K)
 Metaspace       used 89969K, committed 90752K, reserved 1179648K
  class space    used 12247K, committed 12608K, reserved 1048576K
}
Event: 13.421 GC heap after
{Heap after GC invocations=19 (full 0):
 garbage-first heap   total 163840K, used 69532K [0x0000000705a00000, 0x0000000800000000)
  region size 2048K, 3 young (6144K), 3 survivors (6144K)
 Metaspace       used 89969K, committed 90752K, reserved 1179648K
  class space    used 12247K, committed 12608K, reserved 1048576K
}
Event: 13.549 GC heap before
{Heap before GC invocations=19 (full 0):
 garbage-first heap   total 163840K, used 143260K [0x0000000705a00000, 0x0000000800000000)
  region size 2048K, 39 young (79872K), 3 survivors (6144K)
 Metaspace       used 89996K, committed 90816K, reserved 1179648K
  class space    used 12248K, committed 12608K, reserved 1048576K
}
Event: 13.552 GC heap after
{Heap after GC invocations=20 (full 0):
 garbage-first heap   total 163840K, used 65833K [0x0000000705a00000, 0x0000000800000000)
  region size 2048K, 2 young (4096K), 2 survivors (4096K)
 Metaspace       used 89996K, committed 90816K, reserved 1179648K
  class space    used 12248K, committed 12608K, reserved 1048576K
}
Event: 13.670 GC heap before
{Heap before GC invocations=20 (full 0):
 garbage-first heap   total 163840K, used 147753K [0x0000000705a00000, 0x0000000800000000)
  region size 2048K, 42 young (86016K), 2 survivors (4096K)
 Metaspace       used 89998K, committed 90816K, reserved 1179648K
  class space    used 12248K, committed 12608K, reserved 1048576K
}
Event: 13.674 GC heap after
{Heap after GC invocations=21 (full 0):
 garbage-first heap   total 163840K, used 66941K [0x0000000705a00000, 0x0000000800000000)
  region size 2048K, 2 young (4096K), 2 survivors (4096K)
 Metaspace       used 89998K, committed 90816K, reserved 1179648K
  class space    used 12248K, committed 12608K, reserved 1048576K
}
Event: 13.813 GC heap before
{Heap before GC invocations=21 (full 0):
 garbage-first heap   total 163840K, used 150909K [0x0000000705a00000, 0x0000000800000000)
  region size 2048K, 43 young (88064K), 2 survivors (4096K)
 Metaspace       used 90171K, committed 91008K, reserved 1179648K
  class space    used 12279K, committed 12672K, reserved 1048576K
}
Event: 13.818 GC heap after
{Heap after GC invocations=22 (full 0):
 garbage-first heap   total 163840K, used 67454K [0x0000000705a00000, 0x0000000800000000)
  region size 2048K, 2 young (4096K), 2 survivors (4096K)
 Metaspace       used 90171K, committed 91008K, reserved 1179648K
  class space    used 12279K, committed 12672K, reserved 1048576K
}
Event: 13.910 GC heap before
{Heap before GC invocations=22 (full 0):
 garbage-first heap   total 163840K, used 151422K [0x0000000705a00000, 0x0000000800000000)
  region size 2048K, 43 young (88064K), 2 survivors (4096K)
 Metaspace       used 90180K, committed 91008K, reserved 1179648K
  class space    used 12280K, committed 12672K, reserved 1048576K
}
Event: 13.915 GC heap after
{Heap after GC invocations=23 (full 0):
 garbage-first heap   total 223232K, used 67973K [0x0000000705a00000, 0x0000000800000000)
  region size 2048K, 3 young (6144K), 3 survivors (6144K)
 Metaspace       used 90180K, committed 91008K, reserved 1179648K
  class space    used 12280K, committed 12672K, reserved 1048576K
}
Event: 14.065 GC heap before
{Heap before GC invocations=23 (full 0):
 garbage-first heap   total 223232K, used 194949K [0x0000000705a00000, 0x0000000800000000)
  region size 2048K, 65 young (133120K), 3 survivors (6144K)
 Metaspace       used 90311K, committed 91136K, reserved 1179648K
  class space    used 12313K, committed 12672K, reserved 1048576K
}
Event: 14.068 GC heap after
{Heap after GC invocations=24 (full 0):
 garbage-first heap   total 223232K, used 70029K [0x0000000705a00000, 0x0000000800000000)
  region size 2048K, 4 young (8192K), 4 survivors (8192K)
 Metaspace       used 90311K, committed 91136K, reserved 1179648K
  class space    used 12313K, committed 12672K, reserved 1048576K
}
Event: 14.188 GC heap before
{Heap before GC invocations=24 (full 0):
 garbage-first heap   total 223232K, used 194957K [0x0000000705a00000, 0x0000000800000000)
  region size 2048K, 65 young (133120K), 4 survivors (8192K)
 Metaspace       used 90311K, committed 91136K, reserved 1179648K
  class space    used 12313K, committed 12672K, reserved 1048576K
}
Event: 14.196 GC heap after
{Heap after GC invocations=25 (full 0):
 garbage-first heap   total 223232K, used 77393K [0x0000000705a00000, 0x0000000800000000)
  region size 2048K, 7 young (14336K), 7 survivors (14336K)
 Metaspace       used 90311K, committed 91136K, reserved 1179648K
  class space    used 12313K, committed 12672K, reserved 1048576K
}
Event: 14.327 GC heap before
{Heap before GC invocations=25 (full 0):
 garbage-first heap   total 223232K, used 196177K [0x0000000705a00000, 0x0000000800000000)
  region size 2048K, 65 young (133120K), 7 survivors (14336K)
 Metaspace       used 90316K, committed 91136K, reserved 1179648K
  class space    used 12313K, committed 12672K, reserved 1048576K
}
Event: 14.342 GC heap after
{Heap after GC invocations=26 (full 0):
 garbage-first heap   total 225280K, used 90563K [0x0000000705a00000, 0x0000000800000000)
  region size 2048K, 9 young (18432K), 9 survivors (18432K)
 Metaspace       used 90316K, committed 91136K, reserved 1179648K
  class space    used 12313K, committed 12672K, reserved 1048576K
}
Event: 14.432 GC heap before
{Heap before GC invocations=26 (full 0):
 garbage-first heap   total 225280K, used 195011K [0x0000000705a00000, 0x0000000800000000)
  region size 2048K, 59 young (120832K), 9 survivors (18432K)
 Metaspace       used 90316K, committed 91136K, reserved 1179648K
  class space    used 12313K, committed 12672K, reserved 1048576K
}

