# JRE version: Java(TM) SE Runtime Environment (21.0.1+12) (build 21.0.1+12-LTS-29)
# Java VM: Java HotSpot(TM) 64-Bit Server VM (21.0.1+12-LTS-29, mixed mode, sharing, tiered, compressed oops, compressed class ptrs, g1 gc, windows-amd64)
GC Precious Log:
 CardTable entry size: 512
 Card Set container configuration: InlinePtr #cards 4 size 8 Array Of Cards #cards 16 size 48 Howl #buckets 8 coarsen threshold 3686 Howl Bitmap #cards 512 size 80 coarsen threshold 460 Card regions per heap region 1 cards per card region 4096
 CPUs: 12 total, 12 available
 Memory: 16016M
 Large Page Support: Disabled
 NUMA Support: Disabled
 Compressed Oops: Enabled (Zero based)
 Heap Region Size: 2M
 Heap Min Capacity: 8M
 Heap Initial Capacity: 252M
 Heap Max Capacity: 4006M
 Pre-touch: Disabled
 Parallel Workers: 10
 Concurrent Workers: 3
 Concurrent Refinement Workers: 10
 Periodic GC: Disabled
Heap:
 garbage-first heap   total 393216K, used 106388K [0x0000000705a00000, 0x0000000800000000)
  region size 2048K, 5 young (10240K), 5 survivors (10240K)
 Metaspace       used 89398K, committed 90240K, reserved 1179648K
  class space    used 12089K, committed 12480K, reserved 1048576K
GC Heap History (20 events):
Event: 32.148 GC heap after
{Heap after GC invocations=25 (full 0):
 garbage-first heap   total 145408K, used 63392K [0x0000000705a00000, 0x0000000800000000)
  region size 2048K, 2 young (4096K), 2 survivors (4096K)
 Metaspace       used 87423K, committed 88256K, reserved 1179648K
  class space    used 11844K, committed 12224K, reserved 1048576K
}
Event: 32.462 GC heap before
{Heap before GC invocations=25 (full 0):
 garbage-first heap   total 145408K, used 128928K [0x0000000705a00000, 0x0000000800000000)
  region size 2048K, 34 young (69632K), 2 survivors (4096K)
 Metaspace       used 87423K, committed 88256K, reserved 1179648K
  class space    used 11844K, committed 12224K, reserved 1048576K
}
Event: 32.469 GC heap after
{Heap after GC invocations=26 (full 0):
 garbage-first heap   total 145408K, used 71155K [0x0000000705a00000, 0x0000000800000000)
  region size 2048K, 5 young (10240K), 5 survivors (10240K)
 Metaspace       used 87423K, committed 88256K, reserved 1179648K
  class space    used 11844K, committed 12224K, reserved 1048576K
}
Event: 32.584 GC heap before
{Heap before GC invocations=26 (full 0):
 garbage-first heap   total 145408K, used 124403K [0x0000000705a00000, 0x0000000800000000)
  region size 2048K, 31 young (63488K), 5 survivors (10240K)
 Metaspace       used 87423K, committed 88256K, reserved 1179648K
  class space    used 11844K, committed 12224K, reserved 1048576K
}
Event: 32.601 GC heap after
{Heap after GC invocations=27 (full 0):
 garbage-first heap   total 145408K, used 78892K [0x0000000705a00000, 0x0000000800000000)
  region size 2048K, 4 young (8192K), 4 survivors (8192K)
 Metaspace       used 87423K, committed 88256K, reserved 1179648K
  class space    used 11844K, committed 12224K, reserved 1048576K
}
Event: 32.702 GC heap before
{Heap before GC invocations=27 (full 0):
 garbage-first heap   total 145408K, used 125996K [0x0000000705a00000, 0x0000000800000000)
  region size 2048K, 27 young (55296K), 4 survivors (8192K)
 Metaspace       used 87423K, committed 88256K, reserved 1179648K
  class space    used 11844K, committed 12224K, reserved 1048576K
}
Event: 32.715 GC heap after
{Heap after GC invocations=28 (full 0):
 garbage-first heap   total 145408K, used 83426K [0x0000000705a00000, 0x0000000800000000)
  region size 2048K, 4 young (8192K), 4 survivors (8192K)
 Metaspace       used 87423K, committed 88256K, reserved 1179648K
  class space    used 11844K, committed 12224K, reserved 1048576K
}
Event: 32.850 GC heap before
{Heap before GC invocations=29 (full 0):
 garbage-first heap   total 188416K, used 122338K [0x0000000705a00000, 0x0000000800000000)
  region size 2048K, 23 young (47104K), 4 survivors (8192K)
 Metaspace       used 87423K, committed 88256K, reserved 1179648K
  class space    used 11844K, committed 12224K, reserved 1048576K
}
Event: 32.853 GC heap after
{Heap after GC invocations=30 (full 0):
 garbage-first heap   total 188416K, used 79453K [0x0000000705a00000, 0x0000000800000000)
  region size 2048K, 1 young (2048K), 1 survivors (2048K)
 Metaspace       used 87423K, committed 88256K, reserved 1179648K
  class space    used 11844K, committed 12224K, reserved 1048576K
}
Event: 33.144 GC heap before
{Heap before GC invocations=30 (full 0):
 garbage-first heap   total 188416K, used 161373K [0x0000000705a00000, 0x0000000800000000)
  region size 2048K, 41 young (83968K), 1 survivors (2048K)
 Metaspace       used 87871K, committed 88704K, reserved 1179648K
  class space    used 11890K, committed 12288K, reserved 1048576K
}
Event: 33.247 GC heap after
{Heap after GC invocations=31 (full 0):
 garbage-first heap   total 393216K, used 107381K [0x0000000705a00000, 0x0000000800000000)
  region size 2048K, 6 young (12288K), 6 survivors (12288K)
 Metaspace       used 87871K, committed 88704K, reserved 1179648K
  class space    used 11890K, committed 12288K, reserved 1048576K
}
Event: 34.256 GC heap before
{Heap before GC invocations=31 (full 0):
 garbage-first heap   total 393216K, used 316277K [0x0000000705a00000, 0x0000000800000000)
  region size 2048K, 107 young (219136K), 6 survivors (12288K)
 Metaspace       used 87874K, committed 88704K, reserved 1179648K
  class space    used 11890K, committed 12288K, reserved 1048576K
}
Event: 34.300 GC heap after
{Heap after GC invocations=32 (full 0):
 garbage-first heap   total 393216K, used 145072K [0x0000000705a00000, 0x0000000800000000)
  region size 2048K, 14 young (28672K), 14 survivors (28672K)
 Metaspace       used 87874K, committed 88704K, reserved 1179648K
  class space    used 11890K, committed 12288K, reserved 1048576K
}
Event: 34.675 GC heap before
{Heap before GC invocations=32 (full 0):
 garbage-first heap   total 393216K, used 302768K [0x0000000705a00000, 0x0000000800000000)
  region size 2048K, 91 young (186368K), 14 survivors (28672K)
 Metaspace       used 87879K, committed 88704K, reserved 1179648K
  class space    used 11890K, committed 12288K, reserved 1048576K
}
Event: 34.720 GC heap after
{Heap after GC invocations=33 (full 0):
 garbage-first heap   total 393216K, used 161618K [0x0000000705a00000, 0x0000000800000000)
  region size 2048K, 7 young (14336K), 7 survivors (14336K)
 Metaspace       used 87879K, committed 88704K, reserved 1179648K
  class space    used 11890K, committed 12288K, reserved 1048576K
}
Event: 35.273 GC heap before
{Heap before GC invocations=33 (full 0):
 garbage-first heap   total 393216K, used 319314K [0x0000000705a00000, 0x0000000800000000)
  region size 2048K, 84 young (172032K), 7 survivors (14336K)
 Metaspace       used 88563K, committed 89408K, reserved 1179648K
  class space    used 12009K, committed 12416K, reserved 1048576K
}
Event: 35.282 GC heap after
{Heap after GC invocations=34 (full 0):
 garbage-first heap   total 393216K, used 157867K [0x0000000705a00000, 0x0000000800000000)
  region size 2048K, 2 young (4096K), 2 survivors (4096K)
 Metaspace       used 88563K, committed 89408K, reserved 1179648K
  class space    used 12009K, committed 12416K, reserved 1048576K
}
Event: 35.727 GC heap before
{Heap before GC invocations=35 (full 0):
 garbage-first heap   total 393216K, used 311467K [0x0000000705a00000, 0x0000000800000000)
  region size 2048K, 85 young (174080K), 2 survivors (4096K)
 Metaspace       used 88617K, committed 89472K, reserved 1179648K
  class space    used 12016K, committed 12416K, reserved 1048576K
}
Event: 35.732 GC heap after
{Heap after GC invocations=36 (full 0):
 garbage-first heap   total 393216K, used 142221K [0x0000000705a00000, 0x0000000800000000)
  region size 2048K, 3 young (6144K), 3 survivors (6144K)
 Metaspace       used 88617K, committed 89472K, reserved 1179648K
  class space    used 12016K, committed 12416K, reserved 1048576K
}
Event: 36.805 GC heap before
{Heap before GC invocations=36 (full 0):
 garbage-first heap   total 393216K, used 328589K [0x0000000705a00000, 0x0000000800000000)
  region size 2048K, 94 young (192512K), 3 survivors (6144K)
 Metaspace       used 89398K, committed 90240K, reserved 1179648K
  class space    used 12089K, committed 12480K, reserved 1048576K
}

